19:57:29.901 [main                     ] DEBUG Logger               - Configured Logger
19:57:29.913 [main                     ] DEBUG GameApplication      - Logging settings
Title: Owl's Blood
Version: 0.1
Width: 800
Height: 600
Fullscreen: false
Intro: false
Profiling: false
Single step:false
App Mode: DEVELOPER
Menu Key: ESCAPE
Stage Style: DECORATED
Scene Factory: class com.almasb.fxgl.app.scene.SceneFactory

19:57:31.616 [JavaFX Application Thread] DEBUG FXGLApplication      - Initializing FXGL
19:57:31.620 [JavaFX Application Thread] INFO  Engine               - FXGL-21.1 (27.03.2024 07.52) on WINDOWS (J:24.0.1 FX:21)
19:57:31.620 [JavaFX Application Thread] DEBUG Engine               - JRE Vendor Name: Oracle Corporation
19:57:31.621 [JavaFX Application Thread] DEBUG Engine               - Running on OS: Windows 10 version 10.0
19:57:31.621 [JavaFX Application Thread] DEBUG Engine               - Architecture: amd64
19:57:31.621 [JavaFX Application Thread] INFO  Engine               - Source code and latest versions at: https://github.com/AlmasB/FXGL
19:57:31.621 [JavaFX Application Thread] INFO  Engine               -       Ask questions and discuss at: https://github.com/AlmasB/FXGL/discussions
19:57:31.621 [JavaFX Application Thread] INFO  Engine               -              Join the FXGL chat at: https://gitter.im/AlmasB/FXGL
19:57:31.821 [JavaFX Application Thread] DEBUG PrimaryStageWindow   - Creating a JavaFX scene
19:57:31.923 [JavaFX Application Thread] DEBUG PrimaryStageWindow   - Target settings size: 800.0 x 600.0
19:57:31.923 [JavaFX Application Thread] DEBUG PrimaryStageWindow   - Scaled scene size:    800.0 x 600.0
19:57:31.923 [JavaFX Application Thread] DEBUG PrimaryStageWindow   - Scaled ratio: (1.0, 1.0)
19:57:31.927 [JavaFX Application Thread] DEBUG PrimaryStageWindow   - Set initial scene to FXGLStartupScene
19:57:31.938 [JavaFX Application Thread] DEBUG PrimaryStageWindow   - Opening main window
19:57:32.079 [JavaFX Application Thread] DEBUG PrimaryStageWindow   - Window border size: (16.0, 39.0)
19:57:32.079 [JavaFX Application Thread] DEBUG PrimaryStageWindow   - Scaled size: 800.0 x 600.0
19:57:32.079 [JavaFX Application Thread] DEBUG PrimaryStageWindow   - Scaled ratio: (1.0, 1.0)
19:57:32.080 [JavaFX Application Thread] DEBUG PrimaryStageWindow   - Scene size: 800.0 x 600.0
19:57:32.080 [JavaFX Application Thread] DEBUG PrimaryStageWindow   - Stage size: 816.0 x 639.0
19:57:32.101 [FXGL Background Thread 1 ] DEBUG Engine               - Initializing environment variables
19:57:32.203 [FXGL Background Thread 1 ] DEBUG FXGLAssetLoaderServi - User app class for loading assets: class untitled4.GameApp
19:57:32.203 [FXGL Background Thread 1 ] DEBUG GameApplicationServi - Applying CSS: fxgl_dark.css
19:57:32.205 [FXGL Background Thread 1 ] DEBUG FXGLAssetLoaderServi - Loading from file system: jar:file:///C:/Users/zonda/.m2/repository/com/github/almasb/fxgl/21.1/fxgl-21.1.jar!/fxglassets/ui/css/fxgl_dark.css
19:57:32.337 [FXGL Background Thread 1 ] DEBUG GameApplicationServi - Initializing application scenes
19:57:32.485 [FXGL Background Thread 1 ] DEBUG GameWorld            - Game world initialized
19:57:32.625 [FXGL Background Thread 1 ] DEBUG PhysicsWorld         - Physics world initialized: appHeight=600, physics.ppm=50,0
19:57:32.626 [FXGL Background Thread 1 ] DEBUG PhysicsWorld         - Using strategy: BRUTE_FORCE
19:57:32.633 [FXGL Background Thread 1 ] DEBUG GameScene            - Game scene initialized: 800x600
19:57:32.656 [FXGL Background Thread 1 ] DEBUG FXGL.DefaultMenu     - createMenuBodyMainMenu()
19:57:32.688 [FXGL Background Thread 1 ] DEBUG FXGL.DefaultMenu     - createOptionsMenu()
19:57:32.713 [FXGL Background Thread 1 ] DEBUG FXGLAssetLoaderServi - Loading from file system: jar:file:///C:/Users/zonda/.m2/repository/com/github/almasb/fxgl/21.1/fxgl-21.1.jar!/fxglassets/textures/particles/smoke.png
19:57:32.885 [FXGL Background Thread 1 ] DEBUG FXGLAssetLoaderServi - Loading from file system: jar:file:///C:/Users/zonda/.m2/repository/com/github/almasb/fxgl/21.1/fxgl-21.1.jar!/fxglassets/textures/particles/trace_horizontal.png
19:57:32.944 [FXGL Background Thread 1 ] DEBUG FXGL.DefaultMenu     - createMenuBodyGameMenu()
19:57:32.949 [FXGL Background Thread 1 ] DEBUG FXGL.DefaultMenu     - createOptionsMenu()
19:57:32.985 [FXGL Background Thread 1 ] DEBUG GameApplicationServi - Application scenes initialized
19:57:33.011 [FXGL Background Thread 1 ] DEBUG SystemBundleService  - Loading FXGL system data
19:57:33.013 [FXGL Background Thread 1 ] DEBUG FileSystemAccess     - Reading from: C:\Users\zonda\IdeaProjects\untitled4\system\fxgl.bundle
19:57:33.018 [FXGL Background Thread 1 ] DEBUG SystemBundleService  - Bundle FXGL: {}
19:57:33.018 [FXGL Background Thread 1 ] DEBUG UpdaterService       - Checking for updates
19:57:33.026 [FXGL Background Thread 4 ] DEBUG FXGLApplication      - Loading fonts
19:57:33.027 [FXGL Background Thread 4 ] DEBUG FXGLAssetLoaderServi - Loading from file system: jar:file:///C:/Users/zonda/.m2/repository/com/github/almasb/fxgl/21.1/fxgl-21.1.jar!/fxglassets/ui/fonts/VarelaRound-Regular.ttf
19:57:33.027 [FXGL Background Thread 1 ] DEBUG FXGLApplication      - Loading default localization
19:57:33.028 [FXGL Background Thread 1 ] DEBUG FXGLAssetLoaderServi - Loading from file system: jar:file:///C:/Users/zonda/.m2/repository/com/github/almasb/fxgl/21.1/fxgl-21.1.jar!/fxglassets/languages/english.lang
19:57:33.063 [FXGL Background Thread 4 ] DEBUG FXGLAssetLoaderServi - Loading from file system: jar:file:///C:/Users/zonda/.m2/repository/com/github/almasb/fxgl/21.1/fxgl-21.1.jar!/fxglassets/ui/fonts/Abel-Regular.ttf
19:57:33.087 [FXGL Background Thread 1 ] INFO  FXGLApplication      - FXGL initialization took: 0,986 sec
19:57:33.090 [JavaFX Application Thread] DEBUG FXGLAssetLoaderServi - Loading from file system: jar:file:///C:/Users/zonda/.m2/repository/com/github/almasb/fxgl/21.1/fxgl-21.1.jar!/fxglassets/textures/fxgl_icon.png
19:57:33.119 [FXGL Background Thread 4 ] DEBUG FXGLAssetLoaderServi - Loading from file system: jar:file:///C:/Users/zonda/.m2/repository/com/github/almasb/fxgl/21.1/fxgl-21.1.jar!/fxglassets/ui/fonts/TerminalLandMono-Regular.otf
19:57:33.151 [FXGL Background Thread 4 ] DEBUG FXGLAssetLoaderServi - Loading from file system: jar:file:///C:/Users/zonda/.m2/repository/com/github/almasb/fxgl/21.1/fxgl-21.1.jar!/fxglassets/ui/fonts/Courier-Prime.ttf
19:57:33.169 [JavaFX Application Thread] DEBUG FXGLAssetLoaderServi - Loading from file system: jar:file:///C:/Users/zonda/.m2/repository/com/github/almasb/fxgl/21.1/fxgl-21.1.jar!/fxglassets/textures/fxgl_default_cursor.png
19:57:33.205 [JavaFX Application Thread] DEBUG Input                - Registered new binding: Screenshot - CTRL+8
19:57:33.209 [JavaFX Application Thread] DEBUG Input                - Registered new binding: System info dump - CTRL+9
19:57:33.211 [JavaFX Application Thread] DEBUG Input                - Registered new binding: Restart - CTRL+R
19:57:33.211 [JavaFX Application Thread] DEBUG Input                - Registered new binding: Toggle Debug Camera - CTRL+7
19:57:33.215 [JavaFX Application Thread] DEBUG LoopRunner           - Starting loop
19:57:33.216 [JavaFX Application Thread] DEBUG LoopRunner           - Initializing JavaFX AnimationTimerLoop
19:57:33.219 [JavaFX Application Thread] DEBUG Input                - Clearing active input actions
19:57:33.244 [JavaFX Application Thread] DEBUG GameApplicationServi - Removing overlay from FXGLStartupScene and adding to FXGLMainMenuDummyScene
19:57:33.245 [JavaFX Application Thread] DEBUG PrimaryStageWindow   - FXGLStartupScene -> FXGLMainMenuDummyScene
19:57:33.245 [JavaFX Application Thread] DEBUG PrimaryStageWindow   - Push state: FXGLDefaultMenu
19:57:33.253 [JavaFX Application Thread] DEBUG Input                - Clearing active input actions
19:57:33.271 [JavaFX Application Thread] DEBUG GameApplicationServi - Removing overlay from FXGLMainMenuDummyScene and adding to FXGLDefaultMenu
19:57:33.272 [JavaFX Application Thread] DEBUG PrimaryStageWindow   - FXGLMainMenuDummyScene -> FXGLDefaultMenu
19:57:33.273 [JavaFX Application Thread] DEBUG FXGLApplication      - Registering font factories with UI factory
19:57:36.046 [FXGL Background Thread 3 ] DEBUG Engine               - Logging environment variables
19:57:36.050 [FXGL Background Thread 3 ] DEBUG Engine               - achievements: []
19:57:36.050 [FXGL Background Thread 3 ] DEBUG Engine               - actualHeight: 600.0
19:57:36.204 [FXGL Background Thread 3 ] DEBUG Engine               - actualHeightProperty: ReadOnlyDoubleProperty [value: 600.0]
19:57:36.210 [FXGL Background Thread 3 ] DEBUG Engine               - actualWidth: 800.0
19:57:36.210 [FXGL Background Thread 3 ] DEBUG Engine               - actualWidthProperty: ReadOnlyDoubleProperty [value: 800.0]
19:57:36.210 [FXGL Background Thread 3 ] DEBUG Engine               - appIcon: fxgl_icon.png
19:57:36.210 [FXGL Background Thread 3 ] DEBUG Engine               - applicationMode: DEVELOPER
19:57:36.211 [FXGL Background Thread 3 ] DEBUG Engine               - cSSList: [fxgl_dark.css]
19:57:36.211 [FXGL Background Thread 3 ] DEBUG Engine               - collisionDetectionStrategy: BRUTE_FORCE
19:57:36.212 [FXGL Background Thread 3 ] DEBUG Engine               - configClass: Optional.empty
19:57:36.347 [FXGL Background Thread 3 ] DEBUG Engine               - credits: []
19:57:36.347 [FXGL Background Thread 3 ] DEBUG Engine               - defaultCursor: CursorInfo(imageName=fxgl_default_cursor.png, hotspotX=7.0, hotspotY=6.0)
19:57:36.364 [FXGL Background Thread 3 ] DEBUG Engine               - devBBoxColorProperty: ObjectProperty [value: 0xff0000ff]
19:57:36.364 [FXGL Background Thread 3 ] DEBUG Engine               - devEnableDebugCameraProperty: BooleanProperty [value: false]
19:57:36.365 [FXGL Background Thread 3 ] DEBUG Engine               - devSensorColorProperty: ObjectProperty [value: 0xffff00ff]
19:57:36.365 [FXGL Background Thread 3 ] DEBUG Engine               - devShowBBoxProperty: BooleanProperty [value: false]
19:57:36.400 [FXGL Background Thread 3 ] DEBUG Engine               - devShowPositionProperty: BooleanProperty [value: false]
19:57:36.401 [FXGL Background Thread 3 ] DEBUG Engine               - enabledMenuItems: []
19:57:36.401 [FXGL Background Thread 3 ] DEBUG Engine               - engineServices: [class com.almasb.fxgl.app.services.FXGLAssetLoaderService, class com.almasb.fxgl.app.FXGLApplication$GameApplicationService, class com.almasb.fxgl.app.services.FXGLDialogService, class com.almasb.fxgl.app.services.IOTaskExecutorService, class com.almasb.fxgl.io.FileSystemService, class com.almasb.fxgl.localization.LocalizationService, class com.almasb.fxgl.app.services.SystemBundleService, class com.almasb.fxgl.profile.SaveLoadService, class com.almasb.fxgl.ui.FXGLUIFactoryServiceProvider, class com.almasb.fxgl.ui.FXGLDialogFactoryServiceProvider, class com.almasb.fxgl.audio.AudioPlayer, class com.almasb.fxgl.notification.impl.NotificationServiceProvider, class com.almasb.fxgl.achievement.AchievementService, class com.almasb.fxgl.cutscene.CutsceneService, class com.almasb.fxgl.minigames.MiniGameService, class com.almasb.fxgl.net.NetService, class com.almasb.fxgl.app.services.UpdaterService, class com.almasb.fxgl.dev.DevService]
19:57:36.401 [FXGL Background Thread 3 ] DEBUG Engine               - fontGame: Abel-Regular.ttf
19:57:36.401 [FXGL Background Thread 3 ] DEBUG Engine               - fontMono: TerminalLandMono-Regular.otf
19:57:36.401 [FXGL Background Thread 3 ] DEBUG Engine               - fontSizeScaleUI: 1.0
19:57:36.401 [FXGL Background Thread 3 ] DEBUG Engine               - fontText: Courier-Prime.ttf
19:57:36.401 [FXGL Background Thread 3 ] DEBUG Engine               - fontUI: VarelaRound-Regular.ttf
19:57:36.402 [FXGL Background Thread 3 ] DEBUG Engine               - fullScreen: BooleanProperty [value: false]
19:57:36.402 [FXGL Background Thread 3 ] DEBUG Engine               - gameDifficulty: MEDIUM
19:57:36.402 [FXGL Background Thread 3 ] DEBUG Engine               - gameDifficultyProperty: ObjectProperty [value: MEDIUM]
19:57:36.402 [FXGL Background Thread 3 ] DEBUG Engine               - globalMusicVolume: 0.5
19:57:36.402 [FXGL Background Thread 3 ] DEBUG Engine               - globalMusicVolumeProperty: DoubleProperty [value: 0.5]
19:57:36.402 [FXGL Background Thread 3 ] DEBUG Engine               - globalSoundVolume: 0.5
19:57:36.402 [FXGL Background Thread 3 ] DEBUG Engine               - globalSoundVolumeProperty: DoubleProperty [value: 0.5]
19:57:36.402 [FXGL Background Thread 3 ] DEBUG Engine               - height: 600
19:57:36.402 [FXGL Background Thread 3 ] DEBUG Engine               - is3D: false
19:57:36.402 [FXGL Background Thread 3 ] DEBUG Engine               - isAndroid: false
19:57:36.403 [FXGL Background Thread 3 ] DEBUG Engine               - isBrowser: false
19:57:36.404 [FXGL Background Thread 3 ] DEBUG Engine               - isClickFeedbackEnabled: false
19:57:36.405 [FXGL Background Thread 3 ] DEBUG Engine               - isCloseConfirmation: false
19:57:36.405 [FXGL Background Thread 3 ] DEBUG Engine               - isDesktop: true
19:57:36.405 [FXGL Background Thread 3 ] DEBUG Engine               - isDeveloperMenuEnabled: false
19:57:36.405 [FXGL Background Thread 3 ] DEBUG Engine               - isEmbedded: false
19:57:36.405 [FXGL Background Thread 3 ] DEBUG Engine               - isEntityPreloadEnabled: true
19:57:36.405 [FXGL Background Thread 3 ] DEBUG Engine               - isExperimentalTiledLargeMap: false
19:57:36.409 [FXGL Background Thread 3 ] DEBUG Engine               - isFileSystemWriteAllowed: true
19:57:36.409 [FXGL Background Thread 3 ] DEBUG Engine               - isFullScreenAllowed: false
19:57:36.409 [FXGL Background Thread 3 ] DEBUG Engine               - isFullScreenFromStart: false
19:57:36.409 [FXGL Background Thread 3 ] DEBUG Engine               - isGameMenuEnabled: true
19:57:36.409 [FXGL Background Thread 3 ] DEBUG Engine               - isIOS: false
19:57:36.409 [FXGL Background Thread 3 ] DEBUG Engine               - isIntroEnabled: false
19:57:36.410 [FXGL Background Thread 3 ] DEBUG Engine               - isLinux: false
19:57:36.410 [FXGL Background Thread 3 ] DEBUG Engine               - isMac: false
19:57:36.410 [FXGL Background Thread 3 ] DEBUG Engine               - isMainMenuEnabled: true
19:57:36.410 [FXGL Background Thread 3 ] DEBUG Engine               - isManualResizeEnabled: false
19:57:36.410 [FXGL Background Thread 3 ] DEBUG Engine               - isMobile: false
19:57:36.410 [FXGL Background Thread 3 ] DEBUG Engine               - isNative: false
19:57:36.410 [FXGL Background Thread 3 ] DEBUG Engine               - isPauseMusicWhenMinimized: true
19:57:36.410 [FXGL Background Thread 3 ] DEBUG Engine               - isPreserveResizeRatio: false
19:57:36.410 [FXGL Background Thread 3 ] DEBUG Engine               - isProfilingEnabled: false
19:57:36.411 [FXGL Background Thread 3 ] DEBUG Engine               - isScaleAffectedOnResize: true
19:57:36.411 [FXGL Background Thread 3 ] DEBUG Engine               - isSingleStep: false
19:57:36.411 [FXGL Background Thread 3 ] DEBUG Engine               - isUserProfileEnabled: false
19:57:36.411 [FXGL Background Thread 3 ] DEBUG Engine               - isWindows: true
19:57:36.411 [FXGL Background Thread 3 ] DEBUG Engine               - language: ObjectProperty [value: ENGLISH]
19:57:36.411 [FXGL Background Thread 3 ] DEBUG Engine               - menuKey: ESCAPE
19:57:36.411 [FXGL Background Thread 3 ] DEBUG Engine               - mouseSensitivity: 0.2
19:57:36.411 [FXGL Background Thread 3 ] DEBUG Engine               - notificationViewClass: class com.almasb.fxgl.notification.view.XboxNotificationView
19:57:36.411 [FXGL Background Thread 3 ] DEBUG Engine               - pixelsPerMeter: 50.0
19:57:36.411 [FXGL Background Thread 3 ] DEBUG Engine               - platform: WINDOWS
19:57:36.411 [FXGL Background Thread 3 ] DEBUG Engine               - prefHeightProperty: ReadOnlyDoubleProperty [value: 600.0]
19:57:36.411 [FXGL Background Thread 3 ] DEBUG Engine               - prefWidthProperty: ReadOnlyDoubleProperty [value: 800.0]
19:57:36.412 [FXGL Background Thread 3 ] DEBUG Engine               - profileDir: profiles/
19:57:36.412 [FXGL Background Thread 3 ] DEBUG Engine               - profileName: StringProperty [value: DEFAULT]
19:57:36.412 [FXGL Background Thread 3 ] DEBUG Engine               - randomSeed: -1
19:57:36.417 [FXGL Background Thread 3 ] DEBUG Engine               - runtimeInfo: RuntimeInfo(platform=WINDOWS, version=21.1, build=27.03.2024 07.52)
19:57:36.419 [FXGL Background Thread 3 ] DEBUG Engine               - saveFileExt: sav
19:57:36.420 [FXGL Background Thread 3 ] DEBUG Engine               - scaledHeightProp$fxgl: DoubleProperty [bound, value: 600.0]
19:57:36.420 [FXGL Background Thread 3 ] DEBUG Engine               - scaledWidthProp$fxgl: DoubleProperty [bound, value: 800.0]
19:57:36.420 [FXGL Background Thread 3 ] DEBUG Engine               - sceneFactory: com.almasb.fxgl.app.scene.SceneFactory@65f1ddb
19:57:36.420 [FXGL Background Thread 3 ] DEBUG Engine               - secondsIn24h: 60
19:57:36.420 [FXGL Background Thread 3 ] DEBUG Engine               - soundMenuBack: menu/back.wav
19:57:36.420 [FXGL Background Thread 3 ] DEBUG Engine               - soundMenuPress: menu/press.wav
19:57:36.420 [FXGL Background Thread 3 ] DEBUG Engine               - soundMenuSelect: menu/select.wav
19:57:36.420 [FXGL Background Thread 3 ] DEBUG Engine               - soundNotification: core/notification.wav
19:57:36.420 [FXGL Background Thread 3 ] DEBUG Engine               - stageStyle: DECORATED
19:57:36.421 [FXGL Background Thread 3 ] DEBUG Engine               - supportedLanguages: [ENGLISH, FRENCH, GERMAN, HUNGARIAN, RUSSIAN]
19:57:36.421 [FXGL Background Thread 3 ] DEBUG Engine               - ticksPerSecond: -1
19:57:36.421 [FXGL Background Thread 3 ] DEBUG Engine               - title: Owl's Blood
19:57:36.421 [FXGL Background Thread 3 ] DEBUG Engine               - urlGithub: https://github.com/AlmasB/FXGL
19:57:36.421 [FXGL Background Thread 3 ] DEBUG Engine               - urlLeaderboard: http://fxgl-top.herokuapp.com/
19:57:36.421 [FXGL Background Thread 3 ] DEBUG Engine               - urlPOM: https://raw.githubusercontent.com/AlmasB/FXGL/release/README.md
19:57:36.421 [FXGL Background Thread 3 ] DEBUG Engine               - userAppClass: class untitled4.GameApp
19:57:36.421 [FXGL Background Thread 3 ] DEBUG Engine               - version: 0.1
19:57:36.421 [FXGL Background Thread 3 ] DEBUG Engine               - versionCheckDays: 7
19:57:36.421 [FXGL Background Thread 3 ] DEBUG Engine               - width: 800
19:57:36.421 [FXGL Background Thread 3 ] DEBUG Engine               - Logging services
19:57:36.421 [FXGL Background Thread 3 ] DEBUG Engine               - class com.almasb.fxgl.app.services.FXGLAssetLoaderService
19:57:36.421 [FXGL Background Thread 3 ] DEBUG Engine               - class com.almasb.fxgl.app.FXGLApplication$GameApplicationService
19:57:36.421 [FXGL Background Thread 3 ] DEBUG Engine               - class com.almasb.fxgl.app.services.FXGLDialogService
19:57:36.422 [FXGL Background Thread 3 ] DEBUG Engine               - class com.almasb.fxgl.app.services.IOTaskExecutorService
19:57:36.422 [FXGL Background Thread 3 ] DEBUG Engine               - class com.almasb.fxgl.io.FileSystemService
19:57:36.422 [FXGL Background Thread 3 ] DEBUG Engine               - class com.almasb.fxgl.localization.LocalizationService
19:57:36.422 [FXGL Background Thread 3 ] DEBUG Engine               - class com.almasb.fxgl.app.services.SystemBundleService
19:57:36.422 [FXGL Background Thread 3 ] DEBUG Engine               - class com.almasb.fxgl.profile.SaveLoadService
19:57:36.422 [FXGL Background Thread 3 ] DEBUG Engine               - class com.almasb.fxgl.ui.FXGLUIFactoryServiceProvider
19:57:36.424 [FXGL Background Thread 3 ] DEBUG Engine               - class com.almasb.fxgl.ui.FXGLDialogFactoryServiceProvider
19:57:36.424 [FXGL Background Thread 3 ] DEBUG Engine               - class com.almasb.fxgl.audio.AudioPlayer
19:57:36.426 [FXGL Background Thread 3 ] DEBUG Engine               - class com.almasb.fxgl.notification.impl.NotificationServiceProvider
19:57:36.426 [FXGL Background Thread 3 ] DEBUG Engine               - class com.almasb.fxgl.achievement.AchievementService
19:57:36.426 [FXGL Background Thread 3 ] DEBUG Engine               - class com.almasb.fxgl.cutscene.CutsceneService
19:57:36.426 [FXGL Background Thread 3 ] DEBUG Engine               - class com.almasb.fxgl.minigames.MiniGameService
19:57:36.426 [FXGL Background Thread 3 ] DEBUG Engine               - class com.almasb.fxgl.net.NetService
19:57:36.426 [FXGL Background Thread 3 ] DEBUG Engine               - class com.almasb.fxgl.app.services.UpdaterService
19:57:36.426 [FXGL Background Thread 3 ] DEBUG Engine               - class com.almasb.fxgl.dev.DevService
19:57:37.442 [JavaFX Application Thread] DEBUG Menu                 - fireNewGame()
19:57:37.443 [JavaFX Application Thread] DEBUG GameApplicationServi - Starting new game
19:57:37.446 [JavaFX Application Thread] DEBUG PrimaryStageWindow   - Pop state: FXGLDefaultMenu
19:57:37.446 [JavaFX Application Thread] DEBUG Input                - Clearing active input actions
19:57:37.448 [JavaFX Application Thread] DEBUG GameApplicationServi - Removing overlay from FXGLDefaultMenu and adding to FXGLMainMenuDummyScene
19:57:37.448 [JavaFX Application Thread] DEBUG PrimaryStageWindow   - FXGLMainMenuDummyScene <- FXGLDefaultMenu
19:57:37.449 [JavaFX Application Thread] DEBUG Input                - Clearing active input actions
19:57:37.465 [JavaFX Application Thread] DEBUG GameApplicationServi - Removing overlay from FXGLMainMenuDummyScene and adding to FXGLLoadingScene
19:57:37.466 [JavaFX Application Thread] DEBUG PrimaryStageWindow   - FXGLMainMenuDummyScene -> FXGLLoadingScene
19:57:37.466 [JavaFX Application Thread] DEBUG GameApplicationServi - Clearing previous game
19:57:37.466 [JavaFX Application Thread] DEBUG GameScene            - Clearing game scene
19:57:37.466 [JavaFX Application Thread] DEBUG GameWorld            - Clearing game world
19:57:37.466 [JavaFX Application Thread] DEBUG PhysicsWorld         - Clearing physics world
19:57:37.470 [FXGL Background Thread 2 ] DEBUG FXGLApplication      - Initializing game
19:57:37.495 [FXGL Background Thread 2 ] WARN  FXGLAssetLoaderServi - Asset "/assets/textures/assets/textures/player/Idle.png" was not found!
19:57:37.495 [FXGL Background Thread 2 ] WARN  FXGLAssetLoaderServi - Failed to load IMAGE
19:57:37.548 [FXGL Background Thread 2 ] INFO  FXGLApplication      - Game initialization took: 0,077 sec
19:57:37.549 [JavaFX Application Thread] DEBUG Input                - Clearing active input actions
19:57:37.562 [JavaFX Application Thread] DEBUG GameApplicationServi - Removing overlay from FXGLLoadingScene and adding to GameScene
19:57:37.563 [JavaFX Application Thread] DEBUG PrimaryStageWindow   - FXGLLoadingScene -> GameScene
19:57:47.229 [JavaFX Application Thread] DEBUG FXGLApplication      - Exiting FXGL
19:57:47.230 [JavaFX Application Thread] DEBUG LoopRunner           - Stopping loop
19:57:47.230 [JavaFX Application Thread] DEBUG SystemBundleService  - Saving FXGL system data
19:57:47.232 [JavaFX Application Thread] DEBUG FileSystemAccess     - Writing to: C:\Users\zonda\IdeaProjects\untitled4\system\fxgl.bundle
19:57:47.234 [JavaFX Application Thread] DEBUG Async                - Shutting down background threads
19:57:47.234 [JavaFX Application Thread] DEBUG PrimaryStageWindow   - Closing main window
19:57:47.261 [JavaFX Application Thread] DEBUG Logger               - Closing Logger
