13:01:02.630 [main                     ] DEBUG Logger               - Configured Logger
13:01:02.639 [main                     ] DEBUG GameApplication      - Logging settings
Title: Owl's Blood
Version: 0.1
Width: 800
Height: 600
Fullscreen: false
Intro: false
Profiling: false
Single step:false
App Mode: DEVELOPER
Menu Key: ESCAPE
Stage Style: DECORATED
Scene Factory: class com.almasb.fxgl.app.scene.SceneFactory

13:01:03.526 [JavaFX Application Thread] DEBUG FXGLApplication      - Initializing FXGL
13:01:03.532 [JavaFX Application Thread] INFO  Engine               - FXGL-21.1 (27.03.2024 07.52) on WINDOWS (J:24.0.1 FX:21)
13:01:03.532 [JavaFX Application Thread] DEBUG Engine               - JRE Vendor Name: Oracle Corporation
13:01:03.533 [JavaFX Application Thread] DEBUG Engine               - Running on OS: Windows 11 version 10.0
13:01:03.533 [JavaFX Application Thread] DEBUG Engine               - Architecture: amd64
13:01:03.533 [JavaFX Application Thread] INFO  Engine               - Source code and latest versions at: https://github.com/AlmasB/FXGL
13:01:03.533 [JavaFX Application Thread] INFO  Engine               -       Ask questions and discuss at: https://github.com/AlmasB/FXGL/discussions
13:01:03.533 [JavaFX Application Thread] INFO  Engine               -              Join the FXGL chat at: https://gitter.im/AlmasB/FXGL
13:01:03.786 [JavaFX Application Thread] DEBUG PrimaryStageWindow   - Creating a JavaFX scene
13:01:03.885 [JavaFX Application Thread] DEBUG PrimaryStageWindow   - Target settings size: 800.0 x 600.0
13:01:03.886 [JavaFX Application Thread] DEBUG PrimaryStageWindow   - Scaled scene size:    800.0 x 600.0
13:01:03.886 [JavaFX Application Thread] DEBUG PrimaryStageWindow   - Scaled ratio: (1.0, 1.0)
13:01:03.888 [JavaFX Application Thread] DEBUG PrimaryStageWindow   - Set initial scene to FXGLStartupScene
13:01:03.895 [JavaFX Application Thread] DEBUG PrimaryStageWindow   - Opening main window
13:01:04.134 [JavaFX Application Thread] DEBUG PrimaryStageWindow   - Window border size: (14.66668701171875, 37.33331298828125)
13:01:04.134 [JavaFX Application Thread] DEBUG PrimaryStageWindow   - Scaled size: 800.0 x 600.0
13:01:04.136 [JavaFX Application Thread] DEBUG PrimaryStageWindow   - Scaled ratio: (1.0, 1.0)
13:01:04.136 [JavaFX Application Thread] DEBUG PrimaryStageWindow   - Scene size: 800.0 x 600.0
13:01:04.138 [JavaFX Application Thread] DEBUG PrimaryStageWindow   - Stage size: 814.6666870117188 x 637.3333129882812
13:01:04.159 [FXGL Background Thread 1 ] DEBUG Engine               - Initializing environment variables
13:01:04.323 [FXGL Background Thread 1 ] DEBUG FXGLAssetLoaderServi - User app class for loading assets: class untitled4.GameApp
13:01:04.324 [FXGL Background Thread 1 ] DEBUG GameApplicationServi - Applying CSS: fxgl_dark.css
13:01:04.328 [FXGL Background Thread 1 ] DEBUG FXGLAssetLoaderServi - Loading from file system: jar:file:///C:/Users/пк/.m2/repository/com/github/almasb/fxgl/21.1/fxgl-21.1.jar!/fxglassets/ui/css/fxgl_dark.css
13:01:04.501 [FXGL Background Thread 1 ] DEBUG GameApplicationServi - Initializing application scenes
13:01:04.617 [FXGL Background Thread 1 ] DEBUG GameWorld            - Game world initialized
13:01:04.782 [FXGL Background Thread 1 ] DEBUG PhysicsWorld         - Physics world initialized: appHeight=600, physics.ppm=50,0
13:01:04.783 [FXGL Background Thread 1 ] DEBUG PhysicsWorld         - Using strategy: BRUTE_FORCE
13:01:04.789 [FXGL Background Thread 1 ] DEBUG GameScene            - Game scene initialized: 800x600
13:01:04.813 [FXGL Background Thread 1 ] DEBUG FXGL.DefaultMenu     - createMenuBodyMainMenu()
13:01:04.845 [FXGL Background Thread 1 ] DEBUG FXGL.DefaultMenu     - createOptionsMenu()
13:01:04.871 [FXGL Background Thread 1 ] DEBUG FXGLAssetLoaderServi - Loading from file system: jar:file:///C:/Users/пк/.m2/repository/com/github/almasb/fxgl/21.1/fxgl-21.1.jar!/fxglassets/textures/particles/smoke.png
13:01:05.099 [FXGL Background Thread 1 ] DEBUG FXGLAssetLoaderServi - Loading from file system: jar:file:///C:/Users/пк/.m2/repository/com/github/almasb/fxgl/21.1/fxgl-21.1.jar!/fxglassets/textures/particles/trace_horizontal.png
13:01:05.165 [FXGL Background Thread 1 ] DEBUG FXGL.DefaultMenu     - createMenuBodyGameMenu()
13:01:05.167 [FXGL Background Thread 1 ] DEBUG FXGL.DefaultMenu     - createOptionsMenu()
13:01:05.195 [FXGL Background Thread 1 ] DEBUG GameApplicationServi - Application scenes initialized
13:01:05.216 [FXGL Background Thread 1 ] DEBUG SystemBundleService  - Loading FXGL system data
13:01:05.220 [FXGL Background Thread 1 ] DEBUG FileSystemAccess     - Reading from: C:\Users\пк\IdeaProjects\Kursova1.1\system\fxgl.bundle
13:01:05.224 [FXGL Background Thread 1 ] DEBUG SystemBundleService  - Bundle FXGL: {}
13:01:05.224 [FXGL Background Thread 1 ] DEBUG UpdaterService       - Checking for updates
13:01:05.239 [FXGL Background Thread 4 ] DEBUG FXGLApplication      - Loading fonts
13:01:05.239 [FXGL Background Thread 4 ] DEBUG FXGLAssetLoaderServi - Loading from file system: jar:file:///C:/Users/пк/.m2/repository/com/github/almasb/fxgl/21.1/fxgl-21.1.jar!/fxglassets/ui/fonts/VarelaRound-Regular.ttf
13:01:05.241 [FXGL Background Thread 1 ] DEBUG FXGLApplication      - Loading default localization
13:01:05.242 [FXGL Background Thread 1 ] DEBUG FXGLAssetLoaderServi - Loading from file system: jar:file:///C:/Users/пк/.m2/repository/com/github/almasb/fxgl/21.1/fxgl-21.1.jar!/fxglassets/languages/english.lang
13:01:05.284 [FXGL Background Thread 4 ] DEBUG FXGLAssetLoaderServi - Loading from file system: jar:file:///C:/Users/пк/.m2/repository/com/github/almasb/fxgl/21.1/fxgl-21.1.jar!/fxglassets/ui/fonts/Abel-Regular.ttf
13:01:05.312 [FXGL Background Thread 4 ] DEBUG FXGLAssetLoaderServi - Loading from file system: jar:file:///C:/Users/пк/.m2/repository/com/github/almasb/fxgl/21.1/fxgl-21.1.jar!/fxglassets/ui/fonts/TerminalLandMono-Regular.otf
13:01:05.340 [FXGL Background Thread 4 ] DEBUG FXGLAssetLoaderServi - Loading from file system: jar:file:///C:/Users/пк/.m2/repository/com/github/almasb/fxgl/21.1/fxgl-21.1.jar!/fxglassets/ui/fonts/Courier-Prime.ttf
13:01:05.342 [FXGL Background Thread 1 ] INFO  FXGLApplication      - FXGL initialization took: 1,183 sec
13:01:05.345 [JavaFX Application Thread] DEBUG FXGLAssetLoaderServi - Loading from file system: jar:file:///C:/Users/пк/.m2/repository/com/github/almasb/fxgl/21.1/fxgl-21.1.jar!/fxglassets/textures/fxgl_icon.png
13:01:05.408 [JavaFX Application Thread] DEBUG FXGLAssetLoaderServi - Loading from file system: jar:file:///C:/Users/пк/.m2/repository/com/github/almasb/fxgl/21.1/fxgl-21.1.jar!/fxglassets/textures/fxgl_default_cursor.png
13:01:05.432 [JavaFX Application Thread] DEBUG Input                - Registered new binding: Screenshot - CTRL+8
13:01:05.433 [JavaFX Application Thread] DEBUG Input                - Registered new binding: System info dump - CTRL+9
13:01:05.434 [JavaFX Application Thread] DEBUG Input                - Registered new binding: Restart - CTRL+R
13:01:05.435 [JavaFX Application Thread] DEBUG Input                - Registered new binding: Toggle Debug Camera - CTRL+7
13:01:05.450 [JavaFX Application Thread] DEBUG LoopRunner           - Starting loop
13:01:05.450 [JavaFX Application Thread] DEBUG LoopRunner           - Initializing JavaFX AnimationTimerLoop
13:01:05.470 [JavaFX Application Thread] DEBUG Input                - Clearing active input actions
13:01:05.486 [JavaFX Application Thread] DEBUG GameApplicationServi - Removing overlay from FXGLStartupScene and adding to FXGLMainMenuDummyScene
13:01:05.487 [JavaFX Application Thread] DEBUG PrimaryStageWindow   - FXGLStartupScene -> FXGLMainMenuDummyScene
13:01:05.488 [JavaFX Application Thread] DEBUG PrimaryStageWindow   - Push state: FXGLDefaultMenu
13:01:05.529 [JavaFX Application Thread] DEBUG Input                - Clearing active input actions
13:01:05.561 [JavaFX Application Thread] DEBUG GameApplicationServi - Removing overlay from FXGLMainMenuDummyScene and adding to FXGLDefaultMenu
13:01:05.563 [JavaFX Application Thread] DEBUG PrimaryStageWindow   - FXGLMainMenuDummyScene -> FXGLDefaultMenu
13:01:05.564 [JavaFX Application Thread] DEBUG FXGLApplication      - Registering font factories with UI factory
13:01:08.232 [FXGL Background Thread 3 ] DEBUG Engine               - Logging environment variables
13:01:08.233 [FXGL Background Thread 3 ] DEBUG Engine               - achievements: []
13:01:08.233 [FXGL Background Thread 3 ] DEBUG Engine               - actualHeight: 600.0
13:01:08.233 [FXGL Background Thread 3 ] DEBUG Engine               - actualHeightProperty: ReadOnlyDoubleProperty [value: 600.0]
13:01:08.233 [FXGL Background Thread 3 ] DEBUG Engine               - actualWidth: 800.0
13:01:08.233 [FXGL Background Thread 3 ] DEBUG Engine               - actualWidthProperty: ReadOnlyDoubleProperty [value: 800.0]
13:01:08.234 [FXGL Background Thread 3 ] DEBUG Engine               - appIcon: fxgl_icon.png
13:01:08.234 [FXGL Background Thread 3 ] DEBUG Engine               - applicationMode: DEVELOPER
13:01:08.234 [FXGL Background Thread 3 ] DEBUG Engine               - cSSList: [fxgl_dark.css]
13:01:08.234 [FXGL Background Thread 3 ] DEBUG Engine               - collisionDetectionStrategy: BRUTE_FORCE
13:01:08.234 [FXGL Background Thread 3 ] DEBUG Engine               - configClass: Optional.empty
13:01:08.234 [FXGL Background Thread 3 ] DEBUG Engine               - credits: []
13:01:08.235 [FXGL Background Thread 3 ] DEBUG Engine               - defaultCursor: CursorInfo(imageName=fxgl_default_cursor.png, hotspotX=7.0, hotspotY=6.0)
13:01:08.235 [FXGL Background Thread 3 ] DEBUG Engine               - devBBoxColorProperty: ObjectProperty [value: 0xff0000ff]
13:01:08.235 [FXGL Background Thread 3 ] DEBUG Engine               - devEnableDebugCameraProperty: BooleanProperty [value: false]
13:01:08.236 [FXGL Background Thread 3 ] DEBUG Engine               - devSensorColorProperty: ObjectProperty [value: 0xffff00ff]
13:01:08.236 [FXGL Background Thread 3 ] DEBUG Engine               - devShowBBoxProperty: BooleanProperty [value: false]
13:01:08.236 [FXGL Background Thread 3 ] DEBUG Engine               - devShowPositionProperty: BooleanProperty [value: false]
13:01:08.236 [FXGL Background Thread 3 ] DEBUG Engine               - enabledMenuItems: []
13:01:08.236 [FXGL Background Thread 3 ] DEBUG Engine               - engineServices: [class com.almasb.fxgl.app.services.FXGLAssetLoaderService, class com.almasb.fxgl.app.FXGLApplication$GameApplicationService, class com.almasb.fxgl.app.services.FXGLDialogService, class com.almasb.fxgl.app.services.IOTaskExecutorService, class com.almasb.fxgl.io.FileSystemService, class com.almasb.fxgl.localization.LocalizationService, class com.almasb.fxgl.app.services.SystemBundleService, class com.almasb.fxgl.profile.SaveLoadService, class com.almasb.fxgl.ui.FXGLUIFactoryServiceProvider, class com.almasb.fxgl.ui.FXGLDialogFactoryServiceProvider, class com.almasb.fxgl.audio.AudioPlayer, class com.almasb.fxgl.notification.impl.NotificationServiceProvider, class com.almasb.fxgl.achievement.AchievementService, class com.almasb.fxgl.cutscene.CutsceneService, class com.almasb.fxgl.minigames.MiniGameService, class com.almasb.fxgl.net.NetService, class com.almasb.fxgl.app.services.UpdaterService, class com.almasb.fxgl.dev.DevService]
13:01:08.237 [FXGL Background Thread 3 ] DEBUG Engine               - fontGame: Abel-Regular.ttf
13:01:08.237 [FXGL Background Thread 3 ] DEBUG Engine               - fontMono: TerminalLandMono-Regular.otf
13:01:08.237 [FXGL Background Thread 3 ] DEBUG Engine               - fontSizeScaleUI: 1.0
13:01:08.237 [FXGL Background Thread 3 ] DEBUG Engine               - fontText: Courier-Prime.ttf
13:01:08.237 [FXGL Background Thread 3 ] DEBUG Engine               - fontUI: VarelaRound-Regular.ttf
13:01:08.237 [FXGL Background Thread 3 ] DEBUG Engine               - fullScreen: BooleanProperty [value: false]
13:01:08.237 [FXGL Background Thread 3 ] DEBUG Engine               - gameDifficulty: MEDIUM
13:01:08.237 [FXGL Background Thread 3 ] DEBUG Engine               - gameDifficultyProperty: ObjectProperty [value: MEDIUM]
13:01:08.237 [FXGL Background Thread 3 ] DEBUG Engine               - globalMusicVolume: 0.5
13:01:08.239 [FXGL Background Thread 3 ] DEBUG Engine               - globalMusicVolumeProperty: DoubleProperty [value: 0.5]
13:01:08.239 [FXGL Background Thread 3 ] DEBUG Engine               - globalSoundVolume: 0.5
13:01:08.239 [FXGL Background Thread 3 ] DEBUG Engine               - globalSoundVolumeProperty: DoubleProperty [value: 0.5]
13:01:08.239 [FXGL Background Thread 3 ] DEBUG Engine               - height: 600
13:01:08.239 [FXGL Background Thread 3 ] DEBUG Engine               - is3D: false
13:01:08.240 [FXGL Background Thread 3 ] DEBUG Engine               - isAndroid: false
13:01:08.240 [FXGL Background Thread 3 ] DEBUG Engine               - isBrowser: false
13:01:08.240 [FXGL Background Thread 3 ] DEBUG Engine               - isClickFeedbackEnabled: false
13:01:08.240 [FXGL Background Thread 3 ] DEBUG Engine               - isCloseConfirmation: false
13:01:08.240 [FXGL Background Thread 3 ] DEBUG Engine               - isDesktop: true
13:01:08.241 [FXGL Background Thread 3 ] DEBUG Engine               - isDeveloperMenuEnabled: false
13:01:08.241 [FXGL Background Thread 3 ] DEBUG Engine               - isEmbedded: false
13:01:08.241 [FXGL Background Thread 3 ] DEBUG Engine               - isEntityPreloadEnabled: true
13:01:08.242 [FXGL Background Thread 3 ] DEBUG Engine               - isExperimentalTiledLargeMap: false
13:01:08.242 [FXGL Background Thread 3 ] DEBUG Engine               - isFileSystemWriteAllowed: true
13:01:08.242 [FXGL Background Thread 3 ] DEBUG Engine               - isFullScreenAllowed: false
13:01:08.243 [FXGL Background Thread 3 ] DEBUG Engine               - isFullScreenFromStart: false
13:01:08.243 [FXGL Background Thread 3 ] DEBUG Engine               - isGameMenuEnabled: true
13:01:08.243 [FXGL Background Thread 3 ] DEBUG Engine               - isIOS: false
13:01:08.243 [FXGL Background Thread 3 ] DEBUG Engine               - isIntroEnabled: false
13:01:08.244 [FXGL Background Thread 3 ] DEBUG Engine               - isLinux: false
13:01:08.244 [FXGL Background Thread 3 ] DEBUG Engine               - isMac: false
13:01:08.244 [FXGL Background Thread 3 ] DEBUG Engine               - isMainMenuEnabled: true
13:01:08.245 [FXGL Background Thread 3 ] DEBUG Engine               - isManualResizeEnabled: false
13:01:08.245 [FXGL Background Thread 3 ] DEBUG Engine               - isMobile: false
13:01:08.245 [FXGL Background Thread 3 ] DEBUG Engine               - isNative: false
13:01:08.245 [FXGL Background Thread 3 ] DEBUG Engine               - isPauseMusicWhenMinimized: true
13:01:08.246 [FXGL Background Thread 3 ] DEBUG Engine               - isPreserveResizeRatio: false
13:01:08.246 [FXGL Background Thread 3 ] DEBUG Engine               - isProfilingEnabled: false
13:01:08.246 [FXGL Background Thread 3 ] DEBUG Engine               - isScaleAffectedOnResize: true
13:01:08.246 [FXGL Background Thread 3 ] DEBUG Engine               - isSingleStep: false
13:01:08.247 [FXGL Background Thread 3 ] DEBUG Engine               - isUserProfileEnabled: false
13:01:08.247 [FXGL Background Thread 3 ] DEBUG Engine               - isWindows: true
13:01:08.247 [FXGL Background Thread 3 ] DEBUG Engine               - language: ObjectProperty [value: ENGLISH]
13:01:08.248 [FXGL Background Thread 3 ] DEBUG Engine               - menuKey: ESCAPE
13:01:08.248 [FXGL Background Thread 3 ] DEBUG Engine               - mouseSensitivity: 0.2
13:01:08.248 [FXGL Background Thread 3 ] DEBUG Engine               - notificationViewClass: class com.almasb.fxgl.notification.view.XboxNotificationView
13:01:08.249 [FXGL Background Thread 3 ] DEBUG Engine               - pixelsPerMeter: 50.0
13:01:08.249 [FXGL Background Thread 3 ] DEBUG Engine               - platform: WINDOWS
13:01:08.250 [FXGL Background Thread 3 ] DEBUG Engine               - prefHeightProperty: ReadOnlyDoubleProperty [value: 600.0]
13:01:08.250 [FXGL Background Thread 3 ] DEBUG Engine               - prefWidthProperty: ReadOnlyDoubleProperty [value: 800.0]
13:01:08.250 [FXGL Background Thread 3 ] DEBUG Engine               - profileDir: profiles/
13:01:08.250 [FXGL Background Thread 3 ] DEBUG Engine               - profileName: StringProperty [value: DEFAULT]
13:01:08.250 [FXGL Background Thread 3 ] DEBUG Engine               - randomSeed: -1
13:01:08.251 [FXGL Background Thread 3 ] DEBUG Engine               - runtimeInfo: RuntimeInfo(platform=WINDOWS, version=21.1, build=27.03.2024 07.52)
13:01:08.251 [FXGL Background Thread 3 ] DEBUG Engine               - saveFileExt: sav
13:01:08.251 [FXGL Background Thread 3 ] DEBUG Engine               - scaledHeightProp$fxgl: DoubleProperty [bound, value: 600.0]
13:01:08.251 [FXGL Background Thread 3 ] DEBUG Engine               - scaledWidthProp$fxgl: DoubleProperty [bound, value: 800.0]
13:01:08.251 [FXGL Background Thread 3 ] DEBUG Engine               - sceneFactory: com.almasb.fxgl.app.scene.SceneFactory@30c3dd43
13:01:08.252 [FXGL Background Thread 3 ] DEBUG Engine               - secondsIn24h: 60
13:01:08.252 [FXGL Background Thread 3 ] DEBUG Engine               - soundMenuBack: menu/back.wav
13:01:08.252 [FXGL Background Thread 3 ] DEBUG Engine               - soundMenuPress: menu/press.wav
13:01:08.252 [FXGL Background Thread 3 ] DEBUG Engine               - soundMenuSelect: menu/select.wav
13:01:08.252 [FXGL Background Thread 3 ] DEBUG Engine               - soundNotification: core/notification.wav
13:01:08.252 [FXGL Background Thread 3 ] DEBUG Engine               - stageStyle: DECORATED
13:01:08.252 [FXGL Background Thread 3 ] DEBUG Engine               - supportedLanguages: [ENGLISH, FRENCH, GERMAN, HUNGARIAN, RUSSIAN]
13:01:08.253 [FXGL Background Thread 3 ] DEBUG Engine               - ticksPerSecond: -1
13:01:08.253 [FXGL Background Thread 3 ] DEBUG Engine               - title: Owl's Blood
13:01:08.253 [FXGL Background Thread 3 ] DEBUG Engine               - urlGithub: https://github.com/AlmasB/FXGL
13:01:08.253 [FXGL Background Thread 3 ] DEBUG Engine               - urlLeaderboard: http://fxgl-top.herokuapp.com/
13:01:08.253 [FXGL Background Thread 3 ] DEBUG Engine               - urlPOM: https://raw.githubusercontent.com/AlmasB/FXGL/release/README.md
13:01:08.253 [FXGL Background Thread 3 ] DEBUG Engine               - userAppClass: class untitled4.GameApp
13:01:08.253 [FXGL Background Thread 3 ] DEBUG Engine               - version: 0.1
13:01:08.254 [FXGL Background Thread 3 ] DEBUG Engine               - versionCheckDays: 7
13:01:08.254 [FXGL Background Thread 3 ] DEBUG Engine               - width: 800
13:01:08.254 [FXGL Background Thread 3 ] DEBUG Engine               - Logging services
13:01:08.254 [FXGL Background Thread 3 ] DEBUG Engine               - class com.almasb.fxgl.app.services.FXGLAssetLoaderService
13:01:08.254 [FXGL Background Thread 3 ] DEBUG Engine               - class com.almasb.fxgl.app.FXGLApplication$GameApplicationService
13:01:08.254 [FXGL Background Thread 3 ] DEBUG Engine               - class com.almasb.fxgl.app.services.FXGLDialogService
13:01:08.254 [FXGL Background Thread 3 ] DEBUG Engine               - class com.almasb.fxgl.app.services.IOTaskExecutorService
13:01:08.254 [FXGL Background Thread 3 ] DEBUG Engine               - class com.almasb.fxgl.io.FileSystemService
13:01:08.254 [FXGL Background Thread 3 ] DEBUG Engine               - class com.almasb.fxgl.localization.LocalizationService
13:01:08.255 [FXGL Background Thread 3 ] DEBUG Engine               - class com.almasb.fxgl.app.services.SystemBundleService
13:01:08.255 [FXGL Background Thread 3 ] DEBUG Engine               - class com.almasb.fxgl.profile.SaveLoadService
13:01:08.255 [FXGL Background Thread 3 ] DEBUG Engine               - class com.almasb.fxgl.ui.FXGLUIFactoryServiceProvider
13:01:08.255 [FXGL Background Thread 3 ] DEBUG Engine               - class com.almasb.fxgl.ui.FXGLDialogFactoryServiceProvider
13:01:08.255 [FXGL Background Thread 3 ] DEBUG Engine               - class com.almasb.fxgl.audio.AudioPlayer
13:01:08.256 [FXGL Background Thread 3 ] DEBUG Engine               - class com.almasb.fxgl.notification.impl.NotificationServiceProvider
13:01:08.256 [FXGL Background Thread 3 ] DEBUG Engine               - class com.almasb.fxgl.achievement.AchievementService
13:01:08.257 [FXGL Background Thread 3 ] DEBUG Engine               - class com.almasb.fxgl.cutscene.CutsceneService
13:01:08.257 [FXGL Background Thread 3 ] DEBUG Engine               - class com.almasb.fxgl.minigames.MiniGameService
13:01:08.257 [FXGL Background Thread 3 ] DEBUG Engine               - class com.almasb.fxgl.net.NetService
13:01:08.257 [FXGL Background Thread 3 ] DEBUG Engine               - class com.almasb.fxgl.app.services.UpdaterService
13:01:08.257 [FXGL Background Thread 3 ] DEBUG Engine               - class com.almasb.fxgl.dev.DevService
13:01:12.462 [JavaFX Application Thread] DEBUG FXGL.DefaultMenu     - createContentVideo()
13:01:18.566 [JavaFX Application Thread] DEBUG FXGL.DefaultMenu     - createContentAudio()
13:01:38.945 [JavaFX Application Thread] DEBUG FXGL.DefaultMenu     - createContentGameplay()
13:01:39.752 [JavaFX Application Thread] DEBUG FXGL.DefaultMenu     - createContentControls()
13:01:43.384 [JavaFX Application Thread] DEBUG Menu                 - fireNewGame()
13:01:43.385 [JavaFX Application Thread] DEBUG GameApplicationServi - Starting new game
13:01:43.387 [JavaFX Application Thread] DEBUG PrimaryStageWindow   - Pop state: FXGLDefaultMenu
13:01:43.387 [JavaFX Application Thread] DEBUG Input                - Clearing active input actions
13:01:43.390 [JavaFX Application Thread] DEBUG GameApplicationServi - Removing overlay from FXGLDefaultMenu and adding to FXGLMainMenuDummyScene
13:01:43.391 [JavaFX Application Thread] DEBUG PrimaryStageWindow   - FXGLMainMenuDummyScene <- FXGLDefaultMenu
13:01:43.392 [JavaFX Application Thread] DEBUG Input                - Clearing active input actions
13:01:43.415 [JavaFX Application Thread] DEBUG GameApplicationServi - Removing overlay from FXGLMainMenuDummyScene and adding to FXGLLoadingScene
13:01:43.416 [JavaFX Application Thread] DEBUG PrimaryStageWindow   - FXGLMainMenuDummyScene -> FXGLLoadingScene
13:01:43.416 [JavaFX Application Thread] DEBUG GameApplicationServi - Clearing previous game
13:01:43.416 [JavaFX Application Thread] DEBUG GameScene            - Clearing game scene
13:01:43.416 [JavaFX Application Thread] DEBUG GameWorld            - Clearing game world
13:01:43.417 [JavaFX Application Thread] DEBUG PhysicsWorld         - Clearing physics world
13:01:43.423 [FXGL Background Thread 2 ] DEBUG FXGLApplication      - Initializing game
13:01:43.496 [FXGL Background Thread 2 ] WARN  FXGLAssetLoaderServi - Asset "/assets/textures/player/Idle.png" was not found!
13:01:43.497 [FXGL Background Thread 2 ] WARN  FXGLAssetLoaderServi - Failed to load IMAGE
13:01:43.540 [FXGL Background Thread 2 ] INFO  FXGLApplication      - Game initialization took: 0,116 sec
13:01:43.541 [JavaFX Application Thread] DEBUG Input                - Clearing active input actions
13:01:43.560 [JavaFX Application Thread] DEBUG GameApplicationServi - Removing overlay from FXGLLoadingScene and adding to GameScene
13:01:43.560 [JavaFX Application Thread] DEBUG PrimaryStageWindow   - FXGLLoadingScene -> GameScene
13:01:47.697 [JavaFX Application Thread] DEBUG FXGLApplication      - Exiting FXGL
13:01:47.697 [JavaFX Application Thread] DEBUG LoopRunner           - Stopping loop
13:01:47.698 [JavaFX Application Thread] DEBUG SystemBundleService  - Saving FXGL system data
13:01:47.703 [JavaFX Application Thread] DEBUG FileSystemAccess     - Writing to: C:\Users\пк\IdeaProjects\Kursova1.1\system\fxgl.bundle
13:01:47.707 [JavaFX Application Thread] DEBUG Async                - Shutting down background threads
13:01:47.708 [JavaFX Application Thread] DEBUG PrimaryStageWindow   - Closing main window
13:01:47.774 [JavaFX Application Thread] DEBUG Logger               - Closing Logger
