20:09:13.070 [main                     ] DEBUG Logger               - Configured Logger
20:09:13.082 [main                     ] DEBUG GameApplication      - Logging settings
Title: Owl's Blood
Version: 0.1
Width: 800
Height: 600
Fullscreen: false
Intro: false
Profiling: false
Single step:false
App Mode: DEVELOPER
Menu Key: ESCAPE
Stage Style: DECORATED
Scene Factory: class com.almasb.fxgl.app.scene.SceneFactory

20:09:13.934 [JavaFX Application Thread] DEBUG FXGLApplication      - Initializing FXGL
20:09:13.938 [JavaFX Application Thread] INFO  Engine               - FXGL-21.1 (27.03.2024 07.52) on WINDOWS (J:24.0.1 FX:21)
20:09:13.938 [JavaFX Application Thread] DEBUG Engine               - JRE Vendor Name: Oracle Corporation
20:09:13.938 [JavaFX Application Thread] DEBUG Engine               - Running on OS: Windows 10 version 10.0
20:09:13.938 [JavaFX Application Thread] DEBUG Engine               - Architecture: amd64
20:09:13.939 [JavaFX Application Thread] INFO  Engine               - Source code and latest versions at: https://github.com/AlmasB/FXGL
20:09:13.939 [JavaFX Application Thread] INFO  Engine               -       Ask questions and discuss at: https://github.com/AlmasB/FXGL/discussions
20:09:13.939 [JavaFX Application Thread] INFO  Engine               -              Join the FXGL chat at: https://gitter.im/AlmasB/FXGL
20:09:14.091 [JavaFX Application Thread] DEBUG PrimaryStageWindow   - Creating a JavaFX scene
20:09:14.153 [JavaFX Application Thread] DEBUG PrimaryStageWindow   - Target settings size: 800.0 x 600.0
20:09:14.153 [JavaFX Application Thread] DEBUG PrimaryStageWindow   - Scaled scene size:    800.0 x 600.0
20:09:14.153 [JavaFX Application Thread] DEBUG PrimaryStageWindow   - Scaled ratio: (1.0, 1.0)
20:09:14.155 [JavaFX Application Thread] DEBUG PrimaryStageWindow   - Set initial scene to FXGLStartupScene
20:09:14.161 [JavaFX Application Thread] DEBUG PrimaryStageWindow   - Opening main window
20:09:14.271 [JavaFX Application Thread] DEBUG PrimaryStageWindow   - Window border size: (16.0, 39.0)
20:09:14.271 [JavaFX Application Thread] DEBUG PrimaryStageWindow   - Scaled size: 800.0 x 600.0
20:09:14.272 [JavaFX Application Thread] DEBUG PrimaryStageWindow   - Scaled ratio: (1.0, 1.0)
20:09:14.272 [JavaFX Application Thread] DEBUG PrimaryStageWindow   - Scene size: 800.0 x 600.0
20:09:14.272 [JavaFX Application Thread] DEBUG PrimaryStageWindow   - Stage size: 816.0 x 639.0
20:09:14.280 [FXGL Background Thread 1 ] DEBUG Engine               - Initializing environment variables
20:09:14.359 [FXGL Background Thread 1 ] DEBUG FXGLAssetLoaderServi - User app class for loading assets: class untitled4.GameApp
20:09:14.359 [FXGL Background Thread 1 ] DEBUG GameApplicationServi - Applying CSS: fxgl_dark.css
20:09:14.360 [FXGL Background Thread 1 ] DEBUG FXGLAssetLoaderServi - Loading from file system: jar:file:///C:/Users/zonda/.m2/repository/com/github/almasb/fxgl/21.1/fxgl-21.1.jar!/fxglassets/ui/css/fxgl_dark.css
20:09:14.451 [FXGL Background Thread 1 ] DEBUG GameApplicationServi - Initializing application scenes
20:09:14.498 [FXGL Background Thread 1 ] DEBUG GameWorld            - Game world initialized
20:09:14.615 [FXGL Background Thread 1 ] DEBUG PhysicsWorld         - Physics world initialized: appHeight=600, physics.ppm=50,0
20:09:14.615 [FXGL Background Thread 1 ] DEBUG PhysicsWorld         - Using strategy: BRUTE_FORCE
20:09:14.620 [FXGL Background Thread 1 ] DEBUG GameScene            - Game scene initialized: 800x600
20:09:14.639 [FXGL Background Thread 1 ] DEBUG FXGL.DefaultMenu     - createMenuBodyMainMenu()
20:09:14.662 [FXGL Background Thread 1 ] DEBUG FXGL.DefaultMenu     - createOptionsMenu()
20:09:14.680 [FXGL Background Thread 1 ] DEBUG FXGLAssetLoaderServi - Loading from file system: jar:file:///C:/Users/zonda/.m2/repository/com/github/almasb/fxgl/21.1/fxgl-21.1.jar!/fxglassets/textures/particles/smoke.png
20:09:14.840 [FXGL Background Thread 1 ] DEBUG FXGLAssetLoaderServi - Loading from file system: jar:file:///C:/Users/zonda/.m2/repository/com/github/almasb/fxgl/21.1/fxgl-21.1.jar!/fxglassets/textures/particles/trace_horizontal.png
20:09:14.876 [FXGL Background Thread 1 ] DEBUG FXGL.DefaultMenu     - createMenuBodyGameMenu()
20:09:14.878 [FXGL Background Thread 1 ] DEBUG FXGL.DefaultMenu     - createOptionsMenu()
20:09:14.903 [FXGL Background Thread 1 ] DEBUG GameApplicationServi - Application scenes initialized
20:09:14.917 [FXGL Background Thread 1 ] DEBUG SystemBundleService  - Loading FXGL system data
20:09:14.919 [FXGL Background Thread 1 ] DEBUG FileSystemAccess     - Reading from: C:\Users\zonda\IdeaProjects\untitled4\system\fxgl.bundle
20:09:14.921 [FXGL Background Thread 1 ] DEBUG SystemBundleService  - Bundle FXGL: {}
20:09:14.921 [FXGL Background Thread 1 ] DEBUG UpdaterService       - Checking for updates
20:09:14.927 [FXGL Background Thread 4 ] DEBUG FXGLApplication      - Loading fonts
20:09:14.928 [FXGL Background Thread 4 ] DEBUG FXGLAssetLoaderServi - Loading from file system: jar:file:///C:/Users/zonda/.m2/repository/com/github/almasb/fxgl/21.1/fxgl-21.1.jar!/fxglassets/ui/fonts/VarelaRound-Regular.ttf
20:09:14.928 [FXGL Background Thread 1 ] DEBUG FXGLApplication      - Loading default localization
20:09:14.928 [FXGL Background Thread 1 ] DEBUG FXGLAssetLoaderServi - Loading from file system: jar:file:///C:/Users/zonda/.m2/repository/com/github/almasb/fxgl/21.1/fxgl-21.1.jar!/fxglassets/languages/english.lang
20:09:14.952 [FXGL Background Thread 4 ] DEBUG FXGLAssetLoaderServi - Loading from file system: jar:file:///C:/Users/zonda/.m2/repository/com/github/almasb/fxgl/21.1/fxgl-21.1.jar!/fxglassets/ui/fonts/Abel-Regular.ttf
20:09:14.957 [FXGL Background Thread 1 ] INFO  FXGLApplication      - FXGL initialization took: 0,677 sec
20:09:14.959 [JavaFX Application Thread] DEBUG FXGLAssetLoaderServi - Loading from file system: jar:file:///C:/Users/zonda/.m2/repository/com/github/almasb/fxgl/21.1/fxgl-21.1.jar!/fxglassets/textures/fxgl_icon.png
20:09:14.967 [FXGL Background Thread 4 ] DEBUG FXGLAssetLoaderServi - Loading from file system: jar:file:///C:/Users/zonda/.m2/repository/com/github/almasb/fxgl/21.1/fxgl-21.1.jar!/fxglassets/ui/fonts/TerminalLandMono-Regular.otf
20:09:14.995 [FXGL Background Thread 4 ] DEBUG FXGLAssetLoaderServi - Loading from file system: jar:file:///C:/Users/zonda/.m2/repository/com/github/almasb/fxgl/21.1/fxgl-21.1.jar!/fxglassets/ui/fonts/Courier-Prime.ttf
20:09:15.005 [JavaFX Application Thread] DEBUG FXGLAssetLoaderServi - Loading from file system: jar:file:///C:/Users/zonda/.m2/repository/com/github/almasb/fxgl/21.1/fxgl-21.1.jar!/fxglassets/textures/fxgl_default_cursor.png
20:09:15.023 [JavaFX Application Thread] DEBUG Input                - Registered new binding: Screenshot - CTRL+8
20:09:15.024 [JavaFX Application Thread] DEBUG Input                - Registered new binding: System info dump - CTRL+9
20:09:15.024 [JavaFX Application Thread] DEBUG Input                - Registered new binding: Restart - CTRL+R
20:09:15.025 [JavaFX Application Thread] DEBUG Input                - Registered new binding: Toggle Debug Camera - CTRL+7
20:09:15.030 [JavaFX Application Thread] DEBUG LoopRunner           - Starting loop
20:09:15.030 [JavaFX Application Thread] DEBUG LoopRunner           - Initializing JavaFX AnimationTimerLoop
20:09:15.034 [JavaFX Application Thread] DEBUG Input                - Clearing active input actions
20:09:15.046 [JavaFX Application Thread] DEBUG GameApplicationServi - Removing overlay from FXGLStartupScene and adding to FXGLMainMenuDummyScene
20:09:15.047 [JavaFX Application Thread] DEBUG PrimaryStageWindow   - FXGLStartupScene -> FXGLMainMenuDummyScene
20:09:15.047 [JavaFX Application Thread] DEBUG PrimaryStageWindow   - Push state: FXGLDefaultMenu
20:09:15.053 [JavaFX Application Thread] DEBUG Input                - Clearing active input actions
20:09:15.065 [JavaFX Application Thread] DEBUG GameApplicationServi - Removing overlay from FXGLMainMenuDummyScene and adding to FXGLDefaultMenu
20:09:15.066 [JavaFX Application Thread] DEBUG PrimaryStageWindow   - FXGLMainMenuDummyScene -> FXGLDefaultMenu
20:09:15.066 [JavaFX Application Thread] DEBUG FXGLApplication      - Registering font factories with UI factory
20:09:17.366 [JavaFX Application Thread] DEBUG Menu                 - fireNewGame()
20:09:17.366 [JavaFX Application Thread] DEBUG GameApplicationServi - Starting new game
20:09:17.369 [JavaFX Application Thread] DEBUG PrimaryStageWindow   - Pop state: FXGLDefaultMenu
20:09:17.369 [JavaFX Application Thread] DEBUG Input                - Clearing active input actions
20:09:17.370 [JavaFX Application Thread] DEBUG GameApplicationServi - Removing overlay from FXGLDefaultMenu and adding to FXGLMainMenuDummyScene
20:09:17.372 [JavaFX Application Thread] DEBUG PrimaryStageWindow   - FXGLMainMenuDummyScene <- FXGLDefaultMenu
20:09:17.372 [JavaFX Application Thread] DEBUG Input                - Clearing active input actions
20:09:17.394 [JavaFX Application Thread] DEBUG GameApplicationServi - Removing overlay from FXGLMainMenuDummyScene and adding to FXGLLoadingScene
20:09:17.394 [JavaFX Application Thread] DEBUG PrimaryStageWindow   - FXGLMainMenuDummyScene -> FXGLLoadingScene
20:09:17.394 [JavaFX Application Thread] DEBUG GameApplicationServi - Clearing previous game
20:09:17.394 [JavaFX Application Thread] DEBUG GameScene            - Clearing game scene
20:09:17.395 [JavaFX Application Thread] DEBUG GameWorld            - Clearing game world
20:09:17.395 [JavaFX Application Thread] DEBUG PhysicsWorld         - Clearing physics world
20:09:17.397 [FXGL Background Thread 2 ] DEBUG FXGLApplication      - Initializing game
20:09:17.411 [FXGL Background Thread 2 ] WARN  FXGLAssetLoaderServi - Asset "/assets/textures/player/Idle.png" was not found!
20:09:17.411 [FXGL Background Thread 2 ] WARN  FXGLAssetLoaderServi - Failed to load IMAGE
20:09:17.442 [FXGL Background Thread 2 ] INFO  FXGLApplication      - Game initialization took: 0,045 sec
20:09:17.445 [JavaFX Application Thread] DEBUG Input                - Clearing active input actions
20:09:17.464 [JavaFX Application Thread] DEBUG GameApplicationServi - Removing overlay from FXGLLoadingScene and adding to GameScene
20:09:17.464 [JavaFX Application Thread] DEBUG PrimaryStageWindow   - FXGLLoadingScene -> GameScene
20:09:17.927 [FXGL Background Thread 3 ] DEBUG Engine               - Logging environment variables
20:09:17.927 [FXGL Background Thread 3 ] DEBUG Engine               - achievements: []
20:09:17.927 [FXGL Background Thread 3 ] DEBUG Engine               - actualHeight: 600.0
20:09:17.927 [FXGL Background Thread 3 ] DEBUG Engine               - actualHeightProperty: ReadOnlyDoubleProperty [value: 600.0]
20:09:17.927 [FXGL Background Thread 3 ] DEBUG Engine               - actualWidth: 800.0
20:09:17.928 [FXGL Background Thread 3 ] DEBUG Engine               - actualWidthProperty: ReadOnlyDoubleProperty [value: 800.0]
20:09:17.928 [FXGL Background Thread 3 ] DEBUG Engine               - appIcon: fxgl_icon.png
20:09:17.928 [FXGL Background Thread 3 ] DEBUG Engine               - applicationMode: DEVELOPER
20:09:17.928 [FXGL Background Thread 3 ] DEBUG Engine               - cSSList: [fxgl_dark.css]
20:09:17.928 [FXGL Background Thread 3 ] DEBUG Engine               - collisionDetectionStrategy: BRUTE_FORCE
20:09:17.928 [FXGL Background Thread 3 ] DEBUG Engine               - configClass: Optional.empty
20:09:17.928 [FXGL Background Thread 3 ] DEBUG Engine               - credits: []
20:09:17.928 [FXGL Background Thread 3 ] DEBUG Engine               - defaultCursor: CursorInfo(imageName=fxgl_default_cursor.png, hotspotX=7.0, hotspotY=6.0)
20:09:17.928 [FXGL Background Thread 3 ] DEBUG Engine               - devBBoxColorProperty: ObjectProperty [value: 0xff0000ff]
20:09:17.928 [FXGL Background Thread 3 ] DEBUG Engine               - devEnableDebugCameraProperty: BooleanProperty [value: false]
20:09:17.929 [FXGL Background Thread 3 ] DEBUG Engine               - devSensorColorProperty: ObjectProperty [value: 0xffff00ff]
20:09:17.929 [FXGL Background Thread 3 ] DEBUG Engine               - devShowBBoxProperty: BooleanProperty [value: false]
20:09:17.929 [FXGL Background Thread 3 ] DEBUG Engine               - devShowPositionProperty: BooleanProperty [value: false]
20:09:17.929 [FXGL Background Thread 3 ] DEBUG Engine               - enabledMenuItems: []
20:09:17.929 [FXGL Background Thread 3 ] DEBUG Engine               - engineServices: [class com.almasb.fxgl.app.services.FXGLAssetLoaderService, class com.almasb.fxgl.app.FXGLApplication$GameApplicationService, class com.almasb.fxgl.app.services.FXGLDialogService, class com.almasb.fxgl.app.services.IOTaskExecutorService, class com.almasb.fxgl.io.FileSystemService, class com.almasb.fxgl.localization.LocalizationService, class com.almasb.fxgl.app.services.SystemBundleService, class com.almasb.fxgl.profile.SaveLoadService, class com.almasb.fxgl.ui.FXGLUIFactoryServiceProvider, class com.almasb.fxgl.ui.FXGLDialogFactoryServiceProvider, class com.almasb.fxgl.audio.AudioPlayer, class com.almasb.fxgl.notification.impl.NotificationServiceProvider, class com.almasb.fxgl.achievement.AchievementService, class com.almasb.fxgl.cutscene.CutsceneService, class com.almasb.fxgl.minigames.MiniGameService, class com.almasb.fxgl.net.NetService, class com.almasb.fxgl.app.services.UpdaterService, class com.almasb.fxgl.dev.DevService]
20:09:17.929 [FXGL Background Thread 3 ] DEBUG Engine               - fontGame: Abel-Regular.ttf
20:09:17.929 [FXGL Background Thread 3 ] DEBUG Engine               - fontMono: TerminalLandMono-Regular.otf
20:09:17.929 [FXGL Background Thread 3 ] DEBUG Engine               - fontSizeScaleUI: 1.0
20:09:17.929 [FXGL Background Thread 3 ] DEBUG Engine               - fontText: Courier-Prime.ttf
20:09:17.929 [FXGL Background Thread 3 ] DEBUG Engine               - fontUI: VarelaRound-Regular.ttf
20:09:17.929 [FXGL Background Thread 3 ] DEBUG Engine               - fullScreen: BooleanProperty [value: false]
20:09:17.929 [FXGL Background Thread 3 ] DEBUG Engine               - gameDifficulty: MEDIUM
20:09:17.929 [FXGL Background Thread 3 ] DEBUG Engine               - gameDifficultyProperty: ObjectProperty [value: MEDIUM]
20:09:17.929 [FXGL Background Thread 3 ] DEBUG Engine               - globalMusicVolume: 0.5
20:09:17.930 [FXGL Background Thread 3 ] DEBUG Engine               - globalMusicVolumeProperty: DoubleProperty [value: 0.5]
20:09:17.930 [FXGL Background Thread 3 ] DEBUG Engine               - globalSoundVolume: 0.5
20:09:17.930 [FXGL Background Thread 3 ] DEBUG Engine               - globalSoundVolumeProperty: DoubleProperty [value: 0.5]
20:09:17.930 [FXGL Background Thread 3 ] DEBUG Engine               - height: 600
20:09:17.930 [FXGL Background Thread 3 ] DEBUG Engine               - is3D: false
20:09:17.930 [FXGL Background Thread 3 ] DEBUG Engine               - isAndroid: false
20:09:17.930 [FXGL Background Thread 3 ] DEBUG Engine               - isBrowser: false
20:09:17.930 [FXGL Background Thread 3 ] DEBUG Engine               - isClickFeedbackEnabled: false
20:09:17.930 [FXGL Background Thread 3 ] DEBUG Engine               - isCloseConfirmation: false
20:09:17.930 [FXGL Background Thread 3 ] DEBUG Engine               - isDesktop: true
20:09:17.930 [FXGL Background Thread 3 ] DEBUG Engine               - isDeveloperMenuEnabled: false
20:09:17.930 [FXGL Background Thread 3 ] DEBUG Engine               - isEmbedded: false
20:09:17.930 [FXGL Background Thread 3 ] DEBUG Engine               - isEntityPreloadEnabled: true
20:09:17.931 [FXGL Background Thread 3 ] DEBUG Engine               - isExperimentalTiledLargeMap: false
20:09:17.931 [FXGL Background Thread 3 ] DEBUG Engine               - isFileSystemWriteAllowed: true
20:09:17.931 [FXGL Background Thread 3 ] DEBUG Engine               - isFullScreenAllowed: false
20:09:17.931 [FXGL Background Thread 3 ] DEBUG Engine               - isFullScreenFromStart: false
20:09:17.931 [FXGL Background Thread 3 ] DEBUG Engine               - isGameMenuEnabled: true
20:09:17.931 [FXGL Background Thread 3 ] DEBUG Engine               - isIOS: false
20:09:17.931 [FXGL Background Thread 3 ] DEBUG Engine               - isIntroEnabled: false
20:09:17.931 [FXGL Background Thread 3 ] DEBUG Engine               - isLinux: false
20:09:17.931 [FXGL Background Thread 3 ] DEBUG Engine               - isMac: false
20:09:17.931 [FXGL Background Thread 3 ] DEBUG Engine               - isMainMenuEnabled: true
20:09:17.931 [FXGL Background Thread 3 ] DEBUG Engine               - isManualResizeEnabled: false
20:09:17.932 [FXGL Background Thread 3 ] DEBUG Engine               - isMobile: false
20:09:17.932 [FXGL Background Thread 3 ] DEBUG Engine               - isNative: false
20:09:17.932 [FXGL Background Thread 3 ] DEBUG Engine               - isPauseMusicWhenMinimized: true
20:09:17.932 [FXGL Background Thread 3 ] DEBUG Engine               - isPreserveResizeRatio: false
20:09:17.932 [FXGL Background Thread 3 ] DEBUG Engine               - isProfilingEnabled: false
20:09:17.932 [FXGL Background Thread 3 ] DEBUG Engine               - isScaleAffectedOnResize: true
20:09:17.932 [FXGL Background Thread 3 ] DEBUG Engine               - isSingleStep: false
20:09:17.932 [FXGL Background Thread 3 ] DEBUG Engine               - isUserProfileEnabled: false
20:09:17.932 [FXGL Background Thread 3 ] DEBUG Engine               - isWindows: true
20:09:17.932 [FXGL Background Thread 3 ] DEBUG Engine               - language: ObjectProperty [value: ENGLISH]
20:09:17.932 [FXGL Background Thread 3 ] DEBUG Engine               - menuKey: ESCAPE
20:09:17.932 [FXGL Background Thread 3 ] DEBUG Engine               - mouseSensitivity: 0.2
20:09:17.932 [FXGL Background Thread 3 ] DEBUG Engine               - notificationViewClass: class com.almasb.fxgl.notification.view.XboxNotificationView
20:09:17.932 [FXGL Background Thread 3 ] DEBUG Engine               - pixelsPerMeter: 50.0
20:09:17.932 [FXGL Background Thread 3 ] DEBUG Engine               - platform: WINDOWS
20:09:17.932 [FXGL Background Thread 3 ] DEBUG Engine               - prefHeightProperty: ReadOnlyDoubleProperty [value: 600.0]
20:09:17.932 [FXGL Background Thread 3 ] DEBUG Engine               - prefWidthProperty: ReadOnlyDoubleProperty [value: 800.0]
20:09:17.932 [FXGL Background Thread 3 ] DEBUG Engine               - profileDir: profiles/
20:09:17.933 [FXGL Background Thread 3 ] DEBUG Engine               - profileName: StringProperty [value: DEFAULT]
20:09:17.933 [FXGL Background Thread 3 ] DEBUG Engine               - randomSeed: -1
20:09:17.933 [FXGL Background Thread 3 ] DEBUG Engine               - runtimeInfo: RuntimeInfo(platform=WINDOWS, version=21.1, build=27.03.2024 07.52)
20:09:17.933 [FXGL Background Thread 3 ] DEBUG Engine               - saveFileExt: sav
20:09:17.933 [FXGL Background Thread 3 ] DEBUG Engine               - scaledHeightProp$fxgl: DoubleProperty [bound, value: 600.0]
20:09:17.933 [FXGL Background Thread 3 ] DEBUG Engine               - scaledWidthProp$fxgl: DoubleProperty [bound, value: 800.0]
20:09:17.933 [FXGL Background Thread 3 ] DEBUG Engine               - sceneFactory: com.almasb.fxgl.app.scene.SceneFactory@504bdb3b
20:09:17.933 [FXGL Background Thread 3 ] DEBUG Engine               - secondsIn24h: 60
20:09:17.933 [FXGL Background Thread 3 ] DEBUG Engine               - soundMenuBack: menu/back.wav
20:09:17.933 [FXGL Background Thread 3 ] DEBUG Engine               - soundMenuPress: menu/press.wav
20:09:17.933 [FXGL Background Thread 3 ] DEBUG Engine               - soundMenuSelect: menu/select.wav
20:09:17.934 [FXGL Background Thread 3 ] DEBUG Engine               - soundNotification: core/notification.wav
20:09:17.934 [FXGL Background Thread 3 ] DEBUG Engine               - stageStyle: DECORATED
20:09:17.934 [FXGL Background Thread 3 ] DEBUG Engine               - supportedLanguages: [ENGLISH, FRENCH, GERMAN, HUNGARIAN, RUSSIAN]
20:09:17.934 [FXGL Background Thread 3 ] DEBUG Engine               - ticksPerSecond: -1
20:09:17.934 [FXGL Background Thread 3 ] DEBUG Engine               - title: Owl's Blood
20:09:17.934 [FXGL Background Thread 3 ] DEBUG Engine               - urlGithub: https://github.com/AlmasB/FXGL
20:09:17.934 [FXGL Background Thread 3 ] DEBUG Engine               - urlLeaderboard: http://fxgl-top.herokuapp.com/
20:09:17.934 [FXGL Background Thread 3 ] DEBUG Engine               - urlPOM: https://raw.githubusercontent.com/AlmasB/FXGL/release/README.md
20:09:17.934 [FXGL Background Thread 3 ] DEBUG Engine               - userAppClass: class untitled4.GameApp
20:09:17.934 [FXGL Background Thread 3 ] DEBUG Engine               - version: 0.1
20:09:17.934 [FXGL Background Thread 3 ] DEBUG Engine               - versionCheckDays: 7
20:09:17.934 [FXGL Background Thread 3 ] DEBUG Engine               - width: 800
20:09:17.934 [FXGL Background Thread 3 ] DEBUG Engine               - Logging services
20:09:17.934 [FXGL Background Thread 3 ] DEBUG Engine               - class com.almasb.fxgl.app.services.FXGLAssetLoaderService
20:09:17.934 [FXGL Background Thread 3 ] DEBUG Engine               - class com.almasb.fxgl.app.FXGLApplication$GameApplicationService
20:09:17.934 [FXGL Background Thread 3 ] DEBUG Engine               - class com.almasb.fxgl.app.services.FXGLDialogService
20:09:17.934 [FXGL Background Thread 3 ] DEBUG Engine               - class com.almasb.fxgl.app.services.IOTaskExecutorService
20:09:17.934 [FXGL Background Thread 3 ] DEBUG Engine               - class com.almasb.fxgl.io.FileSystemService
20:09:17.935 [FXGL Background Thread 3 ] DEBUG Engine               - class com.almasb.fxgl.localization.LocalizationService
20:09:17.935 [FXGL Background Thread 3 ] DEBUG Engine               - class com.almasb.fxgl.app.services.SystemBundleService
20:09:17.935 [FXGL Background Thread 3 ] DEBUG Engine               - class com.almasb.fxgl.profile.SaveLoadService
20:09:17.935 [FXGL Background Thread 3 ] DEBUG Engine               - class com.almasb.fxgl.ui.FXGLUIFactoryServiceProvider
20:09:17.935 [FXGL Background Thread 3 ] DEBUG Engine               - class com.almasb.fxgl.ui.FXGLDialogFactoryServiceProvider
20:09:17.935 [FXGL Background Thread 3 ] DEBUG Engine               - class com.almasb.fxgl.audio.AudioPlayer
20:09:17.935 [FXGL Background Thread 3 ] DEBUG Engine               - class com.almasb.fxgl.notification.impl.NotificationServiceProvider
20:09:17.935 [FXGL Background Thread 3 ] DEBUG Engine               - class com.almasb.fxgl.achievement.AchievementService
20:09:17.935 [FXGL Background Thread 3 ] DEBUG Engine               - class com.almasb.fxgl.cutscene.CutsceneService
20:09:17.935 [FXGL Background Thread 3 ] DEBUG Engine               - class com.almasb.fxgl.minigames.MiniGameService
20:09:17.935 [FXGL Background Thread 3 ] DEBUG Engine               - class com.almasb.fxgl.net.NetService
20:09:17.935 [FXGL Background Thread 3 ] DEBUG Engine               - class com.almasb.fxgl.app.services.UpdaterService
20:09:17.935 [FXGL Background Thread 3 ] DEBUG Engine               - class com.almasb.fxgl.dev.DevService
20:09:23.126 [JavaFX Application Thread] DEBUG FXGLApplication      - Exiting FXGL
20:09:23.126 [JavaFX Application Thread] DEBUG LoopRunner           - Stopping loop
20:09:23.126 [JavaFX Application Thread] DEBUG SystemBundleService  - Saving FXGL system data
20:09:23.128 [JavaFX Application Thread] DEBUG FileSystemAccess     - Writing to: C:\Users\zonda\IdeaProjects\untitled4\system\fxgl.bundle
20:09:23.129 [JavaFX Application Thread] DEBUG Async                - Shutting down background threads
20:09:23.129 [JavaFX Application Thread] DEBUG PrimaryStageWindow   - Closing main window
20:09:23.145 [JavaFX Application Thread] DEBUG Logger               - Closing Logger
