23:13:45.321 [main                     ] DEBUG Logger               - Configured Logger
23:13:45.330 [main                     ] DEBUG GameApplication      - Logging settings
Title: Owl's Blood
Version: 0.1
Width: 800
Height: 600
Fullscreen: false
Intro: false
Profiling: false
Single step:false
App Mode: DEVELOPER
Menu Key: ESCAPE
Stage Style: DECORATED
Scene Factory: class com.almasb.fxgl.app.scene.SceneFactory

23:13:46.221 [JavaFX Application Thread] DEBUG FXGLApplication      - Initializing FXGL
23:13:46.225 [JavaFX Application Thread] INFO  Engine               - FXGL-21.1 (27.03.2024 07.52) on WINDOWS (J:24.0.1 FX:21)
23:13:46.225 [JavaFX Application Thread] DEBUG Engine               - JRE Vendor Name: Oracle Corporation
23:13:46.226 [JavaFX Application Thread] DEBUG Engine               - Running on OS: Windows 10 version 10.0
23:13:46.226 [JavaFX Application Thread] DEBUG Engine               - Architecture: amd64
23:13:46.226 [JavaFX Application Thread] INFO  Engine               - Source code and latest versions at: https://github.com/AlmasB/FXGL
23:13:46.226 [JavaFX Application Thread] INFO  Engine               -       Ask questions and discuss at: https://github.com/AlmasB/FXGL/discussions
23:13:46.226 [JavaFX Application Thread] INFO  Engine               -              Join the FXGL chat at: https://gitter.im/AlmasB/FXGL
23:13:46.381 [JavaFX Application Thread] DEBUG PrimaryStageWindow   - Creating a JavaFX scene
23:13:46.441 [JavaFX Application Thread] DEBUG PrimaryStageWindow   - Target settings size: 800.0 x 600.0
23:13:46.441 [JavaFX Application Thread] DEBUG PrimaryStageWindow   - Scaled scene size:    800.0 x 600.0
23:13:46.441 [JavaFX Application Thread] DEBUG PrimaryStageWindow   - Scaled ratio: (1.0, 1.0)
23:13:46.443 [JavaFX Application Thread] DEBUG PrimaryStageWindow   - Set initial scene to FXGLStartupScene
23:13:46.448 [JavaFX Application Thread] DEBUG PrimaryStageWindow   - Opening main window
23:13:46.550 [JavaFX Application Thread] DEBUG PrimaryStageWindow   - Window border size: (16.0, 39.0)
23:13:46.550 [JavaFX Application Thread] DEBUG PrimaryStageWindow   - Scaled size: 800.0 x 600.0
23:13:46.551 [JavaFX Application Thread] DEBUG PrimaryStageWindow   - Scaled ratio: (1.0, 1.0)
23:13:46.551 [JavaFX Application Thread] DEBUG PrimaryStageWindow   - Scene size: 800.0 x 600.0
23:13:46.551 [JavaFX Application Thread] DEBUG PrimaryStageWindow   - Stage size: 816.0 x 639.0
23:13:46.561 [FXGL Background Thread 1 ] DEBUG Engine               - Initializing environment variables
23:13:46.635 [FXGL Background Thread 1 ] DEBUG FXGLAssetLoaderServi - User app class for loading assets: class untitled4.GameApp
23:13:46.635 [FXGL Background Thread 1 ] DEBUG GameApplicationServi - Applying CSS: fxgl_dark.css
23:13:46.636 [FXGL Background Thread 1 ] DEBUG FXGLAssetLoaderServi - Loading from file system: jar:file:///C:/Users/zonda/.m2/repository/com/github/almasb/fxgl/21.1/fxgl-21.1.jar!/fxglassets/ui/css/fxgl_dark.css
23:13:46.713 [FXGL Background Thread 1 ] DEBUG GameApplicationServi - Initializing application scenes
23:13:46.763 [FXGL Background Thread 1 ] DEBUG GameWorld            - Game world initialized
23:13:46.876 [FXGL Background Thread 1 ] DEBUG PhysicsWorld         - Physics world initialized: appHeight=600, physics.ppm=50,0
23:13:46.877 [FXGL Background Thread 1 ] DEBUG PhysicsWorld         - Using strategy: BRUTE_FORCE
23:13:46.882 [FXGL Background Thread 1 ] DEBUG GameScene            - Game scene initialized: 800x600
23:13:46.899 [FXGL Background Thread 1 ] DEBUG FXGL.DefaultMenu     - createMenuBodyMainMenu()
23:13:46.920 [FXGL Background Thread 1 ] DEBUG FXGL.DefaultMenu     - createOptionsMenu()
23:13:46.934 [FXGL Background Thread 1 ] DEBUG FXGLAssetLoaderServi - Loading from file system: jar:file:///C:/Users/zonda/.m2/repository/com/github/almasb/fxgl/21.1/fxgl-21.1.jar!/fxglassets/textures/particles/smoke.png
23:13:47.075 [FXGL Background Thread 1 ] DEBUG FXGLAssetLoaderServi - Loading from file system: jar:file:///C:/Users/zonda/.m2/repository/com/github/almasb/fxgl/21.1/fxgl-21.1.jar!/fxglassets/textures/particles/trace_horizontal.png
23:13:47.109 [FXGL Background Thread 1 ] DEBUG FXGL.DefaultMenu     - createMenuBodyGameMenu()
23:13:47.110 [FXGL Background Thread 1 ] DEBUG FXGL.DefaultMenu     - createOptionsMenu()
23:13:47.130 [FXGL Background Thread 1 ] DEBUG GameApplicationServi - Application scenes initialized
23:13:47.141 [FXGL Background Thread 1 ] DEBUG SystemBundleService  - Loading FXGL system data
23:13:47.143 [FXGL Background Thread 1 ] DEBUG FileSystemAccess     - Reading from: C:\Users\zonda\IdeaProjects\untitled4\system\fxgl.bundle
23:13:47.146 [FXGL Background Thread 1 ] DEBUG SystemBundleService  - Bundle FXGL: {}
23:13:47.146 [FXGL Background Thread 1 ] DEBUG UpdaterService       - Checking for updates
23:13:47.152 [FXGL Background Thread 4 ] DEBUG FXGLApplication      - Loading fonts
23:13:47.152 [FXGL Background Thread 4 ] DEBUG FXGLAssetLoaderServi - Loading from file system: jar:file:///C:/Users/zonda/.m2/repository/com/github/almasb/fxgl/21.1/fxgl-21.1.jar!/fxglassets/ui/fonts/VarelaRound-Regular.ttf
23:13:47.153 [FXGL Background Thread 1 ] DEBUG FXGLApplication      - Loading default localization
23:13:47.154 [FXGL Background Thread 1 ] DEBUG FXGLAssetLoaderServi - Loading from file system: jar:file:///C:/Users/zonda/.m2/repository/com/github/almasb/fxgl/21.1/fxgl-21.1.jar!/fxglassets/languages/english.lang
23:13:47.175 [FXGL Background Thread 4 ] DEBUG FXGLAssetLoaderServi - Loading from file system: jar:file:///C:/Users/zonda/.m2/repository/com/github/almasb/fxgl/21.1/fxgl-21.1.jar!/fxglassets/ui/fonts/Abel-Regular.ttf
23:13:47.180 [FXGL Background Thread 1 ] INFO  FXGLApplication      - FXGL initialization took: 0,619 sec
23:13:47.181 [JavaFX Application Thread] DEBUG FXGLAssetLoaderServi - Loading from file system: jar:file:///C:/Users/zonda/.m2/repository/com/github/almasb/fxgl/21.1/fxgl-21.1.jar!/fxglassets/textures/fxgl_icon.png
23:13:47.193 [FXGL Background Thread 4 ] DEBUG FXGLAssetLoaderServi - Loading from file system: jar:file:///C:/Users/zonda/.m2/repository/com/github/almasb/fxgl/21.1/fxgl-21.1.jar!/fxglassets/ui/fonts/TerminalLandMono-Regular.otf
23:13:47.217 [FXGL Background Thread 4 ] DEBUG FXGLAssetLoaderServi - Loading from file system: jar:file:///C:/Users/zonda/.m2/repository/com/github/almasb/fxgl/21.1/fxgl-21.1.jar!/fxglassets/ui/fonts/Courier-Prime.ttf
23:13:47.227 [JavaFX Application Thread] DEBUG FXGLAssetLoaderServi - Loading from file system: jar:file:///C:/Users/zonda/.m2/repository/com/github/almasb/fxgl/21.1/fxgl-21.1.jar!/fxglassets/textures/fxgl_default_cursor.png
23:13:47.245 [JavaFX Application Thread] DEBUG Input                - Registered new binding: Screenshot - CTRL+8
23:13:47.245 [JavaFX Application Thread] DEBUG Input                - Registered new binding: System info dump - CTRL+9
23:13:47.246 [JavaFX Application Thread] DEBUG Input                - Registered new binding: Restart - CTRL+R
23:13:47.246 [JavaFX Application Thread] DEBUG Input                - Registered new binding: Toggle Debug Camera - CTRL+7
23:13:47.250 [JavaFX Application Thread] DEBUG LoopRunner           - Starting loop
23:13:47.250 [JavaFX Application Thread] DEBUG LoopRunner           - Initializing JavaFX AnimationTimerLoop
23:13:47.254 [JavaFX Application Thread] DEBUG Input                - Clearing active input actions
23:13:47.266 [JavaFX Application Thread] DEBUG GameApplicationServi - Removing overlay from FXGLStartupScene and adding to FXGLMainMenuDummyScene
23:13:47.266 [JavaFX Application Thread] DEBUG PrimaryStageWindow   - FXGLStartupScene -> FXGLMainMenuDummyScene
23:13:47.266 [JavaFX Application Thread] DEBUG PrimaryStageWindow   - Push state: FXGLDefaultMenu
23:13:47.273 [JavaFX Application Thread] DEBUG Input                - Clearing active input actions
23:13:47.282 [JavaFX Application Thread] DEBUG GameApplicationServi - Removing overlay from FXGLMainMenuDummyScene and adding to FXGLDefaultMenu
23:13:47.283 [JavaFX Application Thread] DEBUG PrimaryStageWindow   - FXGLMainMenuDummyScene -> FXGLDefaultMenu
23:13:47.320 [JavaFX Application Thread] DEBUG FXGLApplication      - Registering font factories with UI factory
23:13:50.151 [FXGL Background Thread 3 ] DEBUG Engine               - Logging environment variables
23:13:50.151 [FXGL Background Thread 3 ] DEBUG Engine               - achievements: []
23:13:50.151 [FXGL Background Thread 3 ] DEBUG Engine               - actualHeight: 600.0
23:13:50.151 [FXGL Background Thread 3 ] DEBUG Engine               - actualHeightProperty: ReadOnlyDoubleProperty [value: 600.0]
23:13:50.151 [FXGL Background Thread 3 ] DEBUG Engine               - actualWidth: 800.0
23:13:50.151 [FXGL Background Thread 3 ] DEBUG Engine               - actualWidthProperty: ReadOnlyDoubleProperty [value: 800.0]
23:13:50.152 [FXGL Background Thread 3 ] DEBUG Engine               - appIcon: fxgl_icon.png
23:13:50.152 [FXGL Background Thread 3 ] DEBUG Engine               - applicationMode: DEVELOPER
23:13:50.152 [FXGL Background Thread 3 ] DEBUG Engine               - cSSList: [fxgl_dark.css]
23:13:50.152 [FXGL Background Thread 3 ] DEBUG Engine               - collisionDetectionStrategy: BRUTE_FORCE
23:13:50.152 [FXGL Background Thread 3 ] DEBUG Engine               - configClass: Optional.empty
23:13:50.152 [FXGL Background Thread 3 ] DEBUG Engine               - credits: []
23:13:50.152 [FXGL Background Thread 3 ] DEBUG Engine               - defaultCursor: CursorInfo(imageName=fxgl_default_cursor.png, hotspotX=7.0, hotspotY=6.0)
23:13:50.152 [FXGL Background Thread 3 ] DEBUG Engine               - devBBoxColorProperty: ObjectProperty [value: 0xff0000ff]
23:13:50.152 [FXGL Background Thread 3 ] DEBUG Engine               - devEnableDebugCameraProperty: BooleanProperty [value: false]
23:13:50.152 [FXGL Background Thread 3 ] DEBUG Engine               - devSensorColorProperty: ObjectProperty [value: 0xffff00ff]
23:13:50.152 [FXGL Background Thread 3 ] DEBUG Engine               - devShowBBoxProperty: BooleanProperty [value: false]
23:13:50.153 [FXGL Background Thread 3 ] DEBUG Engine               - devShowPositionProperty: BooleanProperty [value: false]
23:13:50.153 [FXGL Background Thread 3 ] DEBUG Engine               - enabledMenuItems: []
23:13:50.153 [FXGL Background Thread 3 ] DEBUG Engine               - engineServices: [class com.almasb.fxgl.app.services.FXGLAssetLoaderService, class com.almasb.fxgl.app.FXGLApplication$GameApplicationService, class com.almasb.fxgl.app.services.FXGLDialogService, class com.almasb.fxgl.app.services.IOTaskExecutorService, class com.almasb.fxgl.io.FileSystemService, class com.almasb.fxgl.localization.LocalizationService, class com.almasb.fxgl.app.services.SystemBundleService, class com.almasb.fxgl.profile.SaveLoadService, class com.almasb.fxgl.ui.FXGLUIFactoryServiceProvider, class com.almasb.fxgl.ui.FXGLDialogFactoryServiceProvider, class com.almasb.fxgl.audio.AudioPlayer, class com.almasb.fxgl.notification.impl.NotificationServiceProvider, class com.almasb.fxgl.achievement.AchievementService, class com.almasb.fxgl.cutscene.CutsceneService, class com.almasb.fxgl.minigames.MiniGameService, class com.almasb.fxgl.net.NetService, class com.almasb.fxgl.app.services.UpdaterService, class com.almasb.fxgl.dev.DevService]
23:13:50.153 [FXGL Background Thread 3 ] DEBUG Engine               - fontGame: Abel-Regular.ttf
23:13:50.153 [FXGL Background Thread 3 ] DEBUG Engine               - fontMono: TerminalLandMono-Regular.otf
23:13:50.153 [FXGL Background Thread 3 ] DEBUG Engine               - fontSizeScaleUI: 1.0
23:13:50.153 [FXGL Background Thread 3 ] DEBUG Engine               - fontText: Courier-Prime.ttf
23:13:50.153 [FXGL Background Thread 3 ] DEBUG Engine               - fontUI: VarelaRound-Regular.ttf
23:13:50.153 [FXGL Background Thread 3 ] DEBUG Engine               - fullScreen: BooleanProperty [value: false]
23:13:50.153 [FXGL Background Thread 3 ] DEBUG Engine               - gameDifficulty: MEDIUM
23:13:50.153 [FXGL Background Thread 3 ] DEBUG Engine               - gameDifficultyProperty: ObjectProperty [value: MEDIUM]
23:13:50.153 [FXGL Background Thread 3 ] DEBUG Engine               - globalMusicVolume: 0.5
23:13:50.153 [FXGL Background Thread 3 ] DEBUG Engine               - globalMusicVolumeProperty: DoubleProperty [value: 0.5]
23:13:50.153 [FXGL Background Thread 3 ] DEBUG Engine               - globalSoundVolume: 0.5
23:13:50.154 [FXGL Background Thread 3 ] DEBUG Engine               - globalSoundVolumeProperty: DoubleProperty [value: 0.5]
23:13:50.154 [FXGL Background Thread 3 ] DEBUG Engine               - height: 600
23:13:50.154 [FXGL Background Thread 3 ] DEBUG Engine               - is3D: false
23:13:50.154 [FXGL Background Thread 3 ] DEBUG Engine               - isAndroid: false
23:13:50.154 [FXGL Background Thread 3 ] DEBUG Engine               - isBrowser: false
23:13:50.154 [FXGL Background Thread 3 ] DEBUG Engine               - isClickFeedbackEnabled: false
23:13:50.154 [FXGL Background Thread 3 ] DEBUG Engine               - isCloseConfirmation: false
23:13:50.154 [FXGL Background Thread 3 ] DEBUG Engine               - isDesktop: true
23:13:50.154 [FXGL Background Thread 3 ] DEBUG Engine               - isDeveloperMenuEnabled: false
23:13:50.154 [FXGL Background Thread 3 ] DEBUG Engine               - isEmbedded: false
23:13:50.154 [FXGL Background Thread 3 ] DEBUG Engine               - isEntityPreloadEnabled: true
23:13:50.154 [FXGL Background Thread 3 ] DEBUG Engine               - isExperimentalTiledLargeMap: false
23:13:50.154 [FXGL Background Thread 3 ] DEBUG Engine               - isFileSystemWriteAllowed: true
23:13:50.154 [FXGL Background Thread 3 ] DEBUG Engine               - isFullScreenAllowed: false
23:13:50.154 [FXGL Background Thread 3 ] DEBUG Engine               - isFullScreenFromStart: false
23:13:50.154 [FXGL Background Thread 3 ] DEBUG Engine               - isGameMenuEnabled: true
23:13:50.155 [FXGL Background Thread 3 ] DEBUG Engine               - isIOS: false
23:13:50.155 [FXGL Background Thread 3 ] DEBUG Engine               - isIntroEnabled: false
23:13:50.155 [FXGL Background Thread 3 ] DEBUG Engine               - isLinux: false
23:13:50.155 [FXGL Background Thread 3 ] DEBUG Engine               - isMac: false
23:13:50.155 [FXGL Background Thread 3 ] DEBUG Engine               - isMainMenuEnabled: true
23:13:50.155 [FXGL Background Thread 3 ] DEBUG Engine               - isManualResizeEnabled: false
23:13:50.155 [FXGL Background Thread 3 ] DEBUG Engine               - isMobile: false
23:13:50.155 [FXGL Background Thread 3 ] DEBUG Engine               - isNative: false
23:13:50.155 [FXGL Background Thread 3 ] DEBUG Engine               - isPauseMusicWhenMinimized: true
23:13:50.155 [FXGL Background Thread 3 ] DEBUG Engine               - isPreserveResizeRatio: false
23:13:50.155 [FXGL Background Thread 3 ] DEBUG Engine               - isProfilingEnabled: false
23:13:50.155 [FXGL Background Thread 3 ] DEBUG Engine               - isScaleAffectedOnResize: true
23:13:50.155 [FXGL Background Thread 3 ] DEBUG Engine               - isSingleStep: false
23:13:50.155 [FXGL Background Thread 3 ] DEBUG Engine               - isUserProfileEnabled: false
23:13:50.155 [FXGL Background Thread 3 ] DEBUG Engine               - isWindows: true
23:13:50.156 [FXGL Background Thread 3 ] DEBUG Engine               - language: ObjectProperty [value: ENGLISH]
23:13:50.156 [FXGL Background Thread 3 ] DEBUG Engine               - menuKey: ESCAPE
23:13:50.156 [FXGL Background Thread 3 ] DEBUG Engine               - mouseSensitivity: 0.2
23:13:50.156 [FXGL Background Thread 3 ] DEBUG Engine               - notificationViewClass: class com.almasb.fxgl.notification.view.XboxNotificationView
23:13:50.156 [FXGL Background Thread 3 ] DEBUG Engine               - pixelsPerMeter: 50.0
23:13:50.156 [FXGL Background Thread 3 ] DEBUG Engine               - platform: WINDOWS
23:13:50.156 [FXGL Background Thread 3 ] DEBUG Engine               - prefHeightProperty: ReadOnlyDoubleProperty [value: 600.0]
23:13:50.156 [FXGL Background Thread 3 ] DEBUG Engine               - prefWidthProperty: ReadOnlyDoubleProperty [value: 800.0]
23:13:50.156 [FXGL Background Thread 3 ] DEBUG Engine               - profileDir: profiles/
23:13:50.156 [FXGL Background Thread 3 ] DEBUG Engine               - profileName: StringProperty [value: DEFAULT]
23:13:50.156 [FXGL Background Thread 3 ] DEBUG Engine               - randomSeed: -1
23:13:50.156 [FXGL Background Thread 3 ] DEBUG Engine               - runtimeInfo: RuntimeInfo(platform=WINDOWS, version=21.1, build=27.03.2024 07.52)
23:13:50.157 [FXGL Background Thread 3 ] DEBUG Engine               - saveFileExt: sav
23:13:50.157 [FXGL Background Thread 3 ] DEBUG Engine               - scaledHeightProp$fxgl: DoubleProperty [bound, value: 600.0]
23:13:50.157 [FXGL Background Thread 3 ] DEBUG Engine               - scaledWidthProp$fxgl: DoubleProperty [bound, value: 800.0]
23:13:50.157 [FXGL Background Thread 3 ] DEBUG Engine               - sceneFactory: com.almasb.fxgl.app.scene.SceneFactory@603fbe8a
23:13:50.157 [FXGL Background Thread 3 ] DEBUG Engine               - secondsIn24h: 60
23:13:50.157 [FXGL Background Thread 3 ] DEBUG Engine               - soundMenuBack: menu/back.wav
23:13:50.157 [FXGL Background Thread 3 ] DEBUG Engine               - soundMenuPress: menu/press.wav
23:13:50.157 [FXGL Background Thread 3 ] DEBUG Engine               - soundMenuSelect: menu/select.wav
23:13:50.157 [FXGL Background Thread 3 ] DEBUG Engine               - soundNotification: core/notification.wav
23:13:50.157 [FXGL Background Thread 3 ] DEBUG Engine               - stageStyle: DECORATED
23:13:50.157 [FXGL Background Thread 3 ] DEBUG Engine               - supportedLanguages: [ENGLISH, FRENCH, GERMAN, HUNGARIAN, RUSSIAN]
23:13:50.157 [FXGL Background Thread 3 ] DEBUG Engine               - ticksPerSecond: -1
23:13:50.157 [FXGL Background Thread 3 ] DEBUG Engine               - title: Owl's Blood
23:13:50.157 [FXGL Background Thread 3 ] DEBUG Engine               - urlGithub: https://github.com/AlmasB/FXGL
23:13:50.157 [FXGL Background Thread 3 ] DEBUG Engine               - urlLeaderboard: http://fxgl-top.herokuapp.com/
23:13:50.157 [FXGL Background Thread 3 ] DEBUG Engine               - urlPOM: https://raw.githubusercontent.com/AlmasB/FXGL/release/README.md
23:13:50.157 [FXGL Background Thread 3 ] DEBUG Engine               - userAppClass: class untitled4.GameApp
23:13:50.157 [FXGL Background Thread 3 ] DEBUG Engine               - version: 0.1
23:13:50.157 [FXGL Background Thread 3 ] DEBUG Engine               - versionCheckDays: 7
23:13:50.158 [FXGL Background Thread 3 ] DEBUG Engine               - width: 800
23:13:50.158 [FXGL Background Thread 3 ] DEBUG Engine               - Logging services
23:13:50.158 [FXGL Background Thread 3 ] DEBUG Engine               - class com.almasb.fxgl.app.services.FXGLAssetLoaderService
23:13:50.158 [FXGL Background Thread 3 ] DEBUG Engine               - class com.almasb.fxgl.app.FXGLApplication$GameApplicationService
23:13:50.158 [FXGL Background Thread 3 ] DEBUG Engine               - class com.almasb.fxgl.app.services.FXGLDialogService
23:13:50.158 [FXGL Background Thread 3 ] DEBUG Engine               - class com.almasb.fxgl.app.services.IOTaskExecutorService
23:13:50.158 [FXGL Background Thread 3 ] DEBUG Engine               - class com.almasb.fxgl.io.FileSystemService
23:13:50.158 [FXGL Background Thread 3 ] DEBUG Engine               - class com.almasb.fxgl.localization.LocalizationService
23:13:50.158 [FXGL Background Thread 3 ] DEBUG Engine               - class com.almasb.fxgl.app.services.SystemBundleService
23:13:50.158 [FXGL Background Thread 3 ] DEBUG Engine               - class com.almasb.fxgl.profile.SaveLoadService
23:13:50.158 [FXGL Background Thread 3 ] DEBUG Engine               - class com.almasb.fxgl.ui.FXGLUIFactoryServiceProvider
23:13:50.158 [FXGL Background Thread 3 ] DEBUG Engine               - class com.almasb.fxgl.ui.FXGLDialogFactoryServiceProvider
23:13:50.158 [FXGL Background Thread 3 ] DEBUG Engine               - class com.almasb.fxgl.audio.AudioPlayer
23:13:50.158 [FXGL Background Thread 3 ] DEBUG Engine               - class com.almasb.fxgl.notification.impl.NotificationServiceProvider
23:13:50.158 [FXGL Background Thread 3 ] DEBUG Engine               - class com.almasb.fxgl.achievement.AchievementService
23:13:50.159 [FXGL Background Thread 3 ] DEBUG Engine               - class com.almasb.fxgl.cutscene.CutsceneService
23:13:50.159 [FXGL Background Thread 3 ] DEBUG Engine               - class com.almasb.fxgl.minigames.MiniGameService
23:13:50.159 [FXGL Background Thread 3 ] DEBUG Engine               - class com.almasb.fxgl.net.NetService
23:13:50.159 [FXGL Background Thread 3 ] DEBUG Engine               - class com.almasb.fxgl.app.services.UpdaterService
23:13:50.159 [FXGL Background Thread 3 ] DEBUG Engine               - class com.almasb.fxgl.dev.DevService
23:13:50.378 [JavaFX Application Thread] DEBUG Menu                 - fireNewGame()
23:13:50.378 [JavaFX Application Thread] DEBUG GameApplicationServi - Starting new game
23:13:50.380 [JavaFX Application Thread] DEBUG PrimaryStageWindow   - Pop state: FXGLDefaultMenu
23:13:50.380 [JavaFX Application Thread] DEBUG Input                - Clearing active input actions
23:13:50.382 [JavaFX Application Thread] DEBUG GameApplicationServi - Removing overlay from FXGLDefaultMenu and adding to FXGLMainMenuDummyScene
23:13:50.382 [JavaFX Application Thread] DEBUG PrimaryStageWindow   - FXGLMainMenuDummyScene <- FXGLDefaultMenu
23:13:50.383 [JavaFX Application Thread] DEBUG Input                - Clearing active input actions
23:13:50.394 [JavaFX Application Thread] DEBUG GameApplicationServi - Removing overlay from FXGLMainMenuDummyScene and adding to FXGLLoadingScene
23:13:50.395 [JavaFX Application Thread] DEBUG PrimaryStageWindow   - FXGLMainMenuDummyScene -> FXGLLoadingScene
23:13:50.395 [JavaFX Application Thread] DEBUG GameApplicationServi - Clearing previous game
23:13:50.395 [JavaFX Application Thread] DEBUG GameScene            - Clearing game scene
23:13:50.395 [JavaFX Application Thread] DEBUG GameWorld            - Clearing game world
23:13:50.395 [JavaFX Application Thread] DEBUG PhysicsWorld         - Clearing physics world
23:13:50.397 [FXGL Background Thread 2 ] DEBUG FXGLApplication      - Initializing game
23:13:50.399 [FXGL Background Thread 2 ] INFO  FXGLApplication      - Game initialization took: 0,002 sec
23:13:50.446 [JavaFX Application Thread] DEBUG Input                - Clearing active input actions
23:13:50.455 [JavaFX Application Thread] DEBUG GameApplicationServi - Removing overlay from FXGLLoadingScene and adding to GameScene
23:13:50.455 [JavaFX Application Thread] DEBUG PrimaryStageWindow   - FXGLLoadingScene -> GameScene
23:13:52.542 [JavaFX Application Thread] DEBUG FXGLApplication      - Exiting FXGL
23:13:52.542 [JavaFX Application Thread] DEBUG LoopRunner           - Stopping loop
23:13:52.542 [JavaFX Application Thread] DEBUG SystemBundleService  - Saving FXGL system data
23:13:52.545 [JavaFX Application Thread] DEBUG FileSystemAccess     - Writing to: C:\Users\zonda\IdeaProjects\untitled4\system\fxgl.bundle
23:13:52.547 [JavaFX Application Thread] DEBUG Async                - Shutting down background threads
23:13:52.547 [JavaFX Application Thread] DEBUG PrimaryStageWindow   - Closing main window
23:13:52.573 [JavaFX Application Thread] DEBUG Logger               - Closing Logger
