18:07:09.411 [main                     ] DEBUG Logger               - Configured Logger
18:07:09.421 [main                     ] DEBUG GameApplication      - Logging settings
Title: Owl's Blood
Version: 0.1
Width: 800
Height: 600
Fullscreen: false
Intro: false
Profiling: false
Single step:false
App Mode: DEVELOPER
Menu Key: ESCAPE
Stage Style: DECORATED
Scene Factory: class com.almasb.fxgl.app.scene.SceneFactory

18:07:10.856 [JavaFX Application Thread] DEBUG FXGLApplication      - Initializing FXGL
18:07:10.860 [JavaFX Application Thread] INFO  Engine               - FXGL-21.1 (27.03.2024 07.52) on WINDOWS (J:24.0.1 FX:21)
18:07:10.861 [JavaFX Application Thread] DEBUG Engine               - JRE Vendor Name: Oracle Corporation
18:07:10.861 [JavaFX Application Thread] DEBUG Engine               - Running on OS: Windows 10 version 10.0
18:07:10.861 [JavaFX Application Thread] DEBUG Engine               - Architecture: amd64
18:07:10.861 [JavaFX Application Thread] INFO  Engine               - Source code and latest versions at: https://github.com/AlmasB/FXGL
18:07:10.861 [JavaFX Application Thread] INFO  Engine               -       Ask questions and discuss at: https://github.com/AlmasB/FXGL/discussions
18:07:10.861 [JavaFX Application Thread] INFO  Engine               -              Join the FXGL chat at: https://gitter.im/AlmasB/FXGL
18:07:10.995 [JavaFX Application Thread] DEBUG PrimaryStageWindow   - Creating a JavaFX scene
18:07:11.051 [JavaFX Application Thread] DEBUG PrimaryStageWindow   - Target settings size: 800.0 x 600.0
18:07:11.051 [JavaFX Application Thread] DEBUG PrimaryStageWindow   - Scaled scene size:    800.0 x 600.0
18:07:11.051 [JavaFX Application Thread] DEBUG PrimaryStageWindow   - Scaled ratio: (1.0, 1.0)
18:07:11.052 [JavaFX Application Thread] DEBUG PrimaryStageWindow   - Set initial scene to FXGLStartupScene
18:07:11.057 [JavaFX Application Thread] DEBUG PrimaryStageWindow   - Opening main window
18:07:11.176 [JavaFX Application Thread] DEBUG PrimaryStageWindow   - Window border size: (16.0, 39.0)
18:07:11.176 [JavaFX Application Thread] DEBUG PrimaryStageWindow   - Scaled size: 800.0 x 600.0
18:07:11.177 [JavaFX Application Thread] DEBUG PrimaryStageWindow   - Scaled ratio: (1.0, 1.0)
18:07:11.177 [JavaFX Application Thread] DEBUG PrimaryStageWindow   - Scene size: 800.0 x 600.0
18:07:11.177 [JavaFX Application Thread] DEBUG PrimaryStageWindow   - Stage size: 816.0 x 639.0
18:07:11.189 [FXGL Background Thread 1 ] DEBUG Engine               - Initializing environment variables
18:07:11.256 [FXGL Background Thread 1 ] DEBUG FXGLAssetLoaderServi - User app class for loading assets: class untitled4.GameApp
18:07:11.256 [FXGL Background Thread 1 ] DEBUG GameApplicationServi - Applying CSS: fxgl_dark.css
18:07:11.257 [FXGL Background Thread 1 ] DEBUG FXGLAssetLoaderServi - Loading from file system: jar:file:///C:/Users/zonda/.m2/repository/com/github/almasb/fxgl/21.1/fxgl-21.1.jar!/fxglassets/ui/css/fxgl_dark.css
18:07:11.331 [FXGL Background Thread 1 ] DEBUG GameApplicationServi - Initializing application scenes
18:07:11.376 [FXGL Background Thread 1 ] DEBUG GameWorld            - Game world initialized
18:07:11.470 [FXGL Background Thread 1 ] DEBUG PhysicsWorld         - Physics world initialized: appHeight=600, physics.ppm=50,0
18:07:11.470 [FXGL Background Thread 1 ] DEBUG PhysicsWorld         - Using strategy: BRUTE_FORCE
18:07:11.475 [FXGL Background Thread 1 ] DEBUG GameScene            - Game scene initialized: 800x600
18:07:11.487 [FXGL Background Thread 1 ] DEBUG FXGL.DefaultMenu     - createMenuBodyMainMenu()
18:07:11.506 [FXGL Background Thread 1 ] DEBUG FXGL.DefaultMenu     - createOptionsMenu()
18:07:11.520 [FXGL Background Thread 1 ] DEBUG FXGLAssetLoaderServi - Loading from file system: jar:file:///C:/Users/zonda/.m2/repository/com/github/almasb/fxgl/21.1/fxgl-21.1.jar!/fxglassets/textures/particles/smoke.png
18:07:11.636 [FXGL Background Thread 1 ] DEBUG FXGLAssetLoaderServi - Loading from file system: jar:file:///C:/Users/zonda/.m2/repository/com/github/almasb/fxgl/21.1/fxgl-21.1.jar!/fxglassets/textures/particles/trace_horizontal.png
18:07:11.671 [FXGL Background Thread 1 ] DEBUG FXGL.DefaultMenu     - createMenuBodyGameMenu()
18:07:11.672 [FXGL Background Thread 1 ] DEBUG FXGL.DefaultMenu     - createOptionsMenu()
18:07:11.694 [FXGL Background Thread 1 ] DEBUG GameApplicationServi - Application scenes initialized
18:07:11.707 [FXGL Background Thread 1 ] DEBUG SystemBundleService  - Loading FXGL system data
18:07:11.708 [FXGL Background Thread 1 ] DEBUG FileSystemAccess     - Reading from: C:\Users\zonda\IdeaProjects\untitled4\system\fxgl.bundle
18:07:11.711 [FXGL Background Thread 1 ] DEBUG SystemBundleService  - Bundle FXGL: {}
18:07:11.711 [FXGL Background Thread 1 ] DEBUG UpdaterService       - Checking for updates
18:07:11.715 [FXGL Background Thread 4 ] DEBUG FXGLApplication      - Loading fonts
18:07:11.716 [FXGL Background Thread 4 ] DEBUG FXGLAssetLoaderServi - Loading from file system: jar:file:///C:/Users/zonda/.m2/repository/com/github/almasb/fxgl/21.1/fxgl-21.1.jar!/fxglassets/ui/fonts/VarelaRound-Regular.ttf
18:07:11.716 [FXGL Background Thread 1 ] DEBUG FXGLApplication      - Loading default localization
18:07:11.717 [FXGL Background Thread 1 ] DEBUG FXGLAssetLoaderServi - Loading from file system: jar:file:///C:/Users/zonda/.m2/repository/com/github/almasb/fxgl/21.1/fxgl-21.1.jar!/fxglassets/languages/english.lang
18:07:11.738 [FXGL Background Thread 4 ] DEBUG FXGLAssetLoaderServi - Loading from file system: jar:file:///C:/Users/zonda/.m2/repository/com/github/almasb/fxgl/21.1/fxgl-21.1.jar!/fxglassets/ui/fonts/Abel-Regular.ttf
18:07:11.743 [FXGL Background Thread 1 ] INFO  FXGLApplication      - FXGL initialization took: 0,554 sec
18:07:11.744 [JavaFX Application Thread] DEBUG FXGLAssetLoaderServi - Loading from file system: jar:file:///C:/Users/zonda/.m2/repository/com/github/almasb/fxgl/21.1/fxgl-21.1.jar!/fxglassets/textures/fxgl_icon.png
18:07:11.754 [FXGL Background Thread 4 ] DEBUG FXGLAssetLoaderServi - Loading from file system: jar:file:///C:/Users/zonda/.m2/repository/com/github/almasb/fxgl/21.1/fxgl-21.1.jar!/fxglassets/ui/fonts/TerminalLandMono-Regular.otf
18:07:11.769 [FXGL Background Thread 4 ] DEBUG FXGLAssetLoaderServi - Loading from file system: jar:file:///C:/Users/zonda/.m2/repository/com/github/almasb/fxgl/21.1/fxgl-21.1.jar!/fxglassets/ui/fonts/Courier-Prime.ttf
18:07:11.786 [JavaFX Application Thread] DEBUG FXGLAssetLoaderServi - Loading from file system: jar:file:///C:/Users/zonda/.m2/repository/com/github/almasb/fxgl/21.1/fxgl-21.1.jar!/fxglassets/textures/fxgl_default_cursor.png
18:07:11.803 [JavaFX Application Thread] DEBUG Input                - Registered new binding: Screenshot - CTRL+8
18:07:11.803 [JavaFX Application Thread] DEBUG Input                - Registered new binding: System info dump - CTRL+9
18:07:11.804 [JavaFX Application Thread] DEBUG Input                - Registered new binding: Restart - CTRL+R
18:07:11.804 [JavaFX Application Thread] DEBUG Input                - Registered new binding: Toggle Debug Camera - CTRL+7
18:07:11.807 [JavaFX Application Thread] DEBUG LoopRunner           - Starting loop
18:07:11.807 [JavaFX Application Thread] DEBUG LoopRunner           - Initializing JavaFX AnimationTimerLoop
18:07:11.809 [JavaFX Application Thread] DEBUG Input                - Clearing active input actions
18:07:11.822 [JavaFX Application Thread] DEBUG GameApplicationServi - Removing overlay from FXGLStartupScene and adding to FXGLMainMenuDummyScene
18:07:11.823 [JavaFX Application Thread] DEBUG PrimaryStageWindow   - FXGLStartupScene -> FXGLMainMenuDummyScene
18:07:11.823 [JavaFX Application Thread] DEBUG PrimaryStageWindow   - Push state: FXGLDefaultMenu
18:07:11.829 [JavaFX Application Thread] DEBUG Input                - Clearing active input actions
18:07:11.841 [JavaFX Application Thread] DEBUG GameApplicationServi - Removing overlay from FXGLMainMenuDummyScene and adding to FXGLDefaultMenu
18:07:11.841 [JavaFX Application Thread] DEBUG PrimaryStageWindow   - FXGLMainMenuDummyScene -> FXGLDefaultMenu
18:07:11.842 [JavaFX Application Thread] DEBUG FXGLApplication      - Registering font factories with UI factory
18:07:14.598 [JavaFX Application Thread] DEBUG PrimaryStageWindow   - Push state: DialogSubScene
18:07:14.598 [JavaFX Application Thread] DEBUG Input                - Clearing active input actions
18:07:14.599 [JavaFX Application Thread] DEBUG GameApplicationServi - Removing overlay from FXGLDefaultMenu and adding to DialogSubScene
18:07:14.599 [JavaFX Application Thread] DEBUG PrimaryStageWindow   - FXGLDefaultMenu -> DialogSubScene
18:07:14.715 [FXGL Background Thread 3 ] DEBUG Engine               - Logging environment variables
18:07:14.715 [FXGL Background Thread 3 ] DEBUG Engine               - achievements: []
18:07:14.715 [FXGL Background Thread 3 ] DEBUG Engine               - actualHeight: 600.0
18:07:14.715 [FXGL Background Thread 3 ] DEBUG Engine               - actualHeightProperty: ReadOnlyDoubleProperty [value: 600.0]
18:07:14.716 [FXGL Background Thread 3 ] DEBUG Engine               - actualWidth: 800.0
18:07:14.716 [FXGL Background Thread 3 ] DEBUG Engine               - actualWidthProperty: ReadOnlyDoubleProperty [value: 800.0]
18:07:14.716 [FXGL Background Thread 3 ] DEBUG Engine               - appIcon: fxgl_icon.png
18:07:14.716 [FXGL Background Thread 3 ] DEBUG Engine               - applicationMode: DEVELOPER
18:07:14.716 [FXGL Background Thread 3 ] DEBUG Engine               - cSSList: [fxgl_dark.css]
18:07:14.716 [FXGL Background Thread 3 ] DEBUG Engine               - collisionDetectionStrategy: BRUTE_FORCE
18:07:14.716 [FXGL Background Thread 3 ] DEBUG Engine               - configClass: Optional.empty
18:07:14.716 [FXGL Background Thread 3 ] DEBUG Engine               - credits: []
18:07:14.716 [FXGL Background Thread 3 ] DEBUG Engine               - defaultCursor: CursorInfo(imageName=fxgl_default_cursor.png, hotspotX=7.0, hotspotY=6.0)
18:07:14.717 [FXGL Background Thread 3 ] DEBUG Engine               - devBBoxColorProperty: ObjectProperty [value: 0xff0000ff]
18:07:14.717 [FXGL Background Thread 3 ] DEBUG Engine               - devEnableDebugCameraProperty: BooleanProperty [value: false]
18:07:14.717 [FXGL Background Thread 3 ] DEBUG Engine               - devSensorColorProperty: ObjectProperty [value: 0xffff00ff]
18:07:14.717 [FXGL Background Thread 3 ] DEBUG Engine               - devShowBBoxProperty: BooleanProperty [value: false]
18:07:14.717 [FXGL Background Thread 3 ] DEBUG Engine               - devShowPositionProperty: BooleanProperty [value: false]
18:07:14.717 [FXGL Background Thread 3 ] DEBUG Engine               - enabledMenuItems: []
18:07:14.717 [FXGL Background Thread 3 ] DEBUG Engine               - engineServices: [class com.almasb.fxgl.app.services.FXGLAssetLoaderService, class com.almasb.fxgl.app.FXGLApplication$GameApplicationService, class com.almasb.fxgl.app.services.FXGLDialogService, class com.almasb.fxgl.app.services.IOTaskExecutorService, class com.almasb.fxgl.io.FileSystemService, class com.almasb.fxgl.localization.LocalizationService, class com.almasb.fxgl.app.services.SystemBundleService, class com.almasb.fxgl.profile.SaveLoadService, class com.almasb.fxgl.ui.FXGLUIFactoryServiceProvider, class com.almasb.fxgl.ui.FXGLDialogFactoryServiceProvider, class com.almasb.fxgl.audio.AudioPlayer, class com.almasb.fxgl.notification.impl.NotificationServiceProvider, class com.almasb.fxgl.achievement.AchievementService, class com.almasb.fxgl.cutscene.CutsceneService, class com.almasb.fxgl.minigames.MiniGameService, class com.almasb.fxgl.net.NetService, class com.almasb.fxgl.app.services.UpdaterService, class com.almasb.fxgl.dev.DevService]
18:07:14.717 [FXGL Background Thread 3 ] DEBUG Engine               - fontGame: Abel-Regular.ttf
18:07:14.717 [FXGL Background Thread 3 ] DEBUG Engine               - fontMono: TerminalLandMono-Regular.otf
18:07:14.717 [FXGL Background Thread 3 ] DEBUG Engine               - fontSizeScaleUI: 1.0
18:07:14.718 [FXGL Background Thread 3 ] DEBUG Engine               - fontText: Courier-Prime.ttf
18:07:14.718 [FXGL Background Thread 3 ] DEBUG Engine               - fontUI: VarelaRound-Regular.ttf
18:07:14.718 [FXGL Background Thread 3 ] DEBUG Engine               - fullScreen: BooleanProperty [value: false]
18:07:14.718 [FXGL Background Thread 3 ] DEBUG Engine               - gameDifficulty: MEDIUM
18:07:14.718 [FXGL Background Thread 3 ] DEBUG Engine               - gameDifficultyProperty: ObjectProperty [value: MEDIUM]
18:07:14.718 [FXGL Background Thread 3 ] DEBUG Engine               - globalMusicVolume: 0.5
18:07:14.718 [FXGL Background Thread 3 ] DEBUG Engine               - globalMusicVolumeProperty: DoubleProperty [value: 0.5]
18:07:14.718 [FXGL Background Thread 3 ] DEBUG Engine               - globalSoundVolume: 0.5
18:07:14.718 [FXGL Background Thread 3 ] DEBUG Engine               - globalSoundVolumeProperty: DoubleProperty [value: 0.5]
18:07:14.718 [FXGL Background Thread 3 ] DEBUG Engine               - height: 600
18:07:14.718 [FXGL Background Thread 3 ] DEBUG Engine               - is3D: false
18:07:14.718 [FXGL Background Thread 3 ] DEBUG Engine               - isAndroid: false
18:07:14.718 [FXGL Background Thread 3 ] DEBUG Engine               - isBrowser: false
18:07:14.718 [FXGL Background Thread 3 ] DEBUG Engine               - isClickFeedbackEnabled: false
18:07:14.718 [FXGL Background Thread 3 ] DEBUG Engine               - isCloseConfirmation: false
18:07:14.718 [FXGL Background Thread 3 ] DEBUG Engine               - isDesktop: true
18:07:14.719 [FXGL Background Thread 3 ] DEBUG Engine               - isDeveloperMenuEnabled: false
18:07:14.719 [FXGL Background Thread 3 ] DEBUG Engine               - isEmbedded: false
18:07:14.719 [FXGL Background Thread 3 ] DEBUG Engine               - isEntityPreloadEnabled: true
18:07:14.719 [FXGL Background Thread 3 ] DEBUG Engine               - isExperimentalTiledLargeMap: false
18:07:14.719 [FXGL Background Thread 3 ] DEBUG Engine               - isFileSystemWriteAllowed: true
18:07:14.719 [FXGL Background Thread 3 ] DEBUG Engine               - isFullScreenAllowed: false
18:07:14.719 [FXGL Background Thread 3 ] DEBUG Engine               - isFullScreenFromStart: false
18:07:14.719 [FXGL Background Thread 3 ] DEBUG Engine               - isGameMenuEnabled: true
18:07:14.719 [FXGL Background Thread 3 ] DEBUG Engine               - isIOS: false
18:07:14.719 [FXGL Background Thread 3 ] DEBUG Engine               - isIntroEnabled: false
18:07:14.719 [FXGL Background Thread 3 ] DEBUG Engine               - isLinux: false
18:07:14.719 [FXGL Background Thread 3 ] DEBUG Engine               - isMac: false
18:07:14.719 [FXGL Background Thread 3 ] DEBUG Engine               - isMainMenuEnabled: true
18:07:14.719 [FXGL Background Thread 3 ] DEBUG Engine               - isManualResizeEnabled: false
18:07:14.719 [FXGL Background Thread 3 ] DEBUG Engine               - isMobile: false
18:07:14.720 [FXGL Background Thread 3 ] DEBUG Engine               - isNative: false
18:07:14.720 [FXGL Background Thread 3 ] DEBUG Engine               - isPauseMusicWhenMinimized: true
18:07:14.720 [FXGL Background Thread 3 ] DEBUG Engine               - isPreserveResizeRatio: false
18:07:14.720 [FXGL Background Thread 3 ] DEBUG Engine               - isProfilingEnabled: false
18:07:14.720 [FXGL Background Thread 3 ] DEBUG Engine               - isScaleAffectedOnResize: true
18:07:14.720 [FXGL Background Thread 3 ] DEBUG Engine               - isSingleStep: false
18:07:14.720 [FXGL Background Thread 3 ] DEBUG Engine               - isUserProfileEnabled: false
18:07:14.720 [FXGL Background Thread 3 ] DEBUG Engine               - isWindows: true
18:07:14.720 [FXGL Background Thread 3 ] DEBUG Engine               - language: ObjectProperty [value: ENGLISH]
18:07:14.720 [FXGL Background Thread 3 ] DEBUG Engine               - menuKey: ESCAPE
18:07:14.720 [FXGL Background Thread 3 ] DEBUG Engine               - mouseSensitivity: 0.2
18:07:14.721 [FXGL Background Thread 3 ] DEBUG Engine               - notificationViewClass: class com.almasb.fxgl.notification.view.XboxNotificationView
18:07:14.721 [FXGL Background Thread 3 ] DEBUG Engine               - pixelsPerMeter: 50.0
18:07:14.721 [FXGL Background Thread 3 ] DEBUG Engine               - platform: WINDOWS
18:07:14.721 [FXGL Background Thread 3 ] DEBUG Engine               - prefHeightProperty: ReadOnlyDoubleProperty [value: 600.0]
18:07:14.721 [FXGL Background Thread 3 ] DEBUG Engine               - prefWidthProperty: ReadOnlyDoubleProperty [value: 800.0]
18:07:14.721 [FXGL Background Thread 3 ] DEBUG Engine               - profileDir: profiles/
18:07:14.721 [FXGL Background Thread 3 ] DEBUG Engine               - profileName: StringProperty [value: DEFAULT]
18:07:14.721 [FXGL Background Thread 3 ] DEBUG Engine               - randomSeed: -1
18:07:14.721 [FXGL Background Thread 3 ] DEBUG Engine               - runtimeInfo: RuntimeInfo(platform=WINDOWS, version=21.1, build=27.03.2024 07.52)
18:07:14.721 [FXGL Background Thread 3 ] DEBUG Engine               - saveFileExt: sav
18:07:14.721 [FXGL Background Thread 3 ] DEBUG Engine               - scaledHeightProp$fxgl: DoubleProperty [bound, value: 600.0]
18:07:14.722 [FXGL Background Thread 3 ] DEBUG Engine               - scaledWidthProp$fxgl: DoubleProperty [bound, value: 800.0]
18:07:14.722 [FXGL Background Thread 3 ] DEBUG Engine               - sceneFactory: com.almasb.fxgl.app.scene.SceneFactory@7ef41fab
18:07:14.722 [FXGL Background Thread 3 ] DEBUG Engine               - secondsIn24h: 60
18:07:14.722 [FXGL Background Thread 3 ] DEBUG Engine               - soundMenuBack: menu/back.wav
18:07:14.722 [FXGL Background Thread 3 ] DEBUG Engine               - soundMenuPress: menu/press.wav
18:07:14.722 [FXGL Background Thread 3 ] DEBUG Engine               - soundMenuSelect: menu/select.wav
18:07:14.722 [FXGL Background Thread 3 ] DEBUG Engine               - soundNotification: core/notification.wav
18:07:14.722 [FXGL Background Thread 3 ] DEBUG Engine               - stageStyle: DECORATED
18:07:14.722 [FXGL Background Thread 3 ] DEBUG Engine               - supportedLanguages: [ENGLISH, FRENCH, GERMAN, HUNGARIAN, RUSSIAN]
18:07:14.722 [FXGL Background Thread 3 ] DEBUG Engine               - ticksPerSecond: -1
18:07:14.722 [FXGL Background Thread 3 ] DEBUG Engine               - title: Owl's Blood
18:07:14.722 [FXGL Background Thread 3 ] DEBUG Engine               - urlGithub: https://github.com/AlmasB/FXGL
18:07:14.722 [FXGL Background Thread 3 ] DEBUG Engine               - urlLeaderboard: http://fxgl-top.herokuapp.com/
18:07:14.722 [FXGL Background Thread 3 ] DEBUG Engine               - urlPOM: https://raw.githubusercontent.com/AlmasB/FXGL/release/README.md
18:07:14.722 [FXGL Background Thread 3 ] DEBUG Engine               - userAppClass: class untitled4.GameApp
18:07:14.722 [FXGL Background Thread 3 ] DEBUG Engine               - version: 0.1
18:07:14.722 [FXGL Background Thread 3 ] DEBUG Engine               - versionCheckDays: 7
18:07:14.722 [FXGL Background Thread 3 ] DEBUG Engine               - width: 800
18:07:14.723 [FXGL Background Thread 3 ] DEBUG Engine               - Logging services
18:07:14.723 [FXGL Background Thread 3 ] DEBUG Engine               - class com.almasb.fxgl.app.services.FXGLAssetLoaderService
18:07:14.723 [FXGL Background Thread 3 ] DEBUG Engine               - class com.almasb.fxgl.app.FXGLApplication$GameApplicationService
18:07:14.723 [FXGL Background Thread 3 ] DEBUG Engine               - class com.almasb.fxgl.app.services.FXGLDialogService
18:07:14.723 [FXGL Background Thread 3 ] DEBUG Engine               - class com.almasb.fxgl.app.services.IOTaskExecutorService
18:07:14.723 [FXGL Background Thread 3 ] DEBUG Engine               - class com.almasb.fxgl.io.FileSystemService
18:07:14.723 [FXGL Background Thread 3 ] DEBUG Engine               - class com.almasb.fxgl.localization.LocalizationService
18:07:14.723 [FXGL Background Thread 3 ] DEBUG Engine               - class com.almasb.fxgl.app.services.SystemBundleService
18:07:14.723 [FXGL Background Thread 3 ] DEBUG Engine               - class com.almasb.fxgl.profile.SaveLoadService
18:07:14.723 [FXGL Background Thread 3 ] DEBUG Engine               - class com.almasb.fxgl.ui.FXGLUIFactoryServiceProvider
18:07:14.723 [FXGL Background Thread 3 ] DEBUG Engine               - class com.almasb.fxgl.ui.FXGLDialogFactoryServiceProvider
18:07:14.723 [FXGL Background Thread 3 ] DEBUG Engine               - class com.almasb.fxgl.audio.AudioPlayer
18:07:14.723 [FXGL Background Thread 3 ] DEBUG Engine               - class com.almasb.fxgl.notification.impl.NotificationServiceProvider
18:07:14.723 [FXGL Background Thread 3 ] DEBUG Engine               - class com.almasb.fxgl.achievement.AchievementService
18:07:14.723 [FXGL Background Thread 3 ] DEBUG Engine               - class com.almasb.fxgl.cutscene.CutsceneService
18:07:14.723 [FXGL Background Thread 3 ] DEBUG Engine               - class com.almasb.fxgl.minigames.MiniGameService
18:07:14.723 [FXGL Background Thread 3 ] DEBUG Engine               - class com.almasb.fxgl.net.NetService
18:07:14.724 [FXGL Background Thread 3 ] DEBUG Engine               - class com.almasb.fxgl.app.services.UpdaterService
18:07:14.724 [FXGL Background Thread 3 ] DEBUG Engine               - class com.almasb.fxgl.dev.DevService
18:07:15.473 [JavaFX Application Thread] DEBUG PrimaryStageWindow   - Pop state: DialogSubScene
18:07:15.473 [JavaFX Application Thread] DEBUG Input                - Clearing active input actions
18:07:15.474 [JavaFX Application Thread] DEBUG GameApplicationServi - Removing overlay from DialogSubScene and adding to FXGLDefaultMenu
18:07:15.475 [JavaFX Application Thread] DEBUG PrimaryStageWindow   - FXGLDefaultMenu <- DialogSubScene
18:07:15.475 [JavaFX Application Thread] DEBUG Menu                 - restoreDefaultSettings()
18:07:16.257 [JavaFX Application Thread] DEBUG FXGL.DefaultMenu     - createContentAudio()
18:07:17.190 [JavaFX Application Thread] DEBUG FXGL.DefaultMenu     - createContentVideo()
18:07:17.773 [JavaFX Application Thread] DEBUG FXGL.DefaultMenu     - createContentControls()
18:07:18.390 [JavaFX Application Thread] DEBUG FXGL.DefaultMenu     - createContentGameplay()
18:07:20.706 [JavaFX Application Thread] DEBUG Menu                 - fireExit()
18:07:20.708 [JavaFX Application Thread] DEBUG PrimaryStageWindow   - Push state: DialogSubScene
18:07:20.708 [JavaFX Application Thread] DEBUG Input                - Clearing active input actions
18:07:20.709 [JavaFX Application Thread] DEBUG GameApplicationServi - Removing overlay from FXGLDefaultMenu and adding to DialogSubScene
18:07:20.709 [JavaFX Application Thread] DEBUG PrimaryStageWindow   - FXGLDefaultMenu -> DialogSubScene
18:07:21.617 [JavaFX Application Thread] DEBUG PrimaryStageWindow   - Pop state: DialogSubScene
18:07:21.617 [JavaFX Application Thread] DEBUG Input                - Clearing active input actions
18:07:21.618 [JavaFX Application Thread] DEBUG GameApplicationServi - Removing overlay from DialogSubScene and adding to FXGLDefaultMenu
18:07:21.618 [JavaFX Application Thread] DEBUG PrimaryStageWindow   - FXGLDefaultMenu <- DialogSubScene
18:07:21.618 [JavaFX Application Thread] DEBUG FXGLApplication      - Exiting FXGL
18:07:21.618 [JavaFX Application Thread] DEBUG LoopRunner           - Stopping loop
18:07:21.618 [JavaFX Application Thread] DEBUG SystemBundleService  - Saving FXGL system data
18:07:21.620 [JavaFX Application Thread] DEBUG FileSystemAccess     - Writing to: C:\Users\zonda\IdeaProjects\untitled4\system\fxgl.bundle
18:07:21.621 [JavaFX Application Thread] DEBUG Async                - Shutting down background threads
18:07:21.622 [JavaFX Application Thread] DEBUG PrimaryStageWindow   - Closing main window
18:07:21.634 [JavaFX Application Thread] DEBUG Logger               - Closing Logger
