23:01:22.005 [main                     ] DEBUG Logger               - Configured Logger
23:01:22.010 [main                     ] DEBUG GameApplication      - Logging settings
Title: Owl's Blood
Version: 0.1
Width: 800
Height: 600
Fullscreen: false
Intro: false
Profiling: false
Single step:false
App Mode: DEVELOPER
Menu Key: ESCAPE
Stage Style: DECORATED
Scene Factory: class com.almasb.fxgl.app.scene.SceneFactory

23:01:23.456 [JavaFX Application Thread] DEBUG FXGLApplication      - Initializing FXGL
23:01:23.459 [JavaFX Application Thread] INFO  Engine               - FXGL-21.1 (27.03.2024 07.52) on WINDOWS (J:24.0.1 FX:21)
23:01:23.459 [JavaFX Application Thread] DEBUG Engine               - JRE Vendor Name: Oracle Corporation
23:01:23.459 [JavaFX Application Thread] DEBUG Engine               - Running on OS: Windows 10 version 10.0
23:01:23.460 [JavaFX Application Thread] DEBUG Engine               - Architecture: amd64
23:01:23.460 [JavaFX Application Thread] INFO  Engine               - Source code and latest versions at: https://github.com/AlmasB/FXGL
23:01:23.460 [JavaFX Application Thread] INFO  Engine               -       Ask questions and discuss at: https://github.com/AlmasB/FXGL/discussions
23:01:23.460 [JavaFX Application Thread] INFO  Engine               -              Join the FXGL chat at: https://gitter.im/AlmasB/FXGL
23:01:23.651 [JavaFX Application Thread] DEBUG PrimaryStageWindow   - Creating a JavaFX scene
23:01:23.788 [JavaFX Application Thread] DEBUG PrimaryStageWindow   - Target settings size: 800.0 x 600.0
23:01:23.788 [JavaFX Application Thread] DEBUG PrimaryStageWindow   - Scaled scene size:    800.0 x 600.0
23:01:23.788 [JavaFX Application Thread] DEBUG PrimaryStageWindow   - Scaled ratio: (1.0, 1.0)
23:01:23.789 [JavaFX Application Thread] DEBUG PrimaryStageWindow   - Set initial scene to FXGLStartupScene
23:01:23.794 [JavaFX Application Thread] DEBUG PrimaryStageWindow   - Opening main window
23:01:24.022 [JavaFX Application Thread] DEBUG PrimaryStageWindow   - Window border size: (16.0, 39.0)
23:01:24.022 [JavaFX Application Thread] DEBUG PrimaryStageWindow   - Scaled size: 800.0 x 600.0
23:01:24.022 [JavaFX Application Thread] DEBUG PrimaryStageWindow   - Scaled ratio: (1.0, 1.0)
23:01:24.023 [JavaFX Application Thread] DEBUG PrimaryStageWindow   - Scene size: 800.0 x 600.0
23:01:24.023 [JavaFX Application Thread] DEBUG PrimaryStageWindow   - Stage size: 816.0 x 639.0
23:01:24.050 [FXGL Background Thread 1 ] DEBUG Engine               - Initializing environment variables
23:01:24.306 [FXGL Background Thread 1 ] DEBUG FXGLAssetLoaderServi - User app class for loading assets: class untitled4.GameApp
23:01:24.306 [FXGL Background Thread 1 ] DEBUG GameApplicationServi - Applying CSS: fxgl_dark.css
23:01:24.307 [FXGL Background Thread 1 ] DEBUG FXGLAssetLoaderServi - Loading from file system: jar:file:///C:/Users/zonda/.m2/repository/com/github/almasb/fxgl/21.1/fxgl-21.1.jar!/fxglassets/ui/css/fxgl_dark.css
23:01:24.389 [FXGL Background Thread 1 ] DEBUG GameApplicationServi - Initializing application scenes
23:01:24.547 [FXGL Background Thread 1 ] DEBUG GameWorld            - Game world initialized
23:01:24.698 [FXGL Background Thread 1 ] DEBUG PhysicsWorld         - Physics world initialized: appHeight=600, physics.ppm=50,0
23:01:24.699 [FXGL Background Thread 1 ] DEBUG PhysicsWorld         - Using strategy: BRUTE_FORCE
23:01:24.703 [FXGL Background Thread 1 ] DEBUG GameScene            - Game scene initialized: 800x600
23:01:24.716 [FXGL Background Thread 1 ] DEBUG FXGL.DefaultMenu     - createMenuBodyMainMenu()
23:01:24.734 [FXGL Background Thread 1 ] DEBUG FXGL.DefaultMenu     - createOptionsMenu()
23:01:24.748 [FXGL Background Thread 1 ] DEBUG FXGLAssetLoaderServi - Loading from file system: jar:file:///C:/Users/zonda/.m2/repository/com/github/almasb/fxgl/21.1/fxgl-21.1.jar!/fxglassets/textures/particles/smoke.png
23:01:25.001 [FXGL Background Thread 1 ] DEBUG FXGLAssetLoaderServi - Loading from file system: jar:file:///C:/Users/zonda/.m2/repository/com/github/almasb/fxgl/21.1/fxgl-21.1.jar!/fxglassets/textures/particles/trace_horizontal.png
23:01:25.037 [FXGL Background Thread 1 ] DEBUG FXGL.DefaultMenu     - createMenuBodyGameMenu()
23:01:25.039 [FXGL Background Thread 1 ] DEBUG FXGL.DefaultMenu     - createOptionsMenu()
23:01:25.059 [FXGL Background Thread 1 ] DEBUG GameApplicationServi - Application scenes initialized
23:01:25.071 [FXGL Background Thread 1 ] DEBUG SystemBundleService  - Loading FXGL system data
23:01:25.073 [FXGL Background Thread 1 ] DEBUG FileSystemAccess     - Reading from: C:\Users\zonda\IdeaProjects\untitled4\system\fxgl.bundle
23:01:25.075 [FXGL Background Thread 1 ] DEBUG SystemBundleService  - Bundle FXGL: {}
23:01:25.076 [FXGL Background Thread 1 ] DEBUG UpdaterService       - Checking for updates
23:01:25.080 [FXGL Background Thread 4 ] DEBUG FXGLApplication      - Loading fonts
23:01:25.081 [FXGL Background Thread 4 ] DEBUG FXGLAssetLoaderServi - Loading from file system: jar:file:///C:/Users/zonda/.m2/repository/com/github/almasb/fxgl/21.1/fxgl-21.1.jar!/fxglassets/ui/fonts/VarelaRound-Regular.ttf
23:01:25.081 [FXGL Background Thread 1 ] DEBUG FXGLApplication      - Loading default localization
23:01:25.081 [FXGL Background Thread 1 ] DEBUG FXGLAssetLoaderServi - Loading from file system: jar:file:///C:/Users/zonda/.m2/repository/com/github/almasb/fxgl/21.1/fxgl-21.1.jar!/fxglassets/languages/english.lang
23:01:25.113 [FXGL Background Thread 4 ] DEBUG FXGLAssetLoaderServi - Loading from file system: jar:file:///C:/Users/zonda/.m2/repository/com/github/almasb/fxgl/21.1/fxgl-21.1.jar!/fxglassets/ui/fonts/Abel-Regular.ttf
23:01:25.129 [FXGL Background Thread 1 ] INFO  FXGLApplication      - FXGL initialization took: 1,079 sec
23:01:25.130 [JavaFX Application Thread] DEBUG FXGLAssetLoaderServi - Loading from file system: jar:file:///C:/Users/zonda/.m2/repository/com/github/almasb/fxgl/21.1/fxgl-21.1.jar!/fxglassets/textures/fxgl_icon.png
23:01:25.189 [FXGL Background Thread 4 ] DEBUG FXGLAssetLoaderServi - Loading from file system: jar:file:///C:/Users/zonda/.m2/repository/com/github/almasb/fxgl/21.1/fxgl-21.1.jar!/fxglassets/ui/fonts/TerminalLandMono-Regular.otf
23:01:25.204 [FXGL Background Thread 4 ] DEBUG FXGLAssetLoaderServi - Loading from file system: jar:file:///C:/Users/zonda/.m2/repository/com/github/almasb/fxgl/21.1/fxgl-21.1.jar!/fxglassets/ui/fonts/Courier-Prime.ttf
23:01:25.232 [JavaFX Application Thread] DEBUG FXGLAssetLoaderServi - Loading from file system: jar:file:///C:/Users/zonda/.m2/repository/com/github/almasb/fxgl/21.1/fxgl-21.1.jar!/fxglassets/textures/fxgl_default_cursor.png
23:01:25.247 [JavaFX Application Thread] DEBUG Input                - Registered new binding: Screenshot - CTRL+8
23:01:25.248 [JavaFX Application Thread] DEBUG Input                - Registered new binding: System info dump - CTRL+9
23:01:25.248 [JavaFX Application Thread] DEBUG Input                - Registered new binding: Restart - CTRL+R
23:01:25.249 [JavaFX Application Thread] DEBUG Input                - Registered new binding: Toggle Debug Camera - CTRL+7
23:01:25.263 [JavaFX Application Thread] DEBUG LoopRunner           - Starting loop
23:01:25.263 [JavaFX Application Thread] DEBUG LoopRunner           - Initializing JavaFX AnimationTimerLoop
23:01:25.274 [JavaFX Application Thread] DEBUG Input                - Clearing active input actions
23:01:25.284 [JavaFX Application Thread] DEBUG GameApplicationServi - Removing overlay from FXGLStartupScene and adding to FXGLMainMenuDummyScene
23:01:25.285 [JavaFX Application Thread] DEBUG PrimaryStageWindow   - FXGLStartupScene -> FXGLMainMenuDummyScene
23:01:25.285 [JavaFX Application Thread] DEBUG PrimaryStageWindow   - Push state: FXGLDefaultMenu
23:01:25.297 [JavaFX Application Thread] DEBUG Input                - Clearing active input actions
23:01:25.307 [JavaFX Application Thread] DEBUG GameApplicationServi - Removing overlay from FXGLMainMenuDummyScene and adding to FXGLDefaultMenu
23:01:25.308 [JavaFX Application Thread] DEBUG PrimaryStageWindow   - FXGLMainMenuDummyScene -> FXGLDefaultMenu
23:01:25.308 [JavaFX Application Thread] DEBUG FXGLApplication      - Registering font factories with UI factory
23:01:28.081 [FXGL Background Thread 3 ] DEBUG Engine               - Logging environment variables
23:01:28.081 [FXGL Background Thread 3 ] DEBUG Engine               - achievements: []
23:01:28.081 [FXGL Background Thread 3 ] DEBUG Engine               - actualHeight: 600.0
23:01:28.081 [FXGL Background Thread 3 ] DEBUG Engine               - actualHeightProperty: ReadOnlyDoubleProperty [value: 600.0]
23:01:28.082 [FXGL Background Thread 3 ] DEBUG Engine               - actualWidth: 800.0
23:01:28.082 [FXGL Background Thread 3 ] DEBUG Engine               - actualWidthProperty: ReadOnlyDoubleProperty [value: 800.0]
23:01:28.082 [FXGL Background Thread 3 ] DEBUG Engine               - appIcon: fxgl_icon.png
23:01:28.082 [FXGL Background Thread 3 ] DEBUG Engine               - applicationMode: DEVELOPER
23:01:28.082 [FXGL Background Thread 3 ] DEBUG Engine               - cSSList: [fxgl_dark.css]
23:01:28.082 [FXGL Background Thread 3 ] DEBUG Engine               - collisionDetectionStrategy: BRUTE_FORCE
23:01:28.082 [FXGL Background Thread 3 ] DEBUG Engine               - configClass: Optional.empty
23:01:28.082 [FXGL Background Thread 3 ] DEBUG Engine               - credits: []
23:01:28.083 [FXGL Background Thread 3 ] DEBUG Engine               - defaultCursor: CursorInfo(imageName=fxgl_default_cursor.png, hotspotX=7.0, hotspotY=6.0)
23:01:28.083 [FXGL Background Thread 3 ] DEBUG Engine               - devBBoxColorProperty: ObjectProperty [value: 0xff0000ff]
23:01:28.083 [FXGL Background Thread 3 ] DEBUG Engine               - devEnableDebugCameraProperty: BooleanProperty [value: false]
23:01:28.083 [FXGL Background Thread 3 ] DEBUG Engine               - devSensorColorProperty: ObjectProperty [value: 0xffff00ff]
23:01:28.083 [FXGL Background Thread 3 ] DEBUG Engine               - devShowBBoxProperty: BooleanProperty [value: false]
23:01:28.083 [FXGL Background Thread 3 ] DEBUG Engine               - devShowPositionProperty: BooleanProperty [value: false]
23:01:28.083 [FXGL Background Thread 3 ] DEBUG Engine               - enabledMenuItems: []
23:01:28.084 [FXGL Background Thread 3 ] DEBUG Engine               - engineServices: [class com.almasb.fxgl.app.services.FXGLAssetLoaderService, class com.almasb.fxgl.app.FXGLApplication$GameApplicationService, class com.almasb.fxgl.app.services.FXGLDialogService, class com.almasb.fxgl.app.services.IOTaskExecutorService, class com.almasb.fxgl.io.FileSystemService, class com.almasb.fxgl.localization.LocalizationService, class com.almasb.fxgl.app.services.SystemBundleService, class com.almasb.fxgl.profile.SaveLoadService, class com.almasb.fxgl.ui.FXGLUIFactoryServiceProvider, class com.almasb.fxgl.ui.FXGLDialogFactoryServiceProvider, class com.almasb.fxgl.audio.AudioPlayer, class com.almasb.fxgl.notification.impl.NotificationServiceProvider, class com.almasb.fxgl.achievement.AchievementService, class com.almasb.fxgl.cutscene.CutsceneService, class com.almasb.fxgl.minigames.MiniGameService, class com.almasb.fxgl.net.NetService, class com.almasb.fxgl.app.services.UpdaterService, class com.almasb.fxgl.dev.DevService]
23:01:28.084 [FXGL Background Thread 3 ] DEBUG Engine               - fontGame: Abel-Regular.ttf
23:01:28.084 [FXGL Background Thread 3 ] DEBUG Engine               - fontMono: TerminalLandMono-Regular.otf
23:01:28.084 [FXGL Background Thread 3 ] DEBUG Engine               - fontSizeScaleUI: 1.0
23:01:28.084 [FXGL Background Thread 3 ] DEBUG Engine               - fontText: Courier-Prime.ttf
23:01:28.084 [FXGL Background Thread 3 ] DEBUG Engine               - fontUI: VarelaRound-Regular.ttf
23:01:28.084 [FXGL Background Thread 3 ] DEBUG Engine               - fullScreen: BooleanProperty [value: false]
23:01:28.084 [FXGL Background Thread 3 ] DEBUG Engine               - gameDifficulty: MEDIUM
23:01:28.084 [FXGL Background Thread 3 ] DEBUG Engine               - gameDifficultyProperty: ObjectProperty [value: MEDIUM]
23:01:28.084 [FXGL Background Thread 3 ] DEBUG Engine               - globalMusicVolume: 0.5
23:01:28.085 [FXGL Background Thread 3 ] DEBUG Engine               - globalMusicVolumeProperty: DoubleProperty [value: 0.5]
23:01:28.085 [FXGL Background Thread 3 ] DEBUG Engine               - globalSoundVolume: 0.5
23:01:28.085 [FXGL Background Thread 3 ] DEBUG Engine               - globalSoundVolumeProperty: DoubleProperty [value: 0.5]
23:01:28.085 [FXGL Background Thread 3 ] DEBUG Engine               - height: 600
23:01:28.085 [FXGL Background Thread 3 ] DEBUG Engine               - is3D: false
23:01:28.085 [FXGL Background Thread 3 ] DEBUG Engine               - isAndroid: false
23:01:28.085 [FXGL Background Thread 3 ] DEBUG Engine               - isBrowser: false
23:01:28.085 [FXGL Background Thread 3 ] DEBUG Engine               - isClickFeedbackEnabled: false
23:01:28.085 [FXGL Background Thread 3 ] DEBUG Engine               - isCloseConfirmation: false
23:01:28.085 [FXGL Background Thread 3 ] DEBUG Engine               - isDesktop: true
23:01:28.085 [FXGL Background Thread 3 ] DEBUG Engine               - isDeveloperMenuEnabled: false
23:01:28.086 [FXGL Background Thread 3 ] DEBUG Engine               - isEmbedded: false
23:01:28.086 [FXGL Background Thread 3 ] DEBUG Engine               - isEntityPreloadEnabled: true
23:01:28.086 [FXGL Background Thread 3 ] DEBUG Engine               - isExperimentalTiledLargeMap: false
23:01:28.086 [FXGL Background Thread 3 ] DEBUG Engine               - isFileSystemWriteAllowed: true
23:01:28.086 [FXGL Background Thread 3 ] DEBUG Engine               - isFullScreenAllowed: false
23:01:28.086 [FXGL Background Thread 3 ] DEBUG Engine               - isFullScreenFromStart: false
23:01:28.086 [FXGL Background Thread 3 ] DEBUG Engine               - isGameMenuEnabled: true
23:01:28.086 [FXGL Background Thread 3 ] DEBUG Engine               - isIOS: false
23:01:28.086 [FXGL Background Thread 3 ] DEBUG Engine               - isIntroEnabled: false
23:01:28.086 [FXGL Background Thread 3 ] DEBUG Engine               - isLinux: false
23:01:28.086 [FXGL Background Thread 3 ] DEBUG Engine               - isMac: false
23:01:28.087 [FXGL Background Thread 3 ] DEBUG Engine               - isMainMenuEnabled: true
23:01:28.087 [FXGL Background Thread 3 ] DEBUG Engine               - isManualResizeEnabled: false
23:01:28.087 [FXGL Background Thread 3 ] DEBUG Engine               - isMobile: false
23:01:28.087 [FXGL Background Thread 3 ] DEBUG Engine               - isNative: false
23:01:28.087 [FXGL Background Thread 3 ] DEBUG Engine               - isPauseMusicWhenMinimized: true
23:01:28.087 [FXGL Background Thread 3 ] DEBUG Engine               - isPreserveResizeRatio: false
23:01:28.087 [FXGL Background Thread 3 ] DEBUG Engine               - isProfilingEnabled: false
23:01:28.087 [FXGL Background Thread 3 ] DEBUG Engine               - isScaleAffectedOnResize: true
23:01:28.087 [FXGL Background Thread 3 ] DEBUG Engine               - isSingleStep: false
23:01:28.087 [FXGL Background Thread 3 ] DEBUG Engine               - isUserProfileEnabled: false
23:01:28.087 [FXGL Background Thread 3 ] DEBUG Engine               - isWindows: true
23:01:28.087 [FXGL Background Thread 3 ] DEBUG Engine               - language: ObjectProperty [value: ENGLISH]
23:01:28.088 [FXGL Background Thread 3 ] DEBUG Engine               - menuKey: ESCAPE
23:01:28.088 [FXGL Background Thread 3 ] DEBUG Engine               - mouseSensitivity: 0.2
23:01:28.088 [FXGL Background Thread 3 ] DEBUG Engine               - notificationViewClass: class com.almasb.fxgl.notification.view.XboxNotificationView
23:01:28.088 [FXGL Background Thread 3 ] DEBUG Engine               - pixelsPerMeter: 50.0
23:01:28.088 [FXGL Background Thread 3 ] DEBUG Engine               - platform: WINDOWS
23:01:28.088 [FXGL Background Thread 3 ] DEBUG Engine               - prefHeightProperty: ReadOnlyDoubleProperty [value: 600.0]
23:01:28.088 [FXGL Background Thread 3 ] DEBUG Engine               - prefWidthProperty: ReadOnlyDoubleProperty [value: 800.0]
23:01:28.088 [FXGL Background Thread 3 ] DEBUG Engine               - profileDir: profiles/
23:01:28.088 [FXGL Background Thread 3 ] DEBUG Engine               - profileName: StringProperty [value: DEFAULT]
23:01:28.088 [FXGL Background Thread 3 ] DEBUG Engine               - randomSeed: -1
23:01:28.088 [FXGL Background Thread 3 ] DEBUG Engine               - runtimeInfo: RuntimeInfo(platform=WINDOWS, version=21.1, build=27.03.2024 07.52)
23:01:28.088 [FXGL Background Thread 3 ] DEBUG Engine               - saveFileExt: sav
23:01:28.088 [FXGL Background Thread 3 ] DEBUG Engine               - scaledHeightProp$fxgl: DoubleProperty [bound, value: 600.0]
23:01:28.089 [FXGL Background Thread 3 ] DEBUG Engine               - scaledWidthProp$fxgl: DoubleProperty [bound, value: 800.0]
23:01:28.089 [FXGL Background Thread 3 ] DEBUG Engine               - sceneFactory: com.almasb.fxgl.app.scene.SceneFactory@1e55722a
23:01:28.089 [FXGL Background Thread 3 ] DEBUG Engine               - secondsIn24h: 60
23:01:28.089 [FXGL Background Thread 3 ] DEBUG Engine               - soundMenuBack: menu/back.wav
23:01:28.089 [FXGL Background Thread 3 ] DEBUG Engine               - soundMenuPress: menu/press.wav
23:01:28.089 [FXGL Background Thread 3 ] DEBUG Engine               - soundMenuSelect: menu/select.wav
23:01:28.089 [FXGL Background Thread 3 ] DEBUG Engine               - soundNotification: core/notification.wav
23:01:28.089 [FXGL Background Thread 3 ] DEBUG Engine               - stageStyle: DECORATED
23:01:28.089 [FXGL Background Thread 3 ] DEBUG Engine               - supportedLanguages: [ENGLISH, FRENCH, GERMAN, HUNGARIAN, RUSSIAN]
23:01:28.089 [FXGL Background Thread 3 ] DEBUG Engine               - ticksPerSecond: -1
23:01:28.089 [FXGL Background Thread 3 ] DEBUG Engine               - title: Owl's Blood
23:01:28.089 [FXGL Background Thread 3 ] DEBUG Engine               - urlGithub: https://github.com/AlmasB/FXGL
23:01:28.089 [FXGL Background Thread 3 ] DEBUG Engine               - urlLeaderboard: http://fxgl-top.herokuapp.com/
23:01:28.089 [FXGL Background Thread 3 ] DEBUG Engine               - urlPOM: https://raw.githubusercontent.com/AlmasB/FXGL/release/README.md
23:01:28.089 [FXGL Background Thread 3 ] DEBUG Engine               - userAppClass: class untitled4.GameApp
23:01:28.089 [FXGL Background Thread 3 ] DEBUG Engine               - version: 0.1
23:01:28.089 [FXGL Background Thread 3 ] DEBUG Engine               - versionCheckDays: 7
23:01:28.089 [FXGL Background Thread 3 ] DEBUG Engine               - width: 800
23:01:28.089 [FXGL Background Thread 3 ] DEBUG Engine               - Logging services
23:01:28.090 [FXGL Background Thread 3 ] DEBUG Engine               - class com.almasb.fxgl.app.services.FXGLAssetLoaderService
23:01:28.090 [FXGL Background Thread 3 ] DEBUG Engine               - class com.almasb.fxgl.app.FXGLApplication$GameApplicationService
23:01:28.090 [FXGL Background Thread 3 ] DEBUG Engine               - class com.almasb.fxgl.app.services.FXGLDialogService
23:01:28.090 [FXGL Background Thread 3 ] DEBUG Engine               - class com.almasb.fxgl.app.services.IOTaskExecutorService
23:01:28.090 [FXGL Background Thread 3 ] DEBUG Engine               - class com.almasb.fxgl.io.FileSystemService
23:01:28.090 [FXGL Background Thread 3 ] DEBUG Engine               - class com.almasb.fxgl.localization.LocalizationService
23:01:28.090 [FXGL Background Thread 3 ] DEBUG Engine               - class com.almasb.fxgl.app.services.SystemBundleService
23:01:28.090 [FXGL Background Thread 3 ] DEBUG Engine               - class com.almasb.fxgl.profile.SaveLoadService
23:01:28.090 [FXGL Background Thread 3 ] DEBUG Engine               - class com.almasb.fxgl.ui.FXGLUIFactoryServiceProvider
23:01:28.090 [FXGL Background Thread 3 ] DEBUG Engine               - class com.almasb.fxgl.ui.FXGLDialogFactoryServiceProvider
23:01:28.090 [FXGL Background Thread 3 ] DEBUG Engine               - class com.almasb.fxgl.audio.AudioPlayer
23:01:28.090 [FXGL Background Thread 3 ] DEBUG Engine               - class com.almasb.fxgl.notification.impl.NotificationServiceProvider
23:01:28.090 [FXGL Background Thread 3 ] DEBUG Engine               - class com.almasb.fxgl.achievement.AchievementService
23:01:28.090 [FXGL Background Thread 3 ] DEBUG Engine               - class com.almasb.fxgl.cutscene.CutsceneService
23:01:28.090 [FXGL Background Thread 3 ] DEBUG Engine               - class com.almasb.fxgl.minigames.MiniGameService
23:01:28.090 [FXGL Background Thread 3 ] DEBUG Engine               - class com.almasb.fxgl.net.NetService
23:01:28.090 [FXGL Background Thread 3 ] DEBUG Engine               - class com.almasb.fxgl.app.services.UpdaterService
23:01:28.090 [FXGL Background Thread 3 ] DEBUG Engine               - class com.almasb.fxgl.dev.DevService
23:03:09.533 [JavaFX Application Thread] DEBUG Menu                 - fireExit()
23:03:09.536 [JavaFX Application Thread] DEBUG PrimaryStageWindow   - Push state: DialogSubScene
23:03:09.537 [JavaFX Application Thread] DEBUG Input                - Clearing active input actions
23:03:09.538 [JavaFX Application Thread] DEBUG GameApplicationServi - Removing overlay from FXGLDefaultMenu and adding to DialogSubScene
23:03:09.538 [JavaFX Application Thread] DEBUG PrimaryStageWindow   - FXGLDefaultMenu -> DialogSubScene
23:03:10.352 [JavaFX Application Thread] DEBUG PrimaryStageWindow   - Pop state: DialogSubScene
23:03:10.353 [JavaFX Application Thread] DEBUG Input                - Clearing active input actions
23:03:10.353 [JavaFX Application Thread] DEBUG GameApplicationServi - Removing overlay from DialogSubScene and adding to FXGLDefaultMenu
23:03:10.353 [JavaFX Application Thread] DEBUG PrimaryStageWindow   - FXGLDefaultMenu <- DialogSubScene
23:03:10.354 [JavaFX Application Thread] DEBUG FXGLApplication      - Exiting FXGL
23:03:10.354 [JavaFX Application Thread] DEBUG LoopRunner           - Stopping loop
23:03:10.354 [JavaFX Application Thread] DEBUG SystemBundleService  - Saving FXGL system data
23:03:10.355 [JavaFX Application Thread] DEBUG FileSystemAccess     - Writing to: C:\Users\zonda\IdeaProjects\untitled4\system\fxgl.bundle
23:03:10.356 [JavaFX Application Thread] DEBUG Async                - Shutting down background threads
23:03:10.357 [JavaFX Application Thread] DEBUG PrimaryStageWindow   - Closing main window
23:03:10.368 [JavaFX Application Thread] DEBUG Logger               - Closing Logger
