18:02:17.154 [main                     ] DEBUG Logger               - Configured Logger
18:02:17.162 [main                     ] DEBUG GameApplication      - Logging settings
Title: Owl's Blood
Version: 0.1
Width: 800
Height: 600
Fullscreen: false
Intro: false
Profiling: false
Single step:false
App Mode: DEVELOPER
Menu Key: ESCAPE
Stage Style: DECORATED
Scene Factory: class com.almasb.fxgl.app.scene.SceneFactory

18:02:19.803 [JavaFX Application Thread] DEBUG FXGLApplication      - Initializing FXGL
18:02:19.806 [JavaFX Application Thread] INFO  Engine               - FXGL-21.1 (27.03.2024 07.52) on WINDOWS (J:24.0.1 FX:21)
18:02:19.807 [JavaFX Application Thread] DEBUG Engine               - JRE Vendor Name: Oracle Corporation
18:02:19.807 [JavaFX Application Thread] DEBUG Engine               - Running on OS: Windows 10 version 10.0
18:02:19.807 [JavaFX Application Thread] DEBUG Engine               - Architecture: amd64
18:02:19.807 [JavaFX Application Thread] INFO  Engine               - Source code and latest versions at: https://github.com/AlmasB/FXGL
18:02:19.807 [JavaFX Application Thread] INFO  Engine               -       Ask questions and discuss at: https://github.com/AlmasB/FXGL/discussions
18:02:19.807 [JavaFX Application Thread] INFO  Engine               -              Join the FXGL chat at: https://gitter.im/AlmasB/FXGL
18:02:19.987 [JavaFX Application Thread] DEBUG PrimaryStageWindow   - Creating a JavaFX scene
18:02:20.433 [JavaFX Application Thread] DEBUG PrimaryStageWindow   - Target settings size: 800.0 x 600.0
18:02:20.433 [JavaFX Application Thread] DEBUG PrimaryStageWindow   - Scaled scene size:    800.0 x 600.0
18:02:20.433 [JavaFX Application Thread] DEBUG PrimaryStageWindow   - Scaled ratio: (1.0, 1.0)
18:02:20.434 [JavaFX Application Thread] DEBUG PrimaryStageWindow   - Set initial scene to FXGLStartupScene
18:02:20.438 [JavaFX Application Thread] DEBUG PrimaryStageWindow   - Opening main window
18:02:20.882 [JavaFX Application Thread] DEBUG PrimaryStageWindow   - Window border size: (16.0, 39.0)
18:02:20.882 [JavaFX Application Thread] DEBUG PrimaryStageWindow   - Scaled size: 800.0 x 600.0
18:02:20.883 [JavaFX Application Thread] DEBUG PrimaryStageWindow   - Scaled ratio: (1.0, 1.0)
18:02:20.883 [JavaFX Application Thread] DEBUG PrimaryStageWindow   - Scene size: 800.0 x 600.0
18:02:20.883 [JavaFX Application Thread] DEBUG PrimaryStageWindow   - Stage size: 816.0 x 639.0
18:02:20.891 [FXGL Background Thread 1 ] DEBUG Engine               - Initializing environment variables
18:02:21.053 [FXGL Background Thread 1 ] DEBUG FXGLAssetLoaderServi - User app class for loading assets: class untitled4.GameApp
18:02:21.053 [FXGL Background Thread 1 ] DEBUG GameApplicationServi - Applying CSS: fxgl_dark.css
18:02:21.055 [FXGL Background Thread 1 ] DEBUG FXGLAssetLoaderServi - Loading from file system: jar:file:///C:/Users/zonda/.m2/repository/com/github/almasb/fxgl/21.1/fxgl-21.1.jar!/fxglassets/ui/css/fxgl_dark.css
18:02:21.109 [FXGL Background Thread 1 ] DEBUG GameApplicationServi - Initializing application scenes
18:02:21.193 [FXGL Background Thread 1 ] DEBUG GameWorld            - Game world initialized
18:02:21.291 [FXGL Background Thread 1 ] DEBUG PhysicsWorld         - Physics world initialized: appHeight=600, physics.ppm=50,0
18:02:21.292 [FXGL Background Thread 1 ] DEBUG PhysicsWorld         - Using strategy: BRUTE_FORCE
18:02:21.296 [FXGL Background Thread 1 ] DEBUG GameScene            - Game scene initialized: 800x600
18:02:21.310 [FXGL Background Thread 1 ] DEBUG FXGL.DefaultMenu     - createMenuBodyMainMenu()
18:02:21.329 [FXGL Background Thread 1 ] DEBUG FXGL.DefaultMenu     - createOptionsMenu()
18:02:21.342 [FXGL Background Thread 1 ] DEBUG FXGLAssetLoaderServi - Loading from file system: jar:file:///C:/Users/zonda/.m2/repository/com/github/almasb/fxgl/21.1/fxgl-21.1.jar!/fxglassets/textures/particles/smoke.png
18:02:21.520 [FXGL Background Thread 1 ] DEBUG FXGLAssetLoaderServi - Loading from file system: jar:file:///C:/Users/zonda/.m2/repository/com/github/almasb/fxgl/21.1/fxgl-21.1.jar!/fxglassets/textures/particles/trace_horizontal.png
18:02:21.562 [FXGL Background Thread 1 ] DEBUG FXGL.DefaultMenu     - createMenuBodyGameMenu()
18:02:21.564 [FXGL Background Thread 1 ] DEBUG FXGL.DefaultMenu     - createOptionsMenu()
18:02:21.593 [FXGL Background Thread 1 ] DEBUG GameApplicationServi - Application scenes initialized
18:02:21.633 [FXGL Background Thread 1 ] DEBUG SystemBundleService  - Loading default FXGL system data
18:02:21.633 [FXGL Background Thread 1 ] DEBUG UpdaterService       - Checking for updates
18:02:21.638 [FXGL Background Thread 4 ] DEBUG FXGLApplication      - Loading fonts
18:02:21.638 [FXGL Background Thread 1 ] DEBUG FXGLApplication      - Loading default localization
18:02:21.638 [FXGL Background Thread 4 ] DEBUG FXGLAssetLoaderServi - Loading from file system: jar:file:///C:/Users/zonda/.m2/repository/com/github/almasb/fxgl/21.1/fxgl-21.1.jar!/fxglassets/ui/fonts/VarelaRound-Regular.ttf
18:02:21.639 [FXGL Background Thread 1 ] DEBUG FXGLAssetLoaderServi - Loading from file system: jar:file:///C:/Users/zonda/.m2/repository/com/github/almasb/fxgl/21.1/fxgl-21.1.jar!/fxglassets/languages/english.lang
18:02:21.670 [FXGL Background Thread 4 ] DEBUG FXGLAssetLoaderServi - Loading from file system: jar:file:///C:/Users/zonda/.m2/repository/com/github/almasb/fxgl/21.1/fxgl-21.1.jar!/fxglassets/ui/fonts/Abel-Regular.ttf
18:02:21.727 [FXGL Background Thread 4 ] DEBUG FXGLAssetLoaderServi - Loading from file system: jar:file:///C:/Users/zonda/.m2/repository/com/github/almasb/fxgl/21.1/fxgl-21.1.jar!/fxglassets/ui/fonts/TerminalLandMono-Regular.otf
18:02:21.728 [FXGL Background Thread 1 ] INFO  FXGLApplication      - FXGL initialization took: 0,837 sec
18:02:21.730 [JavaFX Application Thread] DEBUG FXGLAssetLoaderServi - Loading from file system: jar:file:///C:/Users/zonda/.m2/repository/com/github/almasb/fxgl/21.1/fxgl-21.1.jar!/fxglassets/textures/fxgl_icon.png
18:02:21.751 [FXGL Background Thread 4 ] DEBUG FXGLAssetLoaderServi - Loading from file system: jar:file:///C:/Users/zonda/.m2/repository/com/github/almasb/fxgl/21.1/fxgl-21.1.jar!/fxglassets/ui/fonts/Courier-Prime.ttf
18:02:21.768 [JavaFX Application Thread] DEBUG FXGLAssetLoaderServi - Loading from file system: jar:file:///C:/Users/zonda/.m2/repository/com/github/almasb/fxgl/21.1/fxgl-21.1.jar!/fxglassets/textures/fxgl_default_cursor.png
18:02:21.783 [JavaFX Application Thread] DEBUG Input                - Registered new binding: Screenshot - CTRL+8
18:02:21.784 [JavaFX Application Thread] DEBUG Input                - Registered new binding: System info dump - CTRL+9
18:02:21.784 [JavaFX Application Thread] DEBUG Input                - Registered new binding: Restart - CTRL+R
18:02:21.785 [JavaFX Application Thread] DEBUG Input                - Registered new binding: Toggle Debug Camera - CTRL+7
18:02:21.787 [JavaFX Application Thread] DEBUG LoopRunner           - Starting loop
18:02:21.788 [JavaFX Application Thread] DEBUG LoopRunner           - Initializing JavaFX AnimationTimerLoop
18:02:21.791 [JavaFX Application Thread] DEBUG Input                - Clearing active input actions
18:02:21.803 [JavaFX Application Thread] DEBUG GameApplicationServi - Removing overlay from FXGLStartupScene and adding to FXGLMainMenuDummyScene
18:02:21.803 [JavaFX Application Thread] DEBUG PrimaryStageWindow   - FXGLStartupScene -> FXGLMainMenuDummyScene
18:02:21.803 [JavaFX Application Thread] DEBUG PrimaryStageWindow   - Push state: FXGLDefaultMenu
18:02:21.812 [JavaFX Application Thread] DEBUG Input                - Clearing active input actions
18:02:21.826 [JavaFX Application Thread] DEBUG GameApplicationServi - Removing overlay from FXGLMainMenuDummyScene and adding to FXGLDefaultMenu
18:02:21.826 [JavaFX Application Thread] DEBUG PrimaryStageWindow   - FXGLMainMenuDummyScene -> FXGLDefaultMenu
18:02:21.827 [JavaFX Application Thread] DEBUG FXGLApplication      - Registering font factories with UI factory
18:02:24.638 [FXGL Background Thread 3 ] DEBUG Engine               - Logging environment variables
18:02:24.638 [FXGL Background Thread 3 ] DEBUG Engine               - achievements: []
18:02:24.639 [FXGL Background Thread 3 ] DEBUG Engine               - actualHeight: 600.0
18:02:24.639 [FXGL Background Thread 3 ] DEBUG Engine               - actualHeightProperty: ReadOnlyDoubleProperty [value: 600.0]
18:02:24.639 [FXGL Background Thread 3 ] DEBUG Engine               - actualWidth: 800.0
18:02:24.639 [FXGL Background Thread 3 ] DEBUG Engine               - actualWidthProperty: ReadOnlyDoubleProperty [value: 800.0]
18:02:24.639 [FXGL Background Thread 3 ] DEBUG Engine               - appIcon: fxgl_icon.png
18:02:24.639 [FXGL Background Thread 3 ] DEBUG Engine               - applicationMode: DEVELOPER
18:02:24.639 [FXGL Background Thread 3 ] DEBUG Engine               - cSSList: [fxgl_dark.css]
18:02:24.639 [FXGL Background Thread 3 ] DEBUG Engine               - collisionDetectionStrategy: BRUTE_FORCE
18:02:24.639 [FXGL Background Thread 3 ] DEBUG Engine               - configClass: Optional.empty
18:02:24.640 [FXGL Background Thread 3 ] DEBUG Engine               - credits: []
18:02:24.640 [FXGL Background Thread 3 ] DEBUG Engine               - defaultCursor: CursorInfo(imageName=fxgl_default_cursor.png, hotspotX=7.0, hotspotY=6.0)
18:02:24.640 [FXGL Background Thread 3 ] DEBUG Engine               - devBBoxColorProperty: ObjectProperty [value: 0xff0000ff]
18:02:24.640 [FXGL Background Thread 3 ] DEBUG Engine               - devEnableDebugCameraProperty: BooleanProperty [value: false]
18:02:24.640 [FXGL Background Thread 3 ] DEBUG Engine               - devSensorColorProperty: ObjectProperty [value: 0xffff00ff]
18:02:24.640 [FXGL Background Thread 3 ] DEBUG Engine               - devShowBBoxProperty: BooleanProperty [value: false]
18:02:24.640 [FXGL Background Thread 3 ] DEBUG Engine               - devShowPositionProperty: BooleanProperty [value: false]
18:02:24.640 [FXGL Background Thread 3 ] DEBUG Engine               - enabledMenuItems: []
18:02:24.641 [FXGL Background Thread 3 ] DEBUG Engine               - engineServices: [class com.almasb.fxgl.app.services.FXGLAssetLoaderService, class com.almasb.fxgl.app.FXGLApplication$GameApplicationService, class com.almasb.fxgl.app.services.FXGLDialogService, class com.almasb.fxgl.app.services.IOTaskExecutorService, class com.almasb.fxgl.io.FileSystemService, class com.almasb.fxgl.localization.LocalizationService, class com.almasb.fxgl.app.services.SystemBundleService, class com.almasb.fxgl.profile.SaveLoadService, class com.almasb.fxgl.ui.FXGLUIFactoryServiceProvider, class com.almasb.fxgl.ui.FXGLDialogFactoryServiceProvider, class com.almasb.fxgl.audio.AudioPlayer, class com.almasb.fxgl.notification.impl.NotificationServiceProvider, class com.almasb.fxgl.achievement.AchievementService, class com.almasb.fxgl.cutscene.CutsceneService, class com.almasb.fxgl.minigames.MiniGameService, class com.almasb.fxgl.net.NetService, class com.almasb.fxgl.app.services.UpdaterService, class com.almasb.fxgl.dev.DevService]
18:02:24.641 [FXGL Background Thread 3 ] DEBUG Engine               - fontGame: Abel-Regular.ttf
18:02:24.641 [FXGL Background Thread 3 ] DEBUG Engine               - fontMono: TerminalLandMono-Regular.otf
18:02:24.641 [FXGL Background Thread 3 ] DEBUG Engine               - fontSizeScaleUI: 1.0
18:02:24.641 [FXGL Background Thread 3 ] DEBUG Engine               - fontText: Courier-Prime.ttf
18:02:24.641 [FXGL Background Thread 3 ] DEBUG Engine               - fontUI: VarelaRound-Regular.ttf
18:02:24.641 [FXGL Background Thread 3 ] DEBUG Engine               - fullScreen: BooleanProperty [value: false]
18:02:24.641 [FXGL Background Thread 3 ] DEBUG Engine               - gameDifficulty: MEDIUM
18:02:24.641 [FXGL Background Thread 3 ] DEBUG Engine               - gameDifficultyProperty: ObjectProperty [value: MEDIUM]
18:02:24.641 [FXGL Background Thread 3 ] DEBUG Engine               - globalMusicVolume: 0.5
18:02:24.641 [FXGL Background Thread 3 ] DEBUG Engine               - globalMusicVolumeProperty: DoubleProperty [value: 0.5]
18:02:24.641 [FXGL Background Thread 3 ] DEBUG Engine               - globalSoundVolume: 0.5
18:02:24.641 [FXGL Background Thread 3 ] DEBUG Engine               - globalSoundVolumeProperty: DoubleProperty [value: 0.5]
18:02:24.641 [FXGL Background Thread 3 ] DEBUG Engine               - height: 600
18:02:24.641 [FXGL Background Thread 3 ] DEBUG Engine               - is3D: false
18:02:24.642 [FXGL Background Thread 3 ] DEBUG Engine               - isAndroid: false
18:02:24.642 [FXGL Background Thread 3 ] DEBUG Engine               - isBrowser: false
18:02:24.642 [FXGL Background Thread 3 ] DEBUG Engine               - isClickFeedbackEnabled: false
18:02:24.642 [FXGL Background Thread 3 ] DEBUG Engine               - isCloseConfirmation: false
18:02:24.642 [FXGL Background Thread 3 ] DEBUG Engine               - isDesktop: true
18:02:24.642 [FXGL Background Thread 3 ] DEBUG Engine               - isDeveloperMenuEnabled: false
18:02:24.642 [FXGL Background Thread 3 ] DEBUG Engine               - isEmbedded: false
18:02:24.642 [FXGL Background Thread 3 ] DEBUG Engine               - isEntityPreloadEnabled: true
18:02:24.642 [FXGL Background Thread 3 ] DEBUG Engine               - isExperimentalTiledLargeMap: false
18:02:24.642 [FXGL Background Thread 3 ] DEBUG Engine               - isFileSystemWriteAllowed: true
18:02:24.642 [FXGL Background Thread 3 ] DEBUG Engine               - isFullScreenAllowed: false
18:02:24.642 [FXGL Background Thread 3 ] DEBUG Engine               - isFullScreenFromStart: false
18:02:24.642 [FXGL Background Thread 3 ] DEBUG Engine               - isGameMenuEnabled: true
18:02:24.642 [FXGL Background Thread 3 ] DEBUG Engine               - isIOS: false
18:02:24.642 [FXGL Background Thread 3 ] DEBUG Engine               - isIntroEnabled: false
18:02:24.642 [FXGL Background Thread 3 ] DEBUG Engine               - isLinux: false
18:02:24.642 [FXGL Background Thread 3 ] DEBUG Engine               - isMac: false
18:02:24.642 [FXGL Background Thread 3 ] DEBUG Engine               - isMainMenuEnabled: true
18:02:24.643 [FXGL Background Thread 3 ] DEBUG Engine               - isManualResizeEnabled: false
18:02:24.643 [FXGL Background Thread 3 ] DEBUG Engine               - isMobile: false
18:02:24.643 [FXGL Background Thread 3 ] DEBUG Engine               - isNative: false
18:02:24.643 [FXGL Background Thread 3 ] DEBUG Engine               - isPauseMusicWhenMinimized: true
18:02:24.643 [FXGL Background Thread 3 ] DEBUG Engine               - isPreserveResizeRatio: false
18:02:24.643 [FXGL Background Thread 3 ] DEBUG Engine               - isProfilingEnabled: false
18:02:24.643 [FXGL Background Thread 3 ] DEBUG Engine               - isScaleAffectedOnResize: true
18:02:24.643 [FXGL Background Thread 3 ] DEBUG Engine               - isSingleStep: false
18:02:24.643 [FXGL Background Thread 3 ] DEBUG Engine               - isUserProfileEnabled: false
18:02:24.643 [FXGL Background Thread 3 ] DEBUG Engine               - isWindows: true
18:02:24.643 [FXGL Background Thread 3 ] DEBUG Engine               - language: ObjectProperty [value: ENGLISH]
18:02:24.643 [FXGL Background Thread 3 ] DEBUG Engine               - menuKey: ESCAPE
18:02:24.643 [FXGL Background Thread 3 ] DEBUG Engine               - mouseSensitivity: 0.2
18:02:24.643 [FXGL Background Thread 3 ] DEBUG Engine               - notificationViewClass: class com.almasb.fxgl.notification.view.XboxNotificationView
18:02:24.643 [FXGL Background Thread 3 ] DEBUG Engine               - pixelsPerMeter: 50.0
18:02:24.644 [FXGL Background Thread 3 ] DEBUG Engine               - platform: WINDOWS
18:02:24.644 [FXGL Background Thread 3 ] DEBUG Engine               - prefHeightProperty: ReadOnlyDoubleProperty [value: 600.0]
18:02:24.644 [FXGL Background Thread 3 ] DEBUG Engine               - prefWidthProperty: ReadOnlyDoubleProperty [value: 800.0]
18:02:24.644 [FXGL Background Thread 3 ] DEBUG Engine               - profileDir: profiles/
18:02:24.644 [FXGL Background Thread 3 ] DEBUG Engine               - profileName: StringProperty [value: DEFAULT]
18:02:24.644 [FXGL Background Thread 3 ] DEBUG Engine               - randomSeed: -1
18:02:24.644 [FXGL Background Thread 3 ] DEBUG Engine               - runtimeInfo: RuntimeInfo(platform=WINDOWS, version=21.1, build=27.03.2024 07.52)
18:02:24.644 [FXGL Background Thread 3 ] DEBUG Engine               - saveFileExt: sav
18:02:24.644 [FXGL Background Thread 3 ] DEBUG Engine               - scaledHeightProp$fxgl: DoubleProperty [bound, value: 600.0]
18:02:24.644 [FXGL Background Thread 3 ] DEBUG Engine               - scaledWidthProp$fxgl: DoubleProperty [bound, value: 800.0]
18:02:24.644 [FXGL Background Thread 3 ] DEBUG Engine               - sceneFactory: com.almasb.fxgl.app.scene.SceneFactory@5427f349
18:02:24.644 [FXGL Background Thread 3 ] DEBUG Engine               - secondsIn24h: 60
18:02:24.644 [FXGL Background Thread 3 ] DEBUG Engine               - soundMenuBack: menu/back.wav
18:02:24.644 [FXGL Background Thread 3 ] DEBUG Engine               - soundMenuPress: menu/press.wav
18:02:24.644 [FXGL Background Thread 3 ] DEBUG Engine               - soundMenuSelect: menu/select.wav
18:02:24.645 [FXGL Background Thread 3 ] DEBUG Engine               - soundNotification: core/notification.wav
18:02:24.645 [FXGL Background Thread 3 ] DEBUG Engine               - stageStyle: DECORATED
18:02:24.645 [FXGL Background Thread 3 ] DEBUG Engine               - supportedLanguages: [ENGLISH, FRENCH, GERMAN, HUNGARIAN, RUSSIAN]
18:02:24.645 [FXGL Background Thread 3 ] DEBUG Engine               - ticksPerSecond: -1
18:02:24.645 [FXGL Background Thread 3 ] DEBUG Engine               - title: Owl's Blood
18:02:24.645 [FXGL Background Thread 3 ] DEBUG Engine               - urlGithub: https://github.com/AlmasB/FXGL
18:02:24.645 [FXGL Background Thread 3 ] DEBUG Engine               - urlLeaderboard: http://fxgl-top.herokuapp.com/
18:02:24.645 [FXGL Background Thread 3 ] DEBUG Engine               - urlPOM: https://raw.githubusercontent.com/AlmasB/FXGL/release/README.md
18:02:24.645 [FXGL Background Thread 3 ] DEBUG Engine               - userAppClass: class untitled4.GameApp
18:02:24.645 [FXGL Background Thread 3 ] DEBUG Engine               - version: 0.1
18:02:24.645 [FXGL Background Thread 3 ] DEBUG Engine               - versionCheckDays: 7
18:02:24.645 [FXGL Background Thread 3 ] DEBUG Engine               - width: 800
18:02:24.645 [FXGL Background Thread 3 ] DEBUG Engine               - Logging services
18:02:24.645 [FXGL Background Thread 3 ] DEBUG Engine               - class com.almasb.fxgl.app.services.FXGLAssetLoaderService
18:02:24.645 [FXGL Background Thread 3 ] DEBUG Engine               - class com.almasb.fxgl.app.FXGLApplication$GameApplicationService
18:02:24.645 [FXGL Background Thread 3 ] DEBUG Engine               - class com.almasb.fxgl.app.services.FXGLDialogService
18:02:24.645 [FXGL Background Thread 3 ] DEBUG Engine               - class com.almasb.fxgl.app.services.IOTaskExecutorService
18:02:24.645 [FXGL Background Thread 3 ] DEBUG Engine               - class com.almasb.fxgl.io.FileSystemService
18:02:24.645 [FXGL Background Thread 3 ] DEBUG Engine               - class com.almasb.fxgl.localization.LocalizationService
18:02:24.645 [FXGL Background Thread 3 ] DEBUG Engine               - class com.almasb.fxgl.app.services.SystemBundleService
18:02:24.646 [FXGL Background Thread 3 ] DEBUG Engine               - class com.almasb.fxgl.profile.SaveLoadService
18:02:24.646 [FXGL Background Thread 3 ] DEBUG Engine               - class com.almasb.fxgl.ui.FXGLUIFactoryServiceProvider
18:02:24.646 [FXGL Background Thread 3 ] DEBUG Engine               - class com.almasb.fxgl.ui.FXGLDialogFactoryServiceProvider
18:02:24.646 [FXGL Background Thread 3 ] DEBUG Engine               - class com.almasb.fxgl.audio.AudioPlayer
18:02:24.646 [FXGL Background Thread 3 ] DEBUG Engine               - class com.almasb.fxgl.notification.impl.NotificationServiceProvider
18:02:24.646 [FXGL Background Thread 3 ] DEBUG Engine               - class com.almasb.fxgl.achievement.AchievementService
18:02:24.646 [FXGL Background Thread 3 ] DEBUG Engine               - class com.almasb.fxgl.cutscene.CutsceneService
18:02:24.646 [FXGL Background Thread 3 ] DEBUG Engine               - class com.almasb.fxgl.minigames.MiniGameService
18:02:24.646 [FXGL Background Thread 3 ] DEBUG Engine               - class com.almasb.fxgl.net.NetService
18:02:24.646 [FXGL Background Thread 3 ] DEBUG Engine               - class com.almasb.fxgl.app.services.UpdaterService
18:02:24.646 [FXGL Background Thread 3 ] DEBUG Engine               - class com.almasb.fxgl.dev.DevService
18:02:28.921 [JavaFX Application Thread] DEBUG Menu                 - fireNewGame()
18:02:28.922 [JavaFX Application Thread] DEBUG GameApplicationServi - Starting new game
18:02:28.924 [JavaFX Application Thread] DEBUG PrimaryStageWindow   - Pop state: FXGLDefaultMenu
18:02:28.925 [JavaFX Application Thread] DEBUG Input                - Clearing active input actions
18:02:28.926 [JavaFX Application Thread] DEBUG GameApplicationServi - Removing overlay from FXGLDefaultMenu and adding to FXGLMainMenuDummyScene
18:02:28.926 [JavaFX Application Thread] DEBUG PrimaryStageWindow   - FXGLMainMenuDummyScene <- FXGLDefaultMenu
18:02:28.926 [JavaFX Application Thread] DEBUG Input                - Clearing active input actions
18:02:28.940 [JavaFX Application Thread] DEBUG GameApplicationServi - Removing overlay from FXGLMainMenuDummyScene and adding to FXGLLoadingScene
18:02:28.940 [JavaFX Application Thread] DEBUG PrimaryStageWindow   - FXGLMainMenuDummyScene -> FXGLLoadingScene
18:02:28.941 [JavaFX Application Thread] DEBUG GameApplicationServi - Clearing previous game
18:02:28.941 [JavaFX Application Thread] DEBUG GameScene            - Clearing game scene
18:02:28.941 [JavaFX Application Thread] DEBUG GameWorld            - Clearing game world
18:02:28.941 [JavaFX Application Thread] DEBUG PhysicsWorld         - Clearing physics world
18:02:28.943 [FXGL Background Thread 2 ] DEBUG FXGLApplication      - Initializing game
18:02:28.946 [FXGL Background Thread 2 ] INFO  FXGLApplication      - Game initialization took: 0,003 sec
18:02:29.072 [JavaFX Application Thread] DEBUG Input                - Clearing active input actions
18:02:29.079 [JavaFX Application Thread] DEBUG GameApplicationServi - Removing overlay from FXGLLoadingScene and adding to GameScene
18:02:29.079 [JavaFX Application Thread] DEBUG PrimaryStageWindow   - FXGLLoadingScene -> GameScene
18:02:33.118 [JavaFX Application Thread] DEBUG FXGLApplication      - Exiting FXGL
18:02:33.118 [JavaFX Application Thread] DEBUG LoopRunner           - Stopping loop
18:02:33.118 [JavaFX Application Thread] DEBUG SystemBundleService  - Saving FXGL system data
18:02:33.121 [JavaFX Application Thread] DEBUG FileSystemAccess     - Writing to: C:\Users\zonda\IdeaProjects\untitled4\system\fxgl.bundle
18:02:33.122 [JavaFX Application Thread] DEBUG Async                - Shutting down background threads
18:02:33.123 [JavaFX Application Thread] DEBUG PrimaryStageWindow   - Closing main window
18:02:33.148 [JavaFX Application Thread] DEBUG Logger               - Closing Logger
