23:51:31.389 [main                     ] DEBUG Logger               - Configured Logger
23:51:31.398 [main                     ] DEBUG GameApplication      - Logging settings
Title: Owl's Blood
Version: 0.1
Width: 800
Height: 600
Fullscreen: false
Intro: false
Profiling: false
Single step:false
App Mode: DEVELOPER
Menu Key: ESCAPE
Stage Style: DECORATED
Scene Factory: class com.almasb.fxgl.app.scene.SceneFactory

23:51:32.194 [JavaFX Application Thread] DEBUG FXGLApplication      - Initializing FXGL
23:51:32.198 [JavaFX Application Thread] INFO  Engine               - FXGL-21.1 (27.03.2024 07.52) on WINDOWS (J:24.0.1 FX:21)
23:51:32.199 [JavaFX Application Thread] DEBUG Engine               - JRE Vendor Name: Oracle Corporation
23:51:32.199 [JavaFX Application Thread] DEBUG Engine               - Running on OS: Windows 10 version 10.0
23:51:32.199 [JavaFX Application Thread] DEBUG Engine               - Architecture: amd64
23:51:32.199 [JavaFX Application Thread] INFO  Engine               - Source code and latest versions at: https://github.com/AlmasB/FXGL
23:51:32.199 [JavaFX Application Thread] INFO  Engine               -       Ask questions and discuss at: https://github.com/AlmasB/FXGL/discussions
23:51:32.200 [JavaFX Application Thread] INFO  Engine               -              Join the FXGL chat at: https://gitter.im/AlmasB/FXGL
23:51:32.336 [JavaFX Application Thread] DEBUG PrimaryStageWindow   - Creating a JavaFX scene
23:51:32.401 [JavaFX Application Thread] DEBUG PrimaryStageWindow   - Target settings size: 800.0 x 600.0
23:51:32.402 [JavaFX Application Thread] DEBUG PrimaryStageWindow   - Scaled scene size:    800.0 x 600.0
23:51:32.402 [JavaFX Application Thread] DEBUG PrimaryStageWindow   - Scaled ratio: (1.0, 1.0)
23:51:32.404 [JavaFX Application Thread] DEBUG PrimaryStageWindow   - Set initial scene to FXGLStartupScene
23:51:32.411 [JavaFX Application Thread] DEBUG PrimaryStageWindow   - Opening main window
23:51:32.522 [JavaFX Application Thread] DEBUG PrimaryStageWindow   - Window border size: (16.0, 39.0)
23:51:32.522 [JavaFX Application Thread] DEBUG PrimaryStageWindow   - Scaled size: 800.0 x 600.0
23:51:32.522 [JavaFX Application Thread] DEBUG PrimaryStageWindow   - Scaled ratio: (1.0, 1.0)
23:51:32.522 [JavaFX Application Thread] DEBUG PrimaryStageWindow   - Scene size: 800.0 x 600.0
23:51:32.522 [JavaFX Application Thread] DEBUG PrimaryStageWindow   - Stage size: 816.0 x 639.0
23:51:32.532 [FXGL Background Thread 1 ] DEBUG Engine               - Initializing environment variables
23:51:32.602 [FXGL Background Thread 1 ] DEBUG FXGLAssetLoaderServi - User app class for loading assets: class untitled4.GameApp
23:51:32.602 [FXGL Background Thread 1 ] DEBUG GameApplicationServi - Applying CSS: fxgl_dark.css
23:51:32.603 [FXGL Background Thread 1 ] DEBUG FXGLAssetLoaderServi - Loading from file system: jar:file:///C:/Users/zonda/.m2/repository/com/github/almasb/fxgl/21.1/fxgl-21.1.jar!/fxglassets/ui/css/fxgl_dark.css
23:51:32.671 [FXGL Background Thread 1 ] DEBUG GameApplicationServi - Initializing application scenes
23:51:32.725 [FXGL Background Thread 1 ] DEBUG GameWorld            - Game world initialized
23:51:32.813 [FXGL Background Thread 1 ] DEBUG PhysicsWorld         - Physics world initialized: appHeight=600, physics.ppm=50,0
23:51:32.814 [FXGL Background Thread 1 ] DEBUG PhysicsWorld         - Using strategy: BRUTE_FORCE
23:51:32.823 [FXGL Background Thread 1 ] DEBUG GameScene            - Game scene initialized: 800x600
23:51:32.847 [FXGL Background Thread 1 ] DEBUG FXGL.DefaultMenu     - createMenuBodyMainMenu()
23:51:32.868 [FXGL Background Thread 1 ] DEBUG FXGL.DefaultMenu     - createOptionsMenu()
23:51:32.882 [FXGL Background Thread 1 ] DEBUG FXGLAssetLoaderServi - Loading from file system: jar:file:///C:/Users/zonda/.m2/repository/com/github/almasb/fxgl/21.1/fxgl-21.1.jar!/fxglassets/textures/particles/smoke.png
23:51:33.023 [FXGL Background Thread 1 ] DEBUG FXGLAssetLoaderServi - Loading from file system: jar:file:///C:/Users/zonda/.m2/repository/com/github/almasb/fxgl/21.1/fxgl-21.1.jar!/fxglassets/textures/particles/trace_horizontal.png
23:51:33.054 [FXGL Background Thread 1 ] DEBUG FXGL.DefaultMenu     - createMenuBodyGameMenu()
23:51:33.056 [FXGL Background Thread 1 ] DEBUG FXGL.DefaultMenu     - createOptionsMenu()
23:51:33.080 [FXGL Background Thread 1 ] DEBUG GameApplicationServi - Application scenes initialized
23:51:33.093 [FXGL Background Thread 1 ] DEBUG SystemBundleService  - Loading FXGL system data
23:51:33.094 [FXGL Background Thread 1 ] DEBUG FileSystemAccess     - Reading from: C:\Users\zonda\IdeaProjects\untitled4\system\fxgl.bundle
23:51:33.097 [FXGL Background Thread 1 ] DEBUG SystemBundleService  - Bundle FXGL: {}
23:51:33.097 [FXGL Background Thread 1 ] DEBUG UpdaterService       - Checking for updates
23:51:33.104 [FXGL Background Thread 4 ] DEBUG FXGLApplication      - Loading fonts
23:51:33.104 [FXGL Background Thread 4 ] DEBUG FXGLAssetLoaderServi - Loading from file system: jar:file:///C:/Users/zonda/.m2/repository/com/github/almasb/fxgl/21.1/fxgl-21.1.jar!/fxglassets/ui/fonts/VarelaRound-Regular.ttf
23:51:33.105 [FXGL Background Thread 1 ] DEBUG FXGLApplication      - Loading default localization
23:51:33.106 [FXGL Background Thread 1 ] DEBUG FXGLAssetLoaderServi - Loading from file system: jar:file:///C:/Users/zonda/.m2/repository/com/github/almasb/fxgl/21.1/fxgl-21.1.jar!/fxglassets/languages/english.lang
23:51:33.132 [FXGL Background Thread 4 ] DEBUG FXGLAssetLoaderServi - Loading from file system: jar:file:///C:/Users/zonda/.m2/repository/com/github/almasb/fxgl/21.1/fxgl-21.1.jar!/fxglassets/ui/fonts/Abel-Regular.ttf
23:51:33.139 [FXGL Background Thread 1 ] INFO  FXGLApplication      - FXGL initialization took: 0,607 sec
23:51:33.150 [FXGL Background Thread 4 ] DEBUG FXGLAssetLoaderServi - Loading from file system: jar:file:///C:/Users/zonda/.m2/repository/com/github/almasb/fxgl/21.1/fxgl-21.1.jar!/fxglassets/ui/fonts/TerminalLandMono-Regular.otf
23:51:33.154 [JavaFX Application Thread] DEBUG Input                - Registered new binding: Move Up - W
23:51:33.154 [JavaFX Application Thread] DEBUG Input                - Registered new binding: Move Down - S
23:51:33.154 [JavaFX Application Thread] DEBUG Input                - Registered new binding: Move Left - A
23:51:33.155 [JavaFX Application Thread] DEBUG Input                - Registered new binding: Move Right - D
23:51:33.155 [JavaFX Application Thread] DEBUG LoopRunner           - Stopping loop
23:51:33.155 [JavaFX Application Thread] DEBUG LoopRunner           - Initializing JavaFX AnimationTimerLoop
23:51:33.174 [JavaFX Application Thread] FATAL FXGLApplication      - Uncaught Exception:
java.lang.IllegalArgumentException: Cannot bind to illegal key: SHIFT
	at com.almasb.fxgl.core@21.1/com.almasb.fxgl.input.Input.addAction(Input.kt:498)
	at com.almasb.fxgl.core@21.1/com.almasb.fxgl.input.Input.addAction$default(Input.kt:497)
	at com.almasb.fxgl.core@21.1/com.almasb.fxgl.input.Input.addAction(Input.kt)
	at untitled4/untitled4.GameApp.initInput(GameApp.java:115)
	at com.almasb.fxgl.all@21.1/com.almasb.fxgl.app.FXGLApplication$GameApplicationService.onMainLoopStarting(FXGLApplication.kt:548)
	at com.almasb.fxgl.all@21.1/com.almasb.fxgl.app.Engine.startLoop(Engine.kt:154)
	at com.almasb.fxgl.all@21.1/com.almasb.fxgl.app.FXGLApplication.startImpl$lambda$3(FXGLApplication.kt:147)
	at com.almasb.fxgl.core@21.1/com.almasb.fxgl.core.concurrent.IOTask.succeed(IOTask.java:164)
	at com.almasb.fxgl.core@21.1/com.almasb.fxgl.core.concurrent.IOTask$1.succeeded(IOTask.java:153)
	at javafx.graphics@21/javafx.concurrent.Task.setState(Task.java:726)
	at javafx.graphics@21/javafx.concurrent.Task$TaskCallable.lambda$call$1(Task.java:1410)
	at javafx.graphics@21/com.sun.javafx.application.PlatformImpl.lambda$runLater$10(PlatformImpl.java:456)
	at java.base/java.security.AccessController.doPrivileged(AccessController.java:138)
	at javafx.graphics@21/com.sun.javafx.application.PlatformImpl.lambda$runLater$11(PlatformImpl.java:455)
	at javafx.graphics@21/com.sun.glass.ui.InvokeLaterDispatcher$Future.run(InvokeLaterDispatcher.java:95)
	at javafx.graphics@21/com.sun.glass.ui.win.WinApplication._runLoop(Native Method)
	at javafx.graphics@21/com.sun.glass.ui.win.WinApplication.lambda$runLoop$3(WinApplication.java:185)
	at java.base/java.lang.Thread.run(Thread.java:1447)

23:51:33.174 [JavaFX Application Thread] FATAL FXGLApplication      - Application will now exit
23:51:33.182 [FXGL Background Thread 4 ] DEBUG FXGLAssetLoaderServi - Loading from file system: jar:file:///C:/Users/zonda/.m2/repository/com/github/almasb/fxgl/21.1/fxgl-21.1.jar!/fxglassets/ui/fonts/Courier-Prime.ttf
23:51:33.206 [JavaFX Application Thread] DEBUG PrimaryStageWindow   - Push state: ErrorSubScene
23:51:33.207 [JavaFX Application Thread] DEBUG Input                - Clearing active input actions
23:51:33.221 [JavaFX Application Thread] DEBUG GameApplicationServi - Removing overlay from FXGLStartupScene and adding to ErrorSubScene
23:51:33.221 [JavaFX Application Thread] DEBUG PrimaryStageWindow   - FXGLStartupScene -> ErrorSubScene
23:51:33.222 [JavaFX Application Thread] DEBUG FXGLApplication      - Registering font factories with UI factory
23:51:36.103 [FXGL Background Thread 3 ] DEBUG Engine               - Logging environment variables
23:51:36.103 [FXGL Background Thread 3 ] DEBUG Engine               - achievements: []
23:51:36.103 [FXGL Background Thread 3 ] DEBUG Engine               - actualHeight: 600.0
23:51:36.103 [FXGL Background Thread 3 ] DEBUG Engine               - actualHeightProperty: ReadOnlyDoubleProperty [value: 600.0]
23:51:36.103 [FXGL Background Thread 3 ] DEBUG Engine               - actualWidth: 800.0
23:51:36.104 [FXGL Background Thread 3 ] DEBUG Engine               - actualWidthProperty: ReadOnlyDoubleProperty [value: 800.0]
23:51:36.104 [FXGL Background Thread 3 ] DEBUG Engine               - appIcon: fxgl_icon.png
23:51:36.104 [FXGL Background Thread 3 ] DEBUG Engine               - applicationMode: DEVELOPER
23:51:36.104 [FXGL Background Thread 3 ] DEBUG Engine               - cSSList: [fxgl_dark.css]
23:51:36.104 [FXGL Background Thread 3 ] DEBUG Engine               - collisionDetectionStrategy: BRUTE_FORCE
23:51:36.104 [FXGL Background Thread 3 ] DEBUG Engine               - configClass: Optional.empty
23:51:36.104 [FXGL Background Thread 3 ] DEBUG Engine               - credits: []
23:51:36.104 [FXGL Background Thread 3 ] DEBUG Engine               - defaultCursor: CursorInfo(imageName=fxgl_default_cursor.png, hotspotX=7.0, hotspotY=6.0)
23:51:36.104 [FXGL Background Thread 3 ] DEBUG Engine               - devBBoxColorProperty: ObjectProperty [value: 0xff0000ff]
23:51:36.104 [FXGL Background Thread 3 ] DEBUG Engine               - devEnableDebugCameraProperty: BooleanProperty [value: false]
23:51:36.105 [FXGL Background Thread 3 ] DEBUG Engine               - devSensorColorProperty: ObjectProperty [value: 0xffff00ff]
23:51:36.105 [FXGL Background Thread 3 ] DEBUG Engine               - devShowBBoxProperty: BooleanProperty [value: false]
23:51:36.105 [FXGL Background Thread 3 ] DEBUG Engine               - devShowPositionProperty: BooleanProperty [value: false]
23:51:36.105 [FXGL Background Thread 3 ] DEBUG Engine               - enabledMenuItems: []
23:51:36.105 [FXGL Background Thread 3 ] DEBUG Engine               - engineServices: [class com.almasb.fxgl.app.services.FXGLAssetLoaderService, class com.almasb.fxgl.app.FXGLApplication$GameApplicationService, class com.almasb.fxgl.app.services.FXGLDialogService, class com.almasb.fxgl.app.services.IOTaskExecutorService, class com.almasb.fxgl.io.FileSystemService, class com.almasb.fxgl.localization.LocalizationService, class com.almasb.fxgl.app.services.SystemBundleService, class com.almasb.fxgl.profile.SaveLoadService, class com.almasb.fxgl.ui.FXGLUIFactoryServiceProvider, class com.almasb.fxgl.ui.FXGLDialogFactoryServiceProvider, class com.almasb.fxgl.audio.AudioPlayer, class com.almasb.fxgl.notification.impl.NotificationServiceProvider, class com.almasb.fxgl.achievement.AchievementService, class com.almasb.fxgl.cutscene.CutsceneService, class com.almasb.fxgl.minigames.MiniGameService, class com.almasb.fxgl.net.NetService, class com.almasb.fxgl.app.services.UpdaterService, class com.almasb.fxgl.dev.DevService]
23:51:36.105 [FXGL Background Thread 3 ] DEBUG Engine               - fontGame: Abel-Regular.ttf
23:51:36.105 [FXGL Background Thread 3 ] DEBUG Engine               - fontMono: TerminalLandMono-Regular.otf
23:51:36.105 [FXGL Background Thread 3 ] DEBUG Engine               - fontSizeScaleUI: 1.0
23:51:36.105 [FXGL Background Thread 3 ] DEBUG Engine               - fontText: Courier-Prime.ttf
23:51:36.105 [FXGL Background Thread 3 ] DEBUG Engine               - fontUI: VarelaRound-Regular.ttf
23:51:36.105 [FXGL Background Thread 3 ] DEBUG Engine               - fullScreen: BooleanProperty [value: false]
23:51:36.105 [FXGL Background Thread 3 ] DEBUG Engine               - gameDifficulty: MEDIUM
23:51:36.105 [FXGL Background Thread 3 ] DEBUG Engine               - gameDifficultyProperty: ObjectProperty [value: MEDIUM]
23:51:36.105 [FXGL Background Thread 3 ] DEBUG Engine               - globalMusicVolume: 0.5
23:51:36.106 [FXGL Background Thread 3 ] DEBUG Engine               - globalMusicVolumeProperty: DoubleProperty [value: 0.5]
23:51:36.106 [FXGL Background Thread 3 ] DEBUG Engine               - globalSoundVolume: 0.5
23:51:36.106 [FXGL Background Thread 3 ] DEBUG Engine               - globalSoundVolumeProperty: DoubleProperty [value: 0.5]
23:51:36.106 [FXGL Background Thread 3 ] DEBUG Engine               - height: 600
23:51:36.106 [FXGL Background Thread 3 ] DEBUG Engine               - is3D: false
23:51:36.106 [FXGL Background Thread 3 ] DEBUG Engine               - isAndroid: false
23:51:36.106 [FXGL Background Thread 3 ] DEBUG Engine               - isBrowser: false
23:51:36.106 [FXGL Background Thread 3 ] DEBUG Engine               - isClickFeedbackEnabled: false
23:51:36.106 [FXGL Background Thread 3 ] DEBUG Engine               - isCloseConfirmation: false
23:51:36.106 [FXGL Background Thread 3 ] DEBUG Engine               - isDesktop: true
23:51:36.106 [FXGL Background Thread 3 ] DEBUG Engine               - isDeveloperMenuEnabled: false
23:51:36.106 [FXGL Background Thread 3 ] DEBUG Engine               - isEmbedded: false
23:51:36.106 [FXGL Background Thread 3 ] DEBUG Engine               - isEntityPreloadEnabled: true
23:51:36.106 [FXGL Background Thread 3 ] DEBUG Engine               - isExperimentalTiledLargeMap: false
23:51:36.106 [FXGL Background Thread 3 ] DEBUG Engine               - isFileSystemWriteAllowed: true
23:51:36.106 [FXGL Background Thread 3 ] DEBUG Engine               - isFullScreenAllowed: false
23:51:36.106 [FXGL Background Thread 3 ] DEBUG Engine               - isFullScreenFromStart: false
23:51:36.107 [FXGL Background Thread 3 ] DEBUG Engine               - isGameMenuEnabled: true
23:51:36.107 [FXGL Background Thread 3 ] DEBUG Engine               - isIOS: false
23:51:36.107 [FXGL Background Thread 3 ] DEBUG Engine               - isIntroEnabled: false
23:51:36.107 [FXGL Background Thread 3 ] DEBUG Engine               - isLinux: false
23:51:36.107 [FXGL Background Thread 3 ] DEBUG Engine               - isMac: false
23:51:36.107 [FXGL Background Thread 3 ] DEBUG Engine               - isMainMenuEnabled: true
23:51:36.107 [FXGL Background Thread 3 ] DEBUG Engine               - isManualResizeEnabled: false
23:51:36.107 [FXGL Background Thread 3 ] DEBUG Engine               - isMobile: false
23:51:36.107 [FXGL Background Thread 3 ] DEBUG Engine               - isNative: false
23:51:36.107 [FXGL Background Thread 3 ] DEBUG Engine               - isPauseMusicWhenMinimized: true
23:51:36.107 [FXGL Background Thread 3 ] DEBUG Engine               - isPreserveResizeRatio: false
23:51:36.107 [FXGL Background Thread 3 ] DEBUG Engine               - isProfilingEnabled: false
23:51:36.107 [FXGL Background Thread 3 ] DEBUG Engine               - isScaleAffectedOnResize: true
23:51:36.107 [FXGL Background Thread 3 ] DEBUG Engine               - isSingleStep: false
23:51:36.107 [FXGL Background Thread 3 ] DEBUG Engine               - isUserProfileEnabled: false
23:51:36.107 [FXGL Background Thread 3 ] DEBUG Engine               - isWindows: true
23:51:36.107 [FXGL Background Thread 3 ] DEBUG Engine               - language: ObjectProperty [value: ENGLISH]
23:51:36.108 [FXGL Background Thread 3 ] DEBUG Engine               - menuKey: ESCAPE
23:51:36.108 [FXGL Background Thread 3 ] DEBUG Engine               - mouseSensitivity: 0.2
23:51:36.108 [FXGL Background Thread 3 ] DEBUG Engine               - notificationViewClass: class com.almasb.fxgl.notification.view.XboxNotificationView
23:51:36.108 [FXGL Background Thread 3 ] DEBUG Engine               - pixelsPerMeter: 50.0
23:51:36.108 [FXGL Background Thread 3 ] DEBUG Engine               - platform: WINDOWS
23:51:36.108 [FXGL Background Thread 3 ] DEBUG Engine               - prefHeightProperty: ReadOnlyDoubleProperty [value: 600.0]
23:51:36.108 [FXGL Background Thread 3 ] DEBUG Engine               - prefWidthProperty: ReadOnlyDoubleProperty [value: 800.0]
23:51:36.108 [FXGL Background Thread 3 ] DEBUG Engine               - profileDir: profiles/
23:51:36.108 [FXGL Background Thread 3 ] DEBUG Engine               - profileName: StringProperty [value: DEFAULT]
23:51:36.109 [FXGL Background Thread 3 ] DEBUG Engine               - randomSeed: -1
23:51:36.109 [FXGL Background Thread 3 ] DEBUG Engine               - runtimeInfo: RuntimeInfo(platform=WINDOWS, version=21.1, build=27.03.2024 07.52)
23:51:36.109 [FXGL Background Thread 3 ] DEBUG Engine               - saveFileExt: sav
23:51:36.109 [FXGL Background Thread 3 ] DEBUG Engine               - scaledHeightProp$fxgl: DoubleProperty [bound, value: 600.0]
23:51:36.109 [FXGL Background Thread 3 ] DEBUG Engine               - scaledWidthProp$fxgl: DoubleProperty [bound, value: 800.0]
23:51:36.109 [FXGL Background Thread 3 ] DEBUG Engine               - sceneFactory: com.almasb.fxgl.app.scene.SceneFactory@601325fe
23:51:36.109 [FXGL Background Thread 3 ] DEBUG Engine               - secondsIn24h: 60
23:51:36.109 [FXGL Background Thread 3 ] DEBUG Engine               - soundMenuBack: menu/back.wav
23:51:36.109 [FXGL Background Thread 3 ] DEBUG Engine               - soundMenuPress: menu/press.wav
23:51:36.109 [FXGL Background Thread 3 ] DEBUG Engine               - soundMenuSelect: menu/select.wav
23:51:36.109 [FXGL Background Thread 3 ] DEBUG Engine               - soundNotification: core/notification.wav
23:51:36.110 [FXGL Background Thread 3 ] DEBUG Engine               - stageStyle: DECORATED
23:51:36.110 [FXGL Background Thread 3 ] DEBUG Engine               - supportedLanguages: [ENGLISH, FRENCH, GERMAN, HUNGARIAN, RUSSIAN]
23:51:36.110 [FXGL Background Thread 3 ] DEBUG Engine               - ticksPerSecond: -1
23:51:36.110 [FXGL Background Thread 3 ] DEBUG Engine               - title: Owl's Blood
23:51:36.110 [FXGL Background Thread 3 ] DEBUG Engine               - urlGithub: https://github.com/AlmasB/FXGL
23:51:36.110 [FXGL Background Thread 3 ] DEBUG Engine               - urlLeaderboard: http://fxgl-top.herokuapp.com/
23:51:36.110 [FXGL Background Thread 3 ] DEBUG Engine               - urlPOM: https://raw.githubusercontent.com/AlmasB/FXGL/release/README.md
23:51:36.110 [FXGL Background Thread 3 ] DEBUG Engine               - userAppClass: class untitled4.GameApp
23:51:36.110 [FXGL Background Thread 3 ] DEBUG Engine               - version: 0.1
23:51:36.110 [FXGL Background Thread 3 ] DEBUG Engine               - versionCheckDays: 7
23:51:36.110 [FXGL Background Thread 3 ] DEBUG Engine               - width: 800
23:51:36.110 [FXGL Background Thread 3 ] DEBUG Engine               - Logging services
23:51:36.110 [FXGL Background Thread 3 ] DEBUG Engine               - class com.almasb.fxgl.app.services.FXGLAssetLoaderService
23:51:36.110 [FXGL Background Thread 3 ] DEBUG Engine               - class com.almasb.fxgl.app.FXGLApplication$GameApplicationService
23:51:36.110 [FXGL Background Thread 3 ] DEBUG Engine               - class com.almasb.fxgl.app.services.FXGLDialogService
23:51:36.110 [FXGL Background Thread 3 ] DEBUG Engine               - class com.almasb.fxgl.app.services.IOTaskExecutorService
23:51:36.110 [FXGL Background Thread 3 ] DEBUG Engine               - class com.almasb.fxgl.io.FileSystemService
23:51:36.110 [FXGL Background Thread 3 ] DEBUG Engine               - class com.almasb.fxgl.localization.LocalizationService
23:51:36.110 [FXGL Background Thread 3 ] DEBUG Engine               - class com.almasb.fxgl.app.services.SystemBundleService
23:51:36.111 [FXGL Background Thread 3 ] DEBUG Engine               - class com.almasb.fxgl.profile.SaveLoadService
23:51:36.111 [FXGL Background Thread 3 ] DEBUG Engine               - class com.almasb.fxgl.ui.FXGLUIFactoryServiceProvider
23:51:36.111 [FXGL Background Thread 3 ] DEBUG Engine               - class com.almasb.fxgl.ui.FXGLDialogFactoryServiceProvider
23:51:36.111 [FXGL Background Thread 3 ] DEBUG Engine               - class com.almasb.fxgl.audio.AudioPlayer
23:51:36.111 [FXGL Background Thread 3 ] DEBUG Engine               - class com.almasb.fxgl.notification.impl.NotificationServiceProvider
23:51:36.111 [FXGL Background Thread 3 ] DEBUG Engine               - class com.almasb.fxgl.achievement.AchievementService
23:51:36.111 [FXGL Background Thread 3 ] DEBUG Engine               - class com.almasb.fxgl.cutscene.CutsceneService
23:51:36.111 [FXGL Background Thread 3 ] DEBUG Engine               - class com.almasb.fxgl.minigames.MiniGameService
23:51:36.111 [FXGL Background Thread 3 ] DEBUG Engine               - class com.almasb.fxgl.net.NetService
23:51:36.111 [FXGL Background Thread 3 ] DEBUG Engine               - class com.almasb.fxgl.app.services.UpdaterService
23:51:36.111 [FXGL Background Thread 3 ] DEBUG Engine               - class com.almasb.fxgl.dev.DevService
23:51:37.936 [JavaFX Application Thread] DEBUG FXGLApplication      - Exiting FXGL
23:51:37.936 [JavaFX Application Thread] DEBUG Async                - Shutting down background threads
23:51:37.936 [JavaFX Application Thread] DEBUG PrimaryStageWindow   - Closing main window
23:51:37.952 [JavaFX Application Thread] DEBUG Logger               - Closing Logger
