15:35:10.024 [main                     ] DEBUG Logger               - Configured Logger
15:35:10.033 [main                     ] DEBUG GameApplication      - Logging settings
Title: Owl's Blood
Version: 0.1
Width: 800
Height: 600
Fullscreen: false
Intro: false
Profiling: false
Single step:false
App Mode: DEVELOPER
Menu Key: ESCAPE
Stage Style: DECORATED
Scene Factory: class com.almasb.fxgl.app.scene.SceneFactory

15:35:10.990 [JavaFX Application Thread] DEBUG FXGLApplication      - Initializing FXGL
15:35:10.994 [JavaFX Application Thread] INFO  Engine               - FXGL-21.1 (27.03.2024 07.52) on WINDOWS (J:24.0.1 FX:21)
15:35:10.995 [JavaFX Application Thread] DEBUG Engine               - JRE Vendor Name: Oracle Corporation
15:35:10.995 [JavaFX Application Thread] DEBUG Engine               - Running on OS: Windows 10 version 10.0
15:35:10.995 [JavaFX Application Thread] DEBUG Engine               - Architecture: amd64
15:35:10.995 [JavaFX Application Thread] INFO  Engine               - Source code and latest versions at: https://github.com/AlmasB/FXGL
15:35:10.995 [JavaFX Application Thread] INFO  Engine               -       Ask questions and discuss at: https://github.com/AlmasB/FXGL/discussions
15:35:10.996 [JavaFX Application Thread] INFO  Engine               -              Join the FXGL chat at: https://gitter.im/AlmasB/FXGL
15:35:11.148 [JavaFX Application Thread] DEBUG PrimaryStageWindow   - Creating a JavaFX scene
15:35:11.215 [JavaFX Application Thread] DEBUG PrimaryStageWindow   - Target settings size: 800.0 x 600.0
15:35:11.215 [JavaFX Application Thread] DEBUG PrimaryStageWindow   - Scaled scene size:    800.0 x 600.0
15:35:11.215 [JavaFX Application Thread] DEBUG PrimaryStageWindow   - Scaled ratio: (1.0, 1.0)
15:35:11.217 [JavaFX Application Thread] DEBUG PrimaryStageWindow   - Set initial scene to FXGLStartupScene
15:35:11.223 [JavaFX Application Thread] DEBUG PrimaryStageWindow   - Opening main window
15:35:11.328 [JavaFX Application Thread] DEBUG PrimaryStageWindow   - Window border size: (16.0, 39.0)
15:35:11.328 [JavaFX Application Thread] DEBUG PrimaryStageWindow   - Scaled size: 800.0 x 600.0
15:35:11.328 [JavaFX Application Thread] DEBUG PrimaryStageWindow   - Scaled ratio: (1.0, 1.0)
15:35:11.328 [JavaFX Application Thread] DEBUG PrimaryStageWindow   - Scene size: 800.0 x 600.0
15:35:11.329 [JavaFX Application Thread] DEBUG PrimaryStageWindow   - Stage size: 816.0 x 639.0
15:35:11.338 [FXGL Background Thread 1 ] DEBUG Engine               - Initializing environment variables
15:35:11.400 [FXGL Background Thread 1 ] DEBUG FXGLAssetLoaderServi - User app class for loading assets: class untitled4.GameApp
15:35:11.401 [FXGL Background Thread 1 ] DEBUG GameApplicationServi - Applying CSS: fxgl_dark.css
15:35:11.404 [FXGL Background Thread 1 ] DEBUG FXGLAssetLoaderServi - Loading from file system: jar:file:///C:/Users/zonda/.m2/repository/com/github/almasb/fxgl/21.1/fxgl-21.1.jar!/fxglassets/ui/css/fxgl_dark.css
15:35:11.505 [FXGL Background Thread 1 ] DEBUG GameApplicationServi - Initializing application scenes
15:35:11.565 [FXGL Background Thread 1 ] DEBUG GameWorld            - Game world initialized
15:35:11.733 [FXGL Background Thread 1 ] DEBUG PhysicsWorld         - Physics world initialized: appHeight=600, physics.ppm=50,0
15:35:11.733 [FXGL Background Thread 1 ] DEBUG PhysicsWorld         - Using strategy: BRUTE_FORCE
15:35:11.739 [FXGL Background Thread 1 ] DEBUG GameScene            - Game scene initialized: 800x600
15:35:11.756 [FXGL Background Thread 1 ] DEBUG FXGL.DefaultMenu     - createMenuBodyMainMenu()
15:35:11.774 [FXGL Background Thread 1 ] DEBUG FXGL.DefaultMenu     - createOptionsMenu()
15:35:11.785 [FXGL Background Thread 1 ] DEBUG FXGLAssetLoaderServi - Loading from file system: jar:file:///C:/Users/zonda/.m2/repository/com/github/almasb/fxgl/21.1/fxgl-21.1.jar!/fxglassets/textures/particles/smoke.png
15:35:11.896 [FXGL Background Thread 1 ] DEBUG FXGLAssetLoaderServi - Loading from file system: jar:file:///C:/Users/zonda/.m2/repository/com/github/almasb/fxgl/21.1/fxgl-21.1.jar!/fxglassets/textures/particles/trace_horizontal.png
15:35:11.927 [FXGL Background Thread 1 ] DEBUG FXGL.DefaultMenu     - createMenuBodyGameMenu()
15:35:11.928 [FXGL Background Thread 1 ] DEBUG FXGL.DefaultMenu     - createOptionsMenu()
15:35:11.949 [FXGL Background Thread 1 ] DEBUG GameApplicationServi - Application scenes initialized
15:35:11.961 [FXGL Background Thread 1 ] DEBUG SystemBundleService  - Loading FXGL system data
15:35:11.962 [FXGL Background Thread 1 ] DEBUG FileSystemAccess     - Reading from: C:\Users\zonda\IdeaProjects\Kursova1.1\system\fxgl.bundle
15:35:11.965 [FXGL Background Thread 1 ] DEBUG SystemBundleService  - Bundle FXGL: {}
15:35:11.965 [FXGL Background Thread 1 ] DEBUG UpdaterService       - Checking for updates
15:35:11.970 [FXGL Background Thread 4 ] DEBUG FXGLApplication      - Loading fonts
15:35:11.971 [FXGL Background Thread 4 ] DEBUG FXGLAssetLoaderServi - Loading from file system: jar:file:///C:/Users/zonda/.m2/repository/com/github/almasb/fxgl/21.1/fxgl-21.1.jar!/fxglassets/ui/fonts/VarelaRound-Regular.ttf
15:35:11.971 [FXGL Background Thread 1 ] DEBUG FXGLApplication      - Loading default localization
15:35:11.972 [FXGL Background Thread 1 ] DEBUG FXGLAssetLoaderServi - Loading from file system: jar:file:///C:/Users/zonda/.m2/repository/com/github/almasb/fxgl/21.1/fxgl-21.1.jar!/fxglassets/languages/english.lang
15:35:12.000 [FXGL Background Thread 1 ] INFO  FXGLApplication      - FXGL initialization took: 0,661 sec
15:35:12.010 [FXGL Background Thread 4 ] DEBUG FXGLAssetLoaderServi - Loading from file system: jar:file:///C:/Users/zonda/.m2/repository/com/github/almasb/fxgl/21.1/fxgl-21.1.jar!/fxglassets/ui/fonts/Abel-Regular.ttf
15:35:12.012 [JavaFX Application Thread] DEBUG Input                - Registered new binding: Move Up - W
15:35:12.012 [JavaFX Application Thread] DEBUG Input                - Registered new binding: Move Down - S
15:35:12.012 [JavaFX Application Thread] DEBUG Input                - Registered new binding: Move Left - A
15:35:12.012 [JavaFX Application Thread] DEBUG Input                - Registered new binding: Move Right - D
15:35:12.012 [JavaFX Application Thread] DEBUG Input                - Registered new binding: Run - E
15:35:12.013 [JavaFX Application Thread] DEBUG Input                - Registered new binding: Attack - Space
15:35:12.013 [JavaFX Application Thread] DEBUG FXGLAssetLoaderServi - Loading from file system: jar:file:///C:/Users/zonda/.m2/repository/com/github/almasb/fxgl/21.1/fxgl-21.1.jar!/fxglassets/textures/fxgl_icon.png
15:35:12.035 [FXGL Background Thread 4 ] DEBUG FXGLAssetLoaderServi - Loading from file system: jar:file:///C:/Users/zonda/.m2/repository/com/github/almasb/fxgl/21.1/fxgl-21.1.jar!/fxglassets/ui/fonts/TerminalLandMono-Regular.otf
15:35:12.050 [FXGL Background Thread 4 ] DEBUG FXGLAssetLoaderServi - Loading from file system: jar:file:///C:/Users/zonda/.m2/repository/com/github/almasb/fxgl/21.1/fxgl-21.1.jar!/fxglassets/ui/fonts/Courier-Prime.ttf
15:35:12.059 [JavaFX Application Thread] DEBUG FXGLAssetLoaderServi - Loading from file system: jar:file:///C:/Users/zonda/.m2/repository/com/github/almasb/fxgl/21.1/fxgl-21.1.jar!/fxglassets/textures/fxgl_default_cursor.png
15:35:12.062 [JavaFX Application Thread] DEBUG Input                - Registered new binding: Screenshot - CTRL+8
15:35:12.062 [JavaFX Application Thread] DEBUG Input                - Registered new binding: System info dump - CTRL+9
15:35:12.063 [JavaFX Application Thread] DEBUG Input                - Registered new binding: Restart - CTRL+R
15:35:12.063 [JavaFX Application Thread] DEBUG Input                - Registered new binding: Toggle Debug Camera - CTRL+7
15:35:12.067 [JavaFX Application Thread] DEBUG LoopRunner           - Starting loop
15:35:12.068 [JavaFX Application Thread] DEBUG LoopRunner           - Initializing JavaFX AnimationTimerLoop
15:35:12.072 [JavaFX Application Thread] DEBUG Input                - Clearing active input actions
15:35:12.083 [JavaFX Application Thread] DEBUG GameApplicationServi - Removing overlay from FXGLStartupScene and adding to FXGLMainMenuDummyScene
15:35:12.083 [JavaFX Application Thread] DEBUG PrimaryStageWindow   - FXGLStartupScene -> FXGLMainMenuDummyScene
15:35:12.083 [JavaFX Application Thread] DEBUG PrimaryStageWindow   - Push state: FXGLDefaultMenu
15:35:12.094 [JavaFX Application Thread] DEBUG Input                - Clearing active input actions
15:35:12.105 [JavaFX Application Thread] DEBUG GameApplicationServi - Removing overlay from FXGLMainMenuDummyScene and adding to FXGLDefaultMenu
15:35:12.105 [JavaFX Application Thread] DEBUG PrimaryStageWindow   - FXGLMainMenuDummyScene -> FXGLDefaultMenu
15:35:12.106 [JavaFX Application Thread] DEBUG FXGLApplication      - Registering font factories with UI factory
15:35:14.970 [FXGL Background Thread 3 ] DEBUG Engine               - Logging environment variables
15:35:14.970 [FXGL Background Thread 3 ] DEBUG Engine               - achievements: []
15:35:14.971 [FXGL Background Thread 3 ] DEBUG Engine               - actualHeight: 600.0
15:35:14.971 [FXGL Background Thread 3 ] DEBUG Engine               - actualHeightProperty: ReadOnlyDoubleProperty [value: 600.0]
15:35:14.971 [FXGL Background Thread 3 ] DEBUG Engine               - actualWidth: 800.0
15:35:14.971 [FXGL Background Thread 3 ] DEBUG Engine               - actualWidthProperty: ReadOnlyDoubleProperty [value: 800.0]
15:35:14.971 [FXGL Background Thread 3 ] DEBUG Engine               - appIcon: fxgl_icon.png
15:35:14.971 [FXGL Background Thread 3 ] DEBUG Engine               - applicationMode: DEVELOPER
15:35:14.971 [FXGL Background Thread 3 ] DEBUG Engine               - cSSList: [fxgl_dark.css]
15:35:14.971 [FXGL Background Thread 3 ] DEBUG Engine               - collisionDetectionStrategy: BRUTE_FORCE
15:35:14.971 [FXGL Background Thread 3 ] DEBUG Engine               - configClass: Optional.empty
15:35:14.971 [FXGL Background Thread 3 ] DEBUG Engine               - credits: []
15:35:14.972 [FXGL Background Thread 3 ] DEBUG Engine               - defaultCursor: CursorInfo(imageName=fxgl_default_cursor.png, hotspotX=7.0, hotspotY=6.0)
15:35:14.972 [FXGL Background Thread 3 ] DEBUG Engine               - devBBoxColorProperty: ObjectProperty [value: 0xff0000ff]
15:35:14.972 [FXGL Background Thread 3 ] DEBUG Engine               - devEnableDebugCameraProperty: BooleanProperty [value: false]
15:35:14.973 [FXGL Background Thread 3 ] DEBUG Engine               - devSensorColorProperty: ObjectProperty [value: 0xffff00ff]
15:35:14.973 [FXGL Background Thread 3 ] DEBUG Engine               - devShowBBoxProperty: BooleanProperty [value: false]
15:35:14.973 [FXGL Background Thread 3 ] DEBUG Engine               - devShowPositionProperty: BooleanProperty [value: false]
15:35:14.973 [FXGL Background Thread 3 ] DEBUG Engine               - enabledMenuItems: []
15:35:14.973 [FXGL Background Thread 3 ] DEBUG Engine               - engineServices: [class com.almasb.fxgl.app.services.FXGLAssetLoaderService, class com.almasb.fxgl.app.FXGLApplication$GameApplicationService, class com.almasb.fxgl.app.services.FXGLDialogService, class com.almasb.fxgl.app.services.IOTaskExecutorService, class com.almasb.fxgl.io.FileSystemService, class com.almasb.fxgl.localization.LocalizationService, class com.almasb.fxgl.app.services.SystemBundleService, class com.almasb.fxgl.profile.SaveLoadService, class com.almasb.fxgl.ui.FXGLUIFactoryServiceProvider, class com.almasb.fxgl.ui.FXGLDialogFactoryServiceProvider, class com.almasb.fxgl.audio.AudioPlayer, class com.almasb.fxgl.notification.impl.NotificationServiceProvider, class com.almasb.fxgl.achievement.AchievementService, class com.almasb.fxgl.cutscene.CutsceneService, class com.almasb.fxgl.minigames.MiniGameService, class com.almasb.fxgl.net.NetService, class com.almasb.fxgl.app.services.UpdaterService, class com.almasb.fxgl.dev.DevService]
15:35:14.973 [FXGL Background Thread 3 ] DEBUG Engine               - fontGame: Abel-Regular.ttf
15:35:14.974 [FXGL Background Thread 3 ] DEBUG Engine               - fontMono: TerminalLandMono-Regular.otf
15:35:14.974 [FXGL Background Thread 3 ] DEBUG Engine               - fontSizeScaleUI: 1.0
15:35:14.974 [FXGL Background Thread 3 ] DEBUG Engine               - fontText: Courier-Prime.ttf
15:35:14.974 [FXGL Background Thread 3 ] DEBUG Engine               - fontUI: VarelaRound-Regular.ttf
15:35:14.974 [FXGL Background Thread 3 ] DEBUG Engine               - fullScreen: BooleanProperty [value: false]
15:35:14.974 [FXGL Background Thread 3 ] DEBUG Engine               - gameDifficulty: MEDIUM
15:35:14.974 [FXGL Background Thread 3 ] DEBUG Engine               - gameDifficultyProperty: ObjectProperty [value: MEDIUM]
15:35:14.974 [FXGL Background Thread 3 ] DEBUG Engine               - globalMusicVolume: 0.5
15:35:14.974 [FXGL Background Thread 3 ] DEBUG Engine               - globalMusicVolumeProperty: DoubleProperty [value: 0.5]
15:35:14.975 [FXGL Background Thread 3 ] DEBUG Engine               - globalSoundVolume: 0.5
15:35:14.975 [FXGL Background Thread 3 ] DEBUG Engine               - globalSoundVolumeProperty: DoubleProperty [value: 0.5]
15:35:14.975 [FXGL Background Thread 3 ] DEBUG Engine               - height: 600
15:35:14.975 [FXGL Background Thread 3 ] DEBUG Engine               - is3D: false
15:35:14.975 [FXGL Background Thread 3 ] DEBUG Engine               - isAndroid: false
15:35:14.975 [FXGL Background Thread 3 ] DEBUG Engine               - isBrowser: false
15:35:14.975 [FXGL Background Thread 3 ] DEBUG Engine               - isClickFeedbackEnabled: false
15:35:14.975 [FXGL Background Thread 3 ] DEBUG Engine               - isCloseConfirmation: false
15:35:14.976 [FXGL Background Thread 3 ] DEBUG Engine               - isDesktop: true
15:35:14.976 [FXGL Background Thread 3 ] DEBUG Engine               - isDeveloperMenuEnabled: false
15:35:14.976 [FXGL Background Thread 3 ] DEBUG Engine               - isEmbedded: false
15:35:14.976 [FXGL Background Thread 3 ] DEBUG Engine               - isEntityPreloadEnabled: true
15:35:14.976 [FXGL Background Thread 3 ] DEBUG Engine               - isExperimentalTiledLargeMap: false
15:35:14.976 [FXGL Background Thread 3 ] DEBUG Engine               - isFileSystemWriteAllowed: true
15:35:14.976 [FXGL Background Thread 3 ] DEBUG Engine               - isFullScreenAllowed: false
15:35:14.976 [FXGL Background Thread 3 ] DEBUG Engine               - isFullScreenFromStart: false
15:35:14.976 [FXGL Background Thread 3 ] DEBUG Engine               - isGameMenuEnabled: true
15:35:14.976 [FXGL Background Thread 3 ] DEBUG Engine               - isIOS: false
15:35:14.976 [FXGL Background Thread 3 ] DEBUG Engine               - isIntroEnabled: false
15:35:14.977 [FXGL Background Thread 3 ] DEBUG Engine               - isLinux: false
15:35:14.977 [FXGL Background Thread 3 ] DEBUG Engine               - isMac: false
15:35:14.977 [FXGL Background Thread 3 ] DEBUG Engine               - isMainMenuEnabled: true
15:35:14.977 [FXGL Background Thread 3 ] DEBUG Engine               - isManualResizeEnabled: false
15:35:14.977 [FXGL Background Thread 3 ] DEBUG Engine               - isMobile: false
15:35:14.977 [FXGL Background Thread 3 ] DEBUG Engine               - isNative: false
15:35:14.977 [FXGL Background Thread 3 ] DEBUG Engine               - isPauseMusicWhenMinimized: true
15:35:14.977 [FXGL Background Thread 3 ] DEBUG Engine               - isPreserveResizeRatio: false
15:35:14.977 [FXGL Background Thread 3 ] DEBUG Engine               - isProfilingEnabled: false
15:35:14.977 [FXGL Background Thread 3 ] DEBUG Engine               - isScaleAffectedOnResize: true
15:35:14.977 [FXGL Background Thread 3 ] DEBUG Engine               - isSingleStep: false
15:35:14.977 [FXGL Background Thread 3 ] DEBUG Engine               - isUserProfileEnabled: false
15:35:14.978 [FXGL Background Thread 3 ] DEBUG Engine               - isWindows: true
15:35:14.978 [FXGL Background Thread 3 ] DEBUG Engine               - language: ObjectProperty [value: ENGLISH]
15:35:14.978 [FXGL Background Thread 3 ] DEBUG Engine               - menuKey: ESCAPE
15:35:14.978 [FXGL Background Thread 3 ] DEBUG Engine               - mouseSensitivity: 0.2
15:35:14.978 [FXGL Background Thread 3 ] DEBUG Engine               - notificationViewClass: class com.almasb.fxgl.notification.view.XboxNotificationView
15:35:14.978 [FXGL Background Thread 3 ] DEBUG Engine               - pixelsPerMeter: 50.0
15:35:14.978 [FXGL Background Thread 3 ] DEBUG Engine               - platform: WINDOWS
15:35:14.978 [FXGL Background Thread 3 ] DEBUG Engine               - prefHeightProperty: ReadOnlyDoubleProperty [value: 600.0]
15:35:14.978 [FXGL Background Thread 3 ] DEBUG Engine               - prefWidthProperty: ReadOnlyDoubleProperty [value: 800.0]
15:35:14.978 [FXGL Background Thread 3 ] DEBUG Engine               - profileDir: profiles/
15:35:14.978 [FXGL Background Thread 3 ] DEBUG Engine               - profileName: StringProperty [value: DEFAULT]
15:35:14.979 [FXGL Background Thread 3 ] DEBUG Engine               - randomSeed: -1
15:35:14.979 [FXGL Background Thread 3 ] DEBUG Engine               - runtimeInfo: RuntimeInfo(platform=WINDOWS, version=21.1, build=27.03.2024 07.52)
15:35:14.979 [FXGL Background Thread 3 ] DEBUG Engine               - saveFileExt: sav
15:35:14.979 [FXGL Background Thread 3 ] DEBUG Engine               - scaledHeightProp$fxgl: DoubleProperty [bound, value: 600.0]
15:35:14.979 [FXGL Background Thread 3 ] DEBUG Engine               - scaledWidthProp$fxgl: DoubleProperty [bound, value: 800.0]
15:35:14.979 [FXGL Background Thread 3 ] DEBUG Engine               - sceneFactory: com.almasb.fxgl.app.scene.SceneFactory@38a1e218
15:35:14.979 [FXGL Background Thread 3 ] DEBUG Engine               - secondsIn24h: 60
15:35:14.979 [FXGL Background Thread 3 ] DEBUG Engine               - soundMenuBack: menu/back.wav
15:35:14.979 [FXGL Background Thread 3 ] DEBUG Engine               - soundMenuPress: menu/press.wav
15:35:14.980 [FXGL Background Thread 3 ] DEBUG Engine               - soundMenuSelect: menu/select.wav
15:35:14.980 [FXGL Background Thread 3 ] DEBUG Engine               - soundNotification: core/notification.wav
15:35:14.980 [FXGL Background Thread 3 ] DEBUG Engine               - stageStyle: DECORATED
15:35:14.980 [FXGL Background Thread 3 ] DEBUG Engine               - supportedLanguages: [ENGLISH, FRENCH, GERMAN, HUNGARIAN, RUSSIAN]
15:35:14.980 [FXGL Background Thread 3 ] DEBUG Engine               - ticksPerSecond: -1
15:35:14.980 [FXGL Background Thread 3 ] DEBUG Engine               - title: Owl's Blood
15:35:14.980 [FXGL Background Thread 3 ] DEBUG Engine               - urlGithub: https://github.com/AlmasB/FXGL
15:35:14.980 [FXGL Background Thread 3 ] DEBUG Engine               - urlLeaderboard: http://fxgl-top.herokuapp.com/
15:35:14.980 [FXGL Background Thread 3 ] DEBUG Engine               - urlPOM: https://raw.githubusercontent.com/AlmasB/FXGL/release/README.md
15:35:14.980 [FXGL Background Thread 3 ] DEBUG Engine               - userAppClass: class untitled4.GameApp
15:35:14.980 [FXGL Background Thread 3 ] DEBUG Engine               - version: 0.1
15:35:14.980 [FXGL Background Thread 3 ] DEBUG Engine               - versionCheckDays: 7
15:35:14.980 [FXGL Background Thread 3 ] DEBUG Engine               - width: 800
15:35:14.980 [FXGL Background Thread 3 ] DEBUG Engine               - Logging services
15:35:14.980 [FXGL Background Thread 3 ] DEBUG Engine               - class com.almasb.fxgl.app.services.FXGLAssetLoaderService
15:35:14.980 [FXGL Background Thread 3 ] DEBUG Engine               - class com.almasb.fxgl.app.FXGLApplication$GameApplicationService
15:35:14.980 [FXGL Background Thread 3 ] DEBUG Engine               - class com.almasb.fxgl.app.services.FXGLDialogService
15:35:14.981 [FXGL Background Thread 3 ] DEBUG Engine               - class com.almasb.fxgl.app.services.IOTaskExecutorService
15:35:14.981 [FXGL Background Thread 3 ] DEBUG Engine               - class com.almasb.fxgl.io.FileSystemService
15:35:14.981 [FXGL Background Thread 3 ] DEBUG Engine               - class com.almasb.fxgl.localization.LocalizationService
15:35:14.981 [FXGL Background Thread 3 ] DEBUG Engine               - class com.almasb.fxgl.app.services.SystemBundleService
15:35:14.981 [FXGL Background Thread 3 ] DEBUG Engine               - class com.almasb.fxgl.profile.SaveLoadService
15:35:14.981 [FXGL Background Thread 3 ] DEBUG Engine               - class com.almasb.fxgl.ui.FXGLUIFactoryServiceProvider
15:35:14.981 [FXGL Background Thread 3 ] DEBUG Engine               - class com.almasb.fxgl.ui.FXGLDialogFactoryServiceProvider
15:35:14.981 [FXGL Background Thread 3 ] DEBUG Engine               - class com.almasb.fxgl.audio.AudioPlayer
15:35:14.981 [FXGL Background Thread 3 ] DEBUG Engine               - class com.almasb.fxgl.notification.impl.NotificationServiceProvider
15:35:14.981 [FXGL Background Thread 3 ] DEBUG Engine               - class com.almasb.fxgl.achievement.AchievementService
15:35:14.981 [FXGL Background Thread 3 ] DEBUG Engine               - class com.almasb.fxgl.cutscene.CutsceneService
15:35:14.981 [FXGL Background Thread 3 ] DEBUG Engine               - class com.almasb.fxgl.minigames.MiniGameService
15:35:14.981 [FXGL Background Thread 3 ] DEBUG Engine               - class com.almasb.fxgl.net.NetService
15:35:14.981 [FXGL Background Thread 3 ] DEBUG Engine               - class com.almasb.fxgl.app.services.UpdaterService
15:35:14.981 [FXGL Background Thread 3 ] DEBUG Engine               - class com.almasb.fxgl.dev.DevService
15:35:25.478 [JavaFX Application Thread] DEBUG Menu                 - fireNewGame()
15:35:25.479 [JavaFX Application Thread] DEBUG GameApplicationServi - Starting new game
15:35:25.481 [JavaFX Application Thread] DEBUG PrimaryStageWindow   - Pop state: FXGLDefaultMenu
15:35:25.481 [JavaFX Application Thread] DEBUG Input                - Clearing active input actions
15:35:25.482 [JavaFX Application Thread] DEBUG GameApplicationServi - Removing overlay from FXGLDefaultMenu and adding to FXGLMainMenuDummyScene
15:35:25.482 [JavaFX Application Thread] DEBUG PrimaryStageWindow   - FXGLMainMenuDummyScene <- FXGLDefaultMenu
15:35:25.483 [JavaFX Application Thread] DEBUG Input                - Clearing active input actions
15:35:25.502 [JavaFX Application Thread] DEBUG GameApplicationServi - Removing overlay from FXGLMainMenuDummyScene and adding to FXGLLoadingScene
15:35:25.502 [JavaFX Application Thread] DEBUG PrimaryStageWindow   - FXGLMainMenuDummyScene -> FXGLLoadingScene
15:35:25.503 [JavaFX Application Thread] DEBUG GameApplicationServi - Clearing previous game
15:35:25.503 [JavaFX Application Thread] DEBUG GameScene            - Clearing game scene
15:35:25.503 [JavaFX Application Thread] DEBUG GameWorld            - Clearing game world
15:35:25.503 [JavaFX Application Thread] DEBUG PhysicsWorld         - Clearing physics world
15:35:25.506 [FXGL Background Thread 2 ] DEBUG FXGLApplication      - Initializing game
15:35:25.575 [JavaFX Application Thread] DEBUG LoopRunner           - Stopping loop
15:35:25.577 [JavaFX Application Thread] FATAL FXGLApplication      - Uncaught Exception:
java.lang.RuntimeException: Initialization failed
	at com.almasb.fxgl.all@21.1/com.almasb.fxgl.app.FXGLApplication$InitAppTask.failed(FXGLApplication.kt:347)
	at javafx.graphics@21/javafx.concurrent.Task.setState(Task.java:710)
	at javafx.graphics@21/javafx.concurrent.Task$TaskCallable.lambda$call$2(Task.java:1429)
	at javafx.graphics@21/com.sun.javafx.application.PlatformImpl.lambda$runLater$10(PlatformImpl.java:456)
	at java.base/java.security.AccessController.doPrivileged(AccessController.java:138)
	at javafx.graphics@21/com.sun.javafx.application.PlatformImpl.lambda$runLater$11(PlatformImpl.java:455)
	at javafx.graphics@21/com.sun.glass.ui.InvokeLaterDispatcher$Future.run(InvokeLaterDispatcher.java:95)
	at javafx.graphics@21/com.sun.glass.ui.win.WinApplication._runLoop(Native Method)
	at javafx.graphics@21/com.sun.glass.ui.win.WinApplication.lambda$runLoop$3(WinApplication.java:185)
	at java.base/java.lang.Thread.run(Thread.java:1447)
Caused by: java.lang.NullPointerException: Parameter specified as non-null is null: method com.almasb.fxgl.texture.AnimationChannel.<init>, parameter image
	at com.almasb.fxgl.core@21.1/com.almasb.fxgl.texture.AnimationChannel.<init>(AnimationChannel.kt)
	at untitled4/untitled4.util.CustomImageLoader.loadAnimationChannel(CustomImageLoader.java:142)
	at untitled4/org.example.Player.createPlayerAnimatedTexture(Player.java:54)
	at untitled4/org.example.Player.newPlayer(Player.java:29)
	at java.base/jdk.internal.reflect.DirectMethodHandleAccessor.invoke(DirectMethodHandleAccessor.java:104)
	at java.base/java.lang.reflect.Method.invoke(Method.java:565)
	at com.almasb.fxgl.core@21.1/com.almasb.fxgl.core.reflect.ReflectionUtils.call(ReflectionUtils.java:104)
	at com.almasb.fxgl.core@21.1/com.almasb.fxgl.core.reflect.ReflectionUtils.lambda$mapToFunction$3(ReflectionUtils.java:111)
	at com.almasb.fxgl.entity@21.1/com.almasb.fxgl.entity.GameWorld$create$2.invoke(GameWorld.kt:428)
	at com.almasb.fxgl.entity@21.1/com.almasb.fxgl.entity.GameWorld$create$2.invoke(GameWorld.kt:428)
	at com.almasb.fxgl.core@21.1/com.almasb.fxgl.core.util.DSLKt.tryCatchRoot(DSL.kt:34)
	at com.almasb.fxgl.entity@21.1/com.almasb.fxgl.entity.GameWorld.create(GameWorld.kt:428)
	at com.almasb.fxgl.entity@21.1/com.almasb.fxgl.entity.GameWorld.spawn(GameWorld.kt:396)
	at com.almasb.fxgl.entity@21.1/com.almasb.fxgl.entity.GameWorld.spawn(GameWorld.kt:384)
	at com.almasb.fxgl.all@21.1/com.almasb.fxgl.dsl.FXGL$Companion.spawn(FXGL.kt:566)
	at com.almasb.fxgl.all@21.1/com.almasb.fxgl.dsl.FXGL.spawn(FXGL.kt)
	at untitled4/untitled4.GameApp.initGame(GameApp.java:44)
	at com.almasb.fxgl.all@21.1/com.almasb.fxgl.app.FXGLApplication$InitAppTask.initGame(FXGLApplication.kt:343)
	at com.almasb.fxgl.all@21.1/com.almasb.fxgl.app.FXGLApplication$InitAppTask.call(FXGLApplication.kt:321)
	at com.almasb.fxgl.all@21.1/com.almasb.fxgl.app.FXGLApplication$InitAppTask.call(FXGLApplication.kt:313)
	at javafx.graphics@21/javafx.concurrent.Task$TaskCallable.call(Task.java:1399)
	at java.base/java.util.concurrent.FutureTask.run(FutureTask.java:328)
	at java.base/java.util.concurrent.Executors$RunnableAdapter.call(Executors.java:545)
	at java.base/java.util.concurrent.FutureTask.run(FutureTask.java:328)
	at java.base/java.util.concurrent.ThreadPoolExecutor.runWorker(ThreadPoolExecutor.java:1095)
	at java.base/java.util.concurrent.ThreadPoolExecutor$Worker.run(ThreadPoolExecutor.java:619)
	... 1 more

15:35:25.578 [JavaFX Application Thread] FATAL FXGLApplication      - Application will now exit
15:35:25.613 [JavaFX Application Thread] DEBUG PrimaryStageWindow   - Push state: ErrorSubScene
15:35:25.613 [JavaFX Application Thread] DEBUG Input                - Clearing active input actions
15:35:25.617 [JavaFX Application Thread] DEBUG GameApplicationServi - Removing overlay from FXGLLoadingScene and adding to ErrorSubScene
15:35:25.617 [JavaFX Application Thread] DEBUG PrimaryStageWindow   - FXGLLoadingScene -> ErrorSubScene
15:35:29.386 [JavaFX Application Thread] DEBUG FXGLApplication      - Exiting FXGL
15:35:29.387 [JavaFX Application Thread] DEBUG Async                - Shutting down background threads
15:35:29.387 [JavaFX Application Thread] DEBUG PrimaryStageWindow   - Closing main window
15:35:29.414 [JavaFX Application Thread] DEBUG Logger               - Closing Logger
