19:56:03.446 [main                     ] DEBUG Logger               - Configured Logger
19:56:03.465 [main                     ] DEBUG GameApplication      - Logging settings
Title: Owl's Blood
Version: 0.1
Width: 800
Height: 600
Fullscreen: false
Intro: false
Profiling: false
Single step:false
App Mode: DEVELOPER
Menu Key: ESCAPE
Stage Style: DECORATED
Scene Factory: class com.almasb.fxgl.app.scene.SceneFactory

19:56:07.508 [JavaFX Application Thread] DEBUG FXGLApplication      - Initializing FXGL
19:56:07.520 [JavaFX Application Thread] INFO  Engine               - FXGL-21.1 (27.03.2024 07.52) on WINDOWS (J:24.0.1 FX:21)
19:56:07.520 [JavaFX Application Thread] DEBUG Engine               - JRE Vendor Name: Oracle Corporation
19:56:07.521 [JavaFX Application Thread] DEBUG Engine               - Running on OS: Windows 10 version 10.0
19:56:07.521 [JavaFX Application Thread] DEBUG Engine               - Architecture: amd64
19:56:07.521 [JavaFX Application Thread] INFO  Engine               - Source code and latest versions at: https://github.com/AlmasB/FXGL
19:56:07.521 [JavaFX Application Thread] INFO  Engine               -       Ask questions and discuss at: https://github.com/AlmasB/FXGL/discussions
19:56:07.521 [JavaFX Application Thread] INFO  Engine               -              Join the FXGL chat at: https://gitter.im/AlmasB/FXGL
19:56:07.773 [JavaFX Application Thread] DEBUG PrimaryStageWindow   - Creating a JavaFX scene
19:56:08.089 [JavaFX Application Thread] DEBUG PrimaryStageWindow   - Target settings size: 800.0 x 600.0
19:56:08.089 [JavaFX Application Thread] DEBUG PrimaryStageWindow   - Scaled scene size:    800.0 x 600.0
19:56:08.089 [JavaFX Application Thread] DEBUG PrimaryStageWindow   - Scaled ratio: (1.0, 1.0)
19:56:08.091 [JavaFX Application Thread] DEBUG PrimaryStageWindow   - Set initial scene to FXGLStartupScene
19:56:08.105 [JavaFX Application Thread] DEBUG PrimaryStageWindow   - Opening main window
19:56:08.486 [JavaFX Application Thread] DEBUG PrimaryStageWindow   - Window border size: (16.0, 39.0)
19:56:08.486 [JavaFX Application Thread] DEBUG PrimaryStageWindow   - Scaled size: 800.0 x 600.0
19:56:08.486 [JavaFX Application Thread] DEBUG PrimaryStageWindow   - Scaled ratio: (1.0, 1.0)
19:56:08.487 [JavaFX Application Thread] DEBUG PrimaryStageWindow   - Scene size: 800.0 x 600.0
19:56:08.487 [JavaFX Application Thread] DEBUG PrimaryStageWindow   - Stage size: 816.0 x 639.0
19:56:08.521 [FXGL Background Thread 1 ] DEBUG Engine               - Initializing environment variables
19:56:08.828 [FXGL Background Thread 1 ] DEBUG FXGLAssetLoaderServi - User app class for loading assets: class untitled4.GameApp
19:56:08.828 [FXGL Background Thread 1 ] DEBUG GameApplicationServi - Applying CSS: fxgl_dark.css
19:56:08.830 [FXGL Background Thread 1 ] DEBUG FXGLAssetLoaderServi - Loading from file system: jar:file:///C:/Users/zonda/.m2/repository/com/github/almasb/fxgl/21.1/fxgl-21.1.jar!/fxglassets/ui/css/fxgl_dark.css
19:56:08.923 [FXGL Background Thread 1 ] DEBUG GameApplicationServi - Initializing application scenes
19:56:09.186 [FXGL Background Thread 1 ] DEBUG GameWorld            - Game world initialized
19:56:09.794 [FXGL Background Thread 1 ] DEBUG PhysicsWorld         - Physics world initialized: appHeight=600, physics.ppm=50,0
19:56:09.795 [FXGL Background Thread 1 ] DEBUG PhysicsWorld         - Using strategy: BRUTE_FORCE
19:56:09.802 [FXGL Background Thread 1 ] DEBUG GameScene            - Game scene initialized: 800x600
19:56:09.845 [FXGL Background Thread 1 ] DEBUG FXGL.DefaultMenu     - createMenuBodyMainMenu()
19:56:09.898 [FXGL Background Thread 1 ] DEBUG FXGL.DefaultMenu     - createOptionsMenu()
19:56:09.932 [FXGL Background Thread 1 ] DEBUG FXGLAssetLoaderServi - Loading from file system: jar:file:///C:/Users/zonda/.m2/repository/com/github/almasb/fxgl/21.1/fxgl-21.1.jar!/fxglassets/textures/particles/smoke.png
19:56:10.601 [FXGL Background Thread 1 ] DEBUG FXGLAssetLoaderServi - Loading from file system: jar:file:///C:/Users/zonda/.m2/repository/com/github/almasb/fxgl/21.1/fxgl-21.1.jar!/fxglassets/textures/particles/trace_horizontal.png
19:56:10.699 [FXGL Background Thread 1 ] DEBUG FXGL.DefaultMenu     - createMenuBodyGameMenu()
19:56:10.702 [FXGL Background Thread 1 ] DEBUG FXGL.DefaultMenu     - createOptionsMenu()
19:56:10.741 [FXGL Background Thread 1 ] DEBUG GameApplicationServi - Application scenes initialized
19:56:10.785 [FXGL Background Thread 1 ] DEBUG SystemBundleService  - Loading FXGL system data
19:56:10.789 [FXGL Background Thread 1 ] DEBUG FileSystemAccess     - Reading from: C:\Users\zonda\IdeaProjects\untitled4\system\fxgl.bundle
19:56:10.794 [FXGL Background Thread 1 ] DEBUG SystemBundleService  - Bundle FXGL: {}
19:56:10.794 [FXGL Background Thread 1 ] DEBUG UpdaterService       - Checking for updates
19:56:10.813 [FXGL Background Thread 4 ] DEBUG FXGLApplication      - Loading fonts
19:56:10.814 [FXGL Background Thread 4 ] DEBUG FXGLAssetLoaderServi - Loading from file system: jar:file:///C:/Users/zonda/.m2/repository/com/github/almasb/fxgl/21.1/fxgl-21.1.jar!/fxglassets/ui/fonts/VarelaRound-Regular.ttf
19:56:10.815 [FXGL Background Thread 1 ] DEBUG FXGLApplication      - Loading default localization
19:56:10.816 [FXGL Background Thread 1 ] DEBUG FXGLAssetLoaderServi - Loading from file system: jar:file:///C:/Users/zonda/.m2/repository/com/github/almasb/fxgl/21.1/fxgl-21.1.jar!/fxglassets/languages/english.lang
19:56:10.875 [FXGL Background Thread 4 ] DEBUG FXGLAssetLoaderServi - Loading from file system: jar:file:///C:/Users/zonda/.m2/repository/com/github/almasb/fxgl/21.1/fxgl-21.1.jar!/fxglassets/ui/fonts/Abel-Regular.ttf
19:56:10.891 [FXGL Background Thread 1 ] INFO  FXGLApplication      - FXGL initialization took: 2,371 sec
19:56:10.893 [JavaFX Application Thread] DEBUG FXGLAssetLoaderServi - Loading from file system: jar:file:///C:/Users/zonda/.m2/repository/com/github/almasb/fxgl/21.1/fxgl-21.1.jar!/fxglassets/textures/fxgl_icon.png
19:56:10.897 [FXGL Background Thread 4 ] DEBUG FXGLAssetLoaderServi - Loading from file system: jar:file:///C:/Users/zonda/.m2/repository/com/github/almasb/fxgl/21.1/fxgl-21.1.jar!/fxglassets/ui/fonts/TerminalLandMono-Regular.otf
19:56:10.961 [FXGL Background Thread 4 ] DEBUG FXGLAssetLoaderServi - Loading from file system: jar:file:///C:/Users/zonda/.m2/repository/com/github/almasb/fxgl/21.1/fxgl-21.1.jar!/fxglassets/ui/fonts/Courier-Prime.ttf
19:56:10.983 [JavaFX Application Thread] DEBUG FXGLAssetLoaderServi - Loading from file system: jar:file:///C:/Users/zonda/.m2/repository/com/github/almasb/fxgl/21.1/fxgl-21.1.jar!/fxglassets/textures/fxgl_default_cursor.png
19:56:11.003 [JavaFX Application Thread] DEBUG Input                - Registered new binding: Screenshot - CTRL+8
19:56:11.017 [JavaFX Application Thread] DEBUG Input                - Registered new binding: System info dump - CTRL+9
19:56:11.018 [JavaFX Application Thread] DEBUG Input                - Registered new binding: Restart - CTRL+R
19:56:11.018 [JavaFX Application Thread] DEBUG Input                - Registered new binding: Toggle Debug Camera - CTRL+7
19:56:11.026 [JavaFX Application Thread] DEBUG LoopRunner           - Starting loop
19:56:11.026 [JavaFX Application Thread] DEBUG LoopRunner           - Initializing JavaFX AnimationTimerLoop
19:56:11.053 [JavaFX Application Thread] DEBUG Input                - Clearing active input actions
19:56:11.069 [JavaFX Application Thread] DEBUG GameApplicationServi - Removing overlay from FXGLStartupScene and adding to FXGLMainMenuDummyScene
19:56:11.070 [JavaFX Application Thread] DEBUG PrimaryStageWindow   - FXGLStartupScene -> FXGLMainMenuDummyScene
19:56:11.070 [JavaFX Application Thread] DEBUG PrimaryStageWindow   - Push state: FXGLDefaultMenu
19:56:11.113 [JavaFX Application Thread] DEBUG Input                - Clearing active input actions
19:56:11.128 [JavaFX Application Thread] DEBUG GameApplicationServi - Removing overlay from FXGLMainMenuDummyScene and adding to FXGLDefaultMenu
19:56:11.129 [JavaFX Application Thread] DEBUG PrimaryStageWindow   - FXGLMainMenuDummyScene -> FXGLDefaultMenu
19:56:11.130 [JavaFX Application Thread] DEBUG FXGLApplication      - Registering font factories with UI factory
19:56:13.656 [JavaFX Application Thread] DEBUG Menu                 - fireNewGame()
19:56:13.656 [JavaFX Application Thread] DEBUG GameApplicationServi - Starting new game
19:56:13.659 [JavaFX Application Thread] DEBUG PrimaryStageWindow   - Pop state: FXGLDefaultMenu
19:56:13.660 [JavaFX Application Thread] DEBUG Input                - Clearing active input actions
19:56:13.661 [JavaFX Application Thread] DEBUG GameApplicationServi - Removing overlay from FXGLDefaultMenu and adding to FXGLMainMenuDummyScene
19:56:13.662 [JavaFX Application Thread] DEBUG PrimaryStageWindow   - FXGLMainMenuDummyScene <- FXGLDefaultMenu
19:56:13.662 [JavaFX Application Thread] DEBUG Input                - Clearing active input actions
19:56:13.679 [JavaFX Application Thread] DEBUG GameApplicationServi - Removing overlay from FXGLMainMenuDummyScene and adding to FXGLLoadingScene
19:56:13.679 [JavaFX Application Thread] DEBUG PrimaryStageWindow   - FXGLMainMenuDummyScene -> FXGLLoadingScene
19:56:13.679 [JavaFX Application Thread] DEBUG GameApplicationServi - Clearing previous game
19:56:13.680 [JavaFX Application Thread] DEBUG GameScene            - Clearing game scene
19:56:13.680 [JavaFX Application Thread] DEBUG GameWorld            - Clearing game world
19:56:13.680 [JavaFX Application Thread] DEBUG PhysicsWorld         - Clearing physics world
19:56:13.683 [FXGL Background Thread 4 ] DEBUG FXGLApplication      - Initializing game
19:56:13.752 [JavaFX Application Thread] DEBUG LoopRunner           - Stopping loop
19:56:13.759 [JavaFX Application Thread] FATAL FXGLApplication      - Uncaught Exception:
java.lang.RuntimeException: Initialization failed
	at com.almasb.fxgl.all@21.1/com.almasb.fxgl.app.FXGLApplication$InitAppTask.failed(FXGLApplication.kt:347)
	at javafx.graphics@21/javafx.concurrent.Task.setState(Task.java:710)
	at javafx.graphics@21/javafx.concurrent.Task$TaskCallable.lambda$call$2(Task.java:1429)
	at javafx.graphics@21/com.sun.javafx.application.PlatformImpl.lambda$runLater$10(PlatformImpl.java:456)
	at java.base/java.security.AccessController.doPrivileged(AccessController.java:138)
	at javafx.graphics@21/com.sun.javafx.application.PlatformImpl.lambda$runLater$11(PlatformImpl.java:455)
	at javafx.graphics@21/com.sun.glass.ui.InvokeLaterDispatcher$Future.run(InvokeLaterDispatcher.java:95)
	at javafx.graphics@21/com.sun.glass.ui.win.WinApplication._runLoop(Native Method)
	at javafx.graphics@21/com.sun.glass.ui.win.WinApplication.lambda$runLoop$3(WinApplication.java:185)
	at java.base/java.lang.Thread.run(Thread.java:1447)
Caused by: java.lang.IllegalAccessException: class com.almasb.fxgl.core.reflect.ReflectionUtils (in module com.almasb.fxgl.core) cannot access class org.example.GameFactory (in module untitled4) because module untitled4 does not export org.example to module com.almasb.fxgl.core
	at java.base/jdk.internal.reflect.Reflection.newIllegalAccessException(Reflection.java:400)
	at java.base/java.lang.reflect.AccessibleObject.checkAccess(AccessibleObject.java:670)
	at java.base/java.lang.reflect.Method.invoke(Method.java:556)
	at com.almasb.fxgl.core@21.1/com.almasb.fxgl.core.reflect.ReflectionUtils.call(ReflectionUtils.java:104)
	at com.almasb.fxgl.core@21.1/com.almasb.fxgl.core.reflect.ReflectionUtils.lambda$mapToFunction$3(ReflectionUtils.java:111)
	at com.almasb.fxgl.entity@21.1/com.almasb.fxgl.entity.GameWorld$create$2.invoke(GameWorld.kt:428)
	at com.almasb.fxgl.entity@21.1/com.almasb.fxgl.entity.GameWorld$create$2.invoke(GameWorld.kt:428)
	at com.almasb.fxgl.core@21.1/com.almasb.fxgl.core.util.DSLKt.tryCatchRoot(DSL.kt:34)
	at com.almasb.fxgl.entity@21.1/com.almasb.fxgl.entity.GameWorld.create(GameWorld.kt:428)
	at com.almasb.fxgl.entity@21.1/com.almasb.fxgl.entity.GameWorld.spawn(GameWorld.kt:396)
	at com.almasb.fxgl.entity@21.1/com.almasb.fxgl.entity.GameWorld.spawn(GameWorld.kt:384)
	at com.almasb.fxgl.all@21.1/com.almasb.fxgl.dsl.FXGL$Companion.spawn(FXGL.kt:566)
	at com.almasb.fxgl.all@21.1/com.almasb.fxgl.dsl.FXGL.spawn(FXGL.kt)
	at untitled4/untitled4.GameApp.initGame(GameApp.java:34)
	at com.almasb.fxgl.all@21.1/com.almasb.fxgl.app.FXGLApplication$InitAppTask.initGame(FXGLApplication.kt:343)
	at com.almasb.fxgl.all@21.1/com.almasb.fxgl.app.FXGLApplication$InitAppTask.call(FXGLApplication.kt:321)
	at com.almasb.fxgl.all@21.1/com.almasb.fxgl.app.FXGLApplication$InitAppTask.call(FXGLApplication.kt:313)
	at javafx.graphics@21/javafx.concurrent.Task$TaskCallable.call(Task.java:1399)
	at java.base/java.util.concurrent.FutureTask.run(FutureTask.java:328)
	at java.base/java.util.concurrent.Executors$RunnableAdapter.call(Executors.java:545)
	at java.base/java.util.concurrent.FutureTask.run(FutureTask.java:328)
	at java.base/java.util.concurrent.ThreadPoolExecutor.runWorker(ThreadPoolExecutor.java:1095)
	at java.base/java.util.concurrent.ThreadPoolExecutor$Worker.run(ThreadPoolExecutor.java:619)
	... 1 more

19:56:13.760 [JavaFX Application Thread] FATAL FXGLApplication      - Application will now exit
19:56:13.811 [FXGL Background Thread 3 ] DEBUG Engine               - Logging environment variables
19:56:13.811 [FXGL Background Thread 3 ] DEBUG Engine               - achievements: []
19:56:13.812 [FXGL Background Thread 3 ] DEBUG Engine               - actualHeight: 600.0
19:56:13.812 [FXGL Background Thread 3 ] DEBUG Engine               - actualHeightProperty: ReadOnlyDoubleProperty [value: 600.0]
19:56:13.812 [FXGL Background Thread 3 ] DEBUG Engine               - actualWidth: 800.0
19:56:13.812 [FXGL Background Thread 3 ] DEBUG Engine               - actualWidthProperty: ReadOnlyDoubleProperty [value: 800.0]
19:56:13.812 [FXGL Background Thread 3 ] DEBUG Engine               - appIcon: fxgl_icon.png
19:56:13.812 [FXGL Background Thread 3 ] DEBUG Engine               - applicationMode: DEVELOPER
19:56:13.812 [FXGL Background Thread 3 ] DEBUG Engine               - cSSList: [fxgl_dark.css]
19:56:13.812 [FXGL Background Thread 3 ] DEBUG Engine               - collisionDetectionStrategy: BRUTE_FORCE
19:56:13.812 [FXGL Background Thread 3 ] DEBUG Engine               - configClass: Optional.empty
19:56:13.812 [FXGL Background Thread 3 ] DEBUG Engine               - credits: []
19:56:13.813 [FXGL Background Thread 3 ] DEBUG Engine               - defaultCursor: CursorInfo(imageName=fxgl_default_cursor.png, hotspotX=7.0, hotspotY=6.0)
19:56:13.813 [FXGL Background Thread 3 ] DEBUG Engine               - devBBoxColorProperty: ObjectProperty [value: 0xff0000ff]
19:56:13.813 [FXGL Background Thread 3 ] DEBUG Engine               - devEnableDebugCameraProperty: BooleanProperty [value: false]
19:56:13.814 [FXGL Background Thread 3 ] DEBUG Engine               - devSensorColorProperty: ObjectProperty [value: 0xffff00ff]
19:56:13.814 [FXGL Background Thread 3 ] DEBUG Engine               - devShowBBoxProperty: BooleanProperty [value: false]
19:56:13.814 [FXGL Background Thread 3 ] DEBUG Engine               - devShowPositionProperty: BooleanProperty [value: false]
19:56:13.845 [FXGL Background Thread 3 ] DEBUG Engine               - enabledMenuItems: []
19:56:13.845 [FXGL Background Thread 3 ] DEBUG Engine               - engineServices: [class com.almasb.fxgl.app.services.FXGLAssetLoaderService, class com.almasb.fxgl.app.FXGLApplication$GameApplicationService, class com.almasb.fxgl.app.services.FXGLDialogService, class com.almasb.fxgl.app.services.IOTaskExecutorService, class com.almasb.fxgl.io.FileSystemService, class com.almasb.fxgl.localization.LocalizationService, class com.almasb.fxgl.app.services.SystemBundleService, class com.almasb.fxgl.profile.SaveLoadService, class com.almasb.fxgl.ui.FXGLUIFactoryServiceProvider, class com.almasb.fxgl.ui.FXGLDialogFactoryServiceProvider, class com.almasb.fxgl.audio.AudioPlayer, class com.almasb.fxgl.notification.impl.NotificationServiceProvider, class com.almasb.fxgl.achievement.AchievementService, class com.almasb.fxgl.cutscene.CutsceneService, class com.almasb.fxgl.minigames.MiniGameService, class com.almasb.fxgl.net.NetService, class com.almasb.fxgl.app.services.UpdaterService, class com.almasb.fxgl.dev.DevService]
19:56:13.845 [FXGL Background Thread 3 ] DEBUG Engine               - fontGame: Abel-Regular.ttf
19:56:13.845 [FXGL Background Thread 3 ] DEBUG Engine               - fontMono: TerminalLandMono-Regular.otf
19:56:13.845 [FXGL Background Thread 3 ] DEBUG Engine               - fontSizeScaleUI: 1.0
19:56:13.846 [FXGL Background Thread 3 ] DEBUG Engine               - fontText: Courier-Prime.ttf
19:56:13.847 [FXGL Background Thread 3 ] DEBUG Engine               - fontUI: VarelaRound-Regular.ttf
19:56:13.847 [FXGL Background Thread 3 ] DEBUG Engine               - fullScreen: BooleanProperty [value: false]
19:56:13.847 [FXGL Background Thread 3 ] DEBUG Engine               - gameDifficulty: MEDIUM
19:56:13.847 [FXGL Background Thread 3 ] DEBUG Engine               - gameDifficultyProperty: ObjectProperty [value: MEDIUM]
19:56:13.847 [FXGL Background Thread 3 ] DEBUG Engine               - globalMusicVolume: 0.5
19:56:13.847 [FXGL Background Thread 3 ] DEBUG Engine               - globalMusicVolumeProperty: DoubleProperty [value: 0.5]
19:56:13.847 [FXGL Background Thread 3 ] DEBUG Engine               - globalSoundVolume: 0.5
19:56:13.848 [FXGL Background Thread 3 ] DEBUG Engine               - globalSoundVolumeProperty: DoubleProperty [value: 0.5]
19:56:13.848 [FXGL Background Thread 3 ] DEBUG Engine               - height: 600
19:56:13.848 [FXGL Background Thread 3 ] DEBUG Engine               - is3D: false
19:56:13.850 [FXGL Background Thread 3 ] DEBUG Engine               - isAndroid: false
19:56:13.850 [FXGL Background Thread 3 ] DEBUG Engine               - isBrowser: false
19:56:13.850 [FXGL Background Thread 3 ] DEBUG Engine               - isClickFeedbackEnabled: false
19:56:13.850 [FXGL Background Thread 3 ] DEBUG Engine               - isCloseConfirmation: false
19:56:13.850 [FXGL Background Thread 3 ] DEBUG Engine               - isDesktop: true
19:56:13.850 [FXGL Background Thread 3 ] DEBUG Engine               - isDeveloperMenuEnabled: false
19:56:13.850 [FXGL Background Thread 3 ] DEBUG Engine               - isEmbedded: false
19:56:13.851 [FXGL Background Thread 3 ] DEBUG Engine               - isEntityPreloadEnabled: true
19:56:13.851 [FXGL Background Thread 3 ] DEBUG Engine               - isExperimentalTiledLargeMap: false
19:56:13.851 [FXGL Background Thread 3 ] DEBUG Engine               - isFileSystemWriteAllowed: true
19:56:13.851 [FXGL Background Thread 3 ] DEBUG Engine               - isFullScreenAllowed: false
19:56:13.851 [FXGL Background Thread 3 ] DEBUG Engine               - isFullScreenFromStart: false
19:56:13.851 [FXGL Background Thread 3 ] DEBUG Engine               - isGameMenuEnabled: true
19:56:13.851 [FXGL Background Thread 3 ] DEBUG Engine               - isIOS: false
19:56:13.851 [FXGL Background Thread 3 ] DEBUG Engine               - isIntroEnabled: false
19:56:13.852 [FXGL Background Thread 3 ] DEBUG Engine               - isLinux: false
19:56:13.852 [FXGL Background Thread 3 ] DEBUG Engine               - isMac: false
19:56:13.852 [FXGL Background Thread 3 ] DEBUG Engine               - isMainMenuEnabled: true
19:56:13.852 [FXGL Background Thread 3 ] DEBUG Engine               - isManualResizeEnabled: false
19:56:13.852 [FXGL Background Thread 3 ] DEBUG Engine               - isMobile: false
19:56:13.852 [FXGL Background Thread 3 ] DEBUG Engine               - isNative: false
19:56:13.852 [FXGL Background Thread 3 ] DEBUG Engine               - isPauseMusicWhenMinimized: true
19:56:13.852 [FXGL Background Thread 3 ] DEBUG Engine               - isPreserveResizeRatio: false
19:56:13.852 [FXGL Background Thread 3 ] DEBUG Engine               - isProfilingEnabled: false
19:56:13.852 [FXGL Background Thread 3 ] DEBUG Engine               - isScaleAffectedOnResize: true
19:56:13.853 [FXGL Background Thread 3 ] DEBUG Engine               - isSingleStep: false
19:56:13.853 [FXGL Background Thread 3 ] DEBUG Engine               - isUserProfileEnabled: false
19:56:13.853 [FXGL Background Thread 3 ] DEBUG Engine               - isWindows: true
19:56:13.853 [FXGL Background Thread 3 ] DEBUG Engine               - language: ObjectProperty [value: ENGLISH]
19:56:13.853 [FXGL Background Thread 3 ] DEBUG Engine               - menuKey: ESCAPE
19:56:13.853 [FXGL Background Thread 3 ] DEBUG Engine               - mouseSensitivity: 0.2
19:56:13.853 [FXGL Background Thread 3 ] DEBUG Engine               - notificationViewClass: class com.almasb.fxgl.notification.view.XboxNotificationView
19:56:13.853 [FXGL Background Thread 3 ] DEBUG Engine               - pixelsPerMeter: 50.0
19:56:13.853 [FXGL Background Thread 3 ] DEBUG Engine               - platform: WINDOWS
19:56:13.853 [FXGL Background Thread 3 ] DEBUG Engine               - prefHeightProperty: ReadOnlyDoubleProperty [value: 600.0]
19:56:13.853 [FXGL Background Thread 3 ] DEBUG Engine               - prefWidthProperty: ReadOnlyDoubleProperty [value: 800.0]
19:56:13.854 [FXGL Background Thread 3 ] DEBUG Engine               - profileDir: profiles/
19:56:13.854 [FXGL Background Thread 3 ] DEBUG Engine               - profileName: StringProperty [value: DEFAULT]
19:56:13.854 [FXGL Background Thread 3 ] DEBUG Engine               - randomSeed: -1
19:56:13.854 [FXGL Background Thread 3 ] DEBUG Engine               - runtimeInfo: RuntimeInfo(platform=WINDOWS, version=21.1, build=27.03.2024 07.52)
19:56:13.854 [FXGL Background Thread 3 ] DEBUG Engine               - saveFileExt: sav
19:56:13.854 [FXGL Background Thread 3 ] DEBUG Engine               - scaledHeightProp$fxgl: DoubleProperty [bound, value: 600.0]
19:56:13.854 [FXGL Background Thread 3 ] DEBUG Engine               - scaledWidthProp$fxgl: DoubleProperty [bound, value: 800.0]
19:56:13.854 [FXGL Background Thread 3 ] DEBUG Engine               - sceneFactory: com.almasb.fxgl.app.scene.SceneFactory@41f92231
19:56:13.854 [FXGL Background Thread 3 ] DEBUG Engine               - secondsIn24h: 60
19:56:13.855 [FXGL Background Thread 3 ] DEBUG Engine               - soundMenuBack: menu/back.wav
19:56:13.855 [FXGL Background Thread 3 ] DEBUG Engine               - soundMenuPress: menu/press.wav
19:56:13.855 [FXGL Background Thread 3 ] DEBUG Engine               - soundMenuSelect: menu/select.wav
19:56:13.855 [FXGL Background Thread 3 ] DEBUG Engine               - soundNotification: core/notification.wav
19:56:13.855 [FXGL Background Thread 3 ] DEBUG Engine               - stageStyle: DECORATED
19:56:13.855 [FXGL Background Thread 3 ] DEBUG Engine               - supportedLanguages: [ENGLISH, FRENCH, GERMAN, HUNGARIAN, RUSSIAN]
19:56:13.855 [FXGL Background Thread 3 ] DEBUG Engine               - ticksPerSecond: -1
19:56:13.855 [FXGL Background Thread 3 ] DEBUG Engine               - title: Owl's Blood
19:56:13.855 [FXGL Background Thread 3 ] DEBUG Engine               - urlGithub: https://github.com/AlmasB/FXGL
19:56:13.855 [FXGL Background Thread 3 ] DEBUG Engine               - urlLeaderboard: http://fxgl-top.herokuapp.com/
19:56:13.855 [FXGL Background Thread 3 ] DEBUG Engine               - urlPOM: https://raw.githubusercontent.com/AlmasB/FXGL/release/README.md
19:56:13.855 [FXGL Background Thread 3 ] DEBUG Engine               - userAppClass: class untitled4.GameApp
19:56:13.856 [FXGL Background Thread 3 ] DEBUG Engine               - version: 0.1
19:56:13.856 [FXGL Background Thread 3 ] DEBUG Engine               - versionCheckDays: 7
19:56:13.856 [FXGL Background Thread 3 ] DEBUG Engine               - width: 800
19:56:13.856 [FXGL Background Thread 3 ] DEBUG Engine               - Logging services
19:56:13.856 [FXGL Background Thread 3 ] DEBUG Engine               - class com.almasb.fxgl.app.services.FXGLAssetLoaderService
19:56:13.856 [FXGL Background Thread 3 ] DEBUG Engine               - class com.almasb.fxgl.app.FXGLApplication$GameApplicationService
19:56:13.856 [FXGL Background Thread 3 ] DEBUG Engine               - class com.almasb.fxgl.app.services.FXGLDialogService
19:56:13.856 [FXGL Background Thread 3 ] DEBUG Engine               - class com.almasb.fxgl.app.services.IOTaskExecutorService
19:56:13.857 [FXGL Background Thread 3 ] DEBUG Engine               - class com.almasb.fxgl.io.FileSystemService
19:56:13.857 [FXGL Background Thread 3 ] DEBUG Engine               - class com.almasb.fxgl.localization.LocalizationService
19:56:13.857 [FXGL Background Thread 3 ] DEBUG Engine               - class com.almasb.fxgl.app.services.SystemBundleService
19:56:13.857 [FXGL Background Thread 3 ] DEBUG Engine               - class com.almasb.fxgl.profile.SaveLoadService
19:56:13.857 [FXGL Background Thread 3 ] DEBUG Engine               - class com.almasb.fxgl.ui.FXGLUIFactoryServiceProvider
19:56:13.857 [FXGL Background Thread 3 ] DEBUG Engine               - class com.almasb.fxgl.ui.FXGLDialogFactoryServiceProvider
19:56:13.857 [FXGL Background Thread 3 ] DEBUG Engine               - class com.almasb.fxgl.audio.AudioPlayer
19:56:13.857 [FXGL Background Thread 3 ] DEBUG Engine               - class com.almasb.fxgl.notification.impl.NotificationServiceProvider
19:56:13.857 [FXGL Background Thread 3 ] DEBUG Engine               - class com.almasb.fxgl.achievement.AchievementService
19:56:13.857 [FXGL Background Thread 3 ] DEBUG Engine               - class com.almasb.fxgl.cutscene.CutsceneService
19:56:13.857 [FXGL Background Thread 3 ] DEBUG Engine               - class com.almasb.fxgl.minigames.MiniGameService
19:56:13.857 [FXGL Background Thread 3 ] DEBUG Engine               - class com.almasb.fxgl.net.NetService
19:56:13.857 [FXGL Background Thread 3 ] DEBUG Engine               - class com.almasb.fxgl.app.services.UpdaterService
19:56:13.858 [FXGL Background Thread 3 ] DEBUG Engine               - class com.almasb.fxgl.dev.DevService
19:56:13.868 [JavaFX Application Thread] DEBUG PrimaryStageWindow   - Push state: ErrorSubScene
19:56:13.868 [JavaFX Application Thread] DEBUG Input                - Clearing active input actions
19:56:13.873 [JavaFX Application Thread] DEBUG GameApplicationServi - Removing overlay from FXGLLoadingScene and adding to ErrorSubScene
19:56:13.874 [JavaFX Application Thread] DEBUG PrimaryStageWindow   - FXGLLoadingScene -> ErrorSubScene
19:56:17.930 [JavaFX Application Thread] DEBUG FXGLApplication      - Exiting FXGL
19:56:17.930 [JavaFX Application Thread] DEBUG Async                - Shutting down background threads
19:56:17.930 [JavaFX Application Thread] DEBUG PrimaryStageWindow   - Closing main window
19:56:17.980 [JavaFX Application Thread] DEBUG Logger               - Closing Logger
